INFO: 2025-05-04 17:42:43: PID = 82446

INFO: 2025-05-04 17:42:43: BASİT EĞİTİM MODU: Sadece 2 veri yolu, veri artırma kapalı
INFO: 2025-05-04 17:42:43: train_simple fonksiyonu başladı
INFO: 2025-05-04 17:42:43: Veri artırma devre dışı bırakıldı. Yeni konfigürasyon dosyası: ./supervised_classification/configuration_no_aug.yml
INFO: 2025-05-04 17:42:43: Konfigürasyon dosyası: ./supervised_classification/configuration_no_aug.yml
INFO: 2025-05-04 17:42:43: Checkpoint klasörü: rgb_supervised_classifier_n_2_simple
INFO: 2025-05-04 17:42:43: Sonuç klasörü: supervised_classifier_lr0.0001_simple
INFO: 2025-05-04 17:42:43: Start Model preparation.....
INFO: 2025-05-04 17:42:43: Start Train Data loading.....
INFO: 2025-05-04 17:42:43: Seed değeri: 42
INFO: 2025-05-04 17:42:43: DataGenTrain oluşturuluyor...
INFO: 2025-05-04 17:42:43: ClassifierDataLoader.__init__ başladı
INFO: 2025-05-04 17:42:43: Binary codes path: ./data/binary_templates/
INFO: 2025-05-04 17:42:43: Data paths: ['./data/original/rgb/', './data/fakes_1/paper_white/rgb/']
INFO: 2025-05-04 17:42:43: ClassifierDataLoader.__init__ tamamlandı
INFO: 2025-05-04 17:42:43: DataGenTrain.initDataSet() çağrılıyor...
INFO: 2025-05-04 17:42:43: ClassifierDataLoader.initDataSet başladı
INFO: 2025-05-04 17:42:43: __loadData fonksiyonu çağrılıyor...
INFO: 2025-05-04 17:42:43: __loadData başladı
INFO: 2025-05-04 17:42:43: Binary codes path içeriği listeleniyor: ./data/binary_templates/
INFO: 2025-05-04 17:42:43: Toplam dosya sayısı: 300
INFO: 2025-05-04 17:42:43: İlk 5 dosya: ['0001.png', '0002.png', '0003.png', '0004.png', '0005.png']
INFO: 2025-05-04 17:42:43: Seed: 42 ile indisler oluşturuluyor
INFO: 2025-05-04 17:42:43: __getIndices başladı, N=300
INFO: 2025-05-04 17:42:43: Toplam indis sayısı: 300
INFO: 2025-05-04 17:42:43: Kötü indisler çıkarılıyor: [29, 39, 104, 106, 110, 120, 130, 140, 141, 150, 174, 208, 226, 235, 244, 270, 280, 290, 300]
INFO: 2025-05-04 17:42:43: Kötü indisler çıkarıldıktan sonra indis sayısı: 281
INFO: 2025-05-04 17:42:43: train_test_split çağrılıyor...
INFO: 2025-05-04 17:42:43: train_indices: 140, test_indices: 141
INFO: 2025-05-04 17:42:43: validation için train_test_split çağrılıyor...
INFO: 2025-05-04 17:42:43: train_indices (final): 126, val_indices: 14
INFO: 2025-05-04 17:42:43: __getIndices tamamlandı
INFO: 2025-05-04 17:42:43: Eğitim indis sayısı: 126
INFO: 2025-05-04 17:42:43: Doğrulama indis sayısı: 14
INFO: 2025-05-04 17:42:43: Test indis sayısı: 141
INFO: 2025-05-04 17:42:43: Eğitim verileri yükleniyor...
INFO: 2025-05-04 17:42:43: __loadImages başladı
INFO: 2025-05-04 17:42:43: Yüklenecek indis sayısı: 126
INFO: 2025-05-04 17:42:43: Veri yolu sayısı (M): 2, İndis sayısı (N): 126
INFO: 2025-05-04 17:42:43: Toplam işlenecek görüntü sayısı: 252
INFO: 2025-05-04 17:42:43: Görüntü yükleniyor: 1/252 (%0.4)
INFO: 2025-05-04 17:42:43: Yükleniyor: ./data/original/rgb//0108.png
DEBUG: 2025-05-04 17:42:43: STREAM b'IHDR' 16 13
DEBUG: 2025-05-04 17:42:43: STREAM b'IDAT' 41 8192
DEBUG: 2025-05-04 17:42:43: STREAM b'IHDR' 16 13
DEBUG: 2025-05-04 17:42:43: STREAM b'IDAT' 41 8192
DEBUG: 2025-05-04 17:42:43: STREAM b'IHDR' 16 13
DEBUG: 2025-05-04 17:42:43: STREAM b'IDAT' 41 8192
DEBUG: 2025-05-04 17:42:43: STREAM b'IHDR' 16 13
DEBUG: 2025-05-04 17:42:43: STREAM b'IDAT' 41 8192
DEBUG: 2025-05-04 17:42:43: STREAM b'IHDR' 16 13
DEBUG: 2025-05-04 17:42:43: STREAM b'IDAT' 41 8192
DEBUG: 2025-05-04 17:42:43: STREAM b'IHDR' 16 13
DEBUG: 2025-05-04 17:42:43: STREAM b'IDAT' 41 8192
DEBUG: 2025-05-04 17:42:43: STREAM b'IHDR' 16 13
DEBUG: 2025-05-04 17:42:43: STREAM b'IDAT' 41 8192
DEBUG: 2025-05-04 17:42:43: STREAM b'IHDR' 16 13
DEBUG: 2025-05-04 17:42:43: STREAM b'IDAT' 41 8192
DEBUG: 2025-05-04 17:42:43: STREAM b'IHDR' 16 13
DEBUG: 2025-05-04 17:42:43: STREAM b'IDAT' 41 8192
DEBUG: 2025-05-04 17:42:43: STREAM b'IHDR' 16 13
DEBUG: 2025-05-04 17:42:43: STREAM b'IDAT' 41 8192
DEBUG: 2025-05-04 17:42:43: STREAM b'IHDR' 16 13
DEBUG: 2025-05-04 17:42:43: STREAM b'IDAT' 41 8192
DEBUG: 2025-05-04 17:42:43: STREAM b'IHDR' 16 13
DEBUG: 2025-05-04 17:42:43: STREAM b'IDAT' 41 8192
DEBUG: 2025-05-04 17:42:43: STREAM b'IHDR' 16 13
DEBUG: 2025-05-04 17:42:43: STREAM b'IDAT' 41 8192
DEBUG: 2025-05-04 17:42:43: STREAM b'IHDR' 16 13
DEBUG: 2025-05-04 17:42:43: STREAM b'IDAT' 41 8192
DEBUG: 2025-05-04 17:42:43: STREAM b'IHDR' 16 13
DEBUG: 2025-05-04 17:42:43: STREAM b'IDAT' 41 8192
DEBUG: 2025-05-04 17:42:43: STREAM b'IHDR' 16 13
DEBUG: 2025-05-04 17:42:43: STREAM b'IDAT' 41 8192
DEBUG: 2025-05-04 17:42:43: STREAM b'IHDR' 16 13
DEBUG: 2025-05-04 17:42:43: STREAM b'IDAT' 41 8192
DEBUG: 2025-05-04 17:42:43: STREAM b'IHDR' 16 13
DEBUG: 2025-05-04 17:42:43: STREAM b'IDAT' 41 8192
DEBUG: 2025-05-04 17:42:43: STREAM b'IHDR' 16 13
DEBUG: 2025-05-04 17:42:43: STREAM b'IDAT' 41 8192
DEBUG: 2025-05-04 17:42:43: STREAM b'IHDR' 16 13
DEBUG: 2025-05-04 17:42:43: STREAM b'IDAT' 41 8192
DEBUG: 2025-05-04 17:42:43: STREAM b'IHDR' 16 13
DEBUG: 2025-05-04 17:42:43: STREAM b'IDAT' 41 8192
DEBUG: 2025-05-04 17:42:43: STREAM b'IHDR' 16 13
DEBUG: 2025-05-04 17:42:43: STREAM b'IDAT' 41 8192
DEBUG: 2025-05-04 17:42:43: STREAM b'IHDR' 16 13
DEBUG: 2025-05-04 17:42:43: STREAM b'IDAT' 41 8192
DEBUG: 2025-05-04 17:42:43: STREAM b'IHDR' 16 13
DEBUG: 2025-05-04 17:42:43: STREAM b'IDAT' 41 8192
DEBUG: 2025-05-04 17:42:43: STREAM b'IHDR' 16 13
DEBUG: 2025-05-04 17:42:43: STREAM b'IDAT' 41 8192
DEBUG: 2025-05-04 17:42:43: STREAM b'IHDR' 16 13
DEBUG: 2025-05-04 17:42:43: STREAM b'IDAT' 41 8192
DEBUG: 2025-05-04 17:42:43: STREAM b'IHDR' 16 13
DEBUG: 2025-05-04 17:42:43: STREAM b'IDAT' 41 8192
DEBUG: 2025-05-04 17:42:43: STREAM b'IHDR' 16 13
DEBUG: 2025-05-04 17:42:43: STREAM b'IDAT' 41 8192
DEBUG: 2025-05-04 17:42:43: STREAM b'IHDR' 16 13
DEBUG: 2025-05-04 17:42:43: STREAM b'IDAT' 41 8192
DEBUG: 2025-05-04 17:42:43: STREAM b'IHDR' 16 13
DEBUG: 2025-05-04 17:42:43: STREAM b'IDAT' 41 8192
DEBUG: 2025-05-04 17:42:43: STREAM b'IHDR' 16 13
DEBUG: 2025-05-04 17:42:43: STREAM b'IDAT' 41 8192
DEBUG: 2025-05-04 17:42:43: STREAM b'IHDR' 16 13
DEBUG: 2025-05-04 17:42:43: STREAM b'IDAT' 41 8192
DEBUG: 2025-05-04 17:42:43: STREAM b'IHDR' 16 13
DEBUG: 2025-05-04 17:42:43: STREAM b'IDAT' 41 8192
DEBUG: 2025-05-04 17:42:43: STREAM b'IHDR' 16 13
DEBUG: 2025-05-04 17:42:43: STREAM b'IDAT' 41 8192
DEBUG: 2025-05-04 17:42:43: STREAM b'IHDR' 16 13
DEBUG: 2025-05-04 17:42:43: STREAM b'IDAT' 41 8192
DEBUG: 2025-05-04 17:42:43: STREAM b'IHDR' 16 13
DEBUG: 2025-05-04 17:42:43: STREAM b'IDAT' 41 8192
DEBUG: 2025-05-04 17:42:43: STREAM b'IHDR' 16 13
DEBUG: 2025-05-04 17:42:43: STREAM b'IDAT' 41 8192
DEBUG: 2025-05-04 17:42:43: STREAM b'IHDR' 16 13
DEBUG: 2025-05-04 17:42:43: STREAM b'IDAT' 41 8192
DEBUG: 2025-05-04 17:42:43: STREAM b'IHDR' 16 13
DEBUG: 2025-05-04 17:42:43: STREAM b'IDAT' 41 8192
DEBUG: 2025-05-04 17:42:43: STREAM b'IHDR' 16 13
DEBUG: 2025-05-04 17:42:43: STREAM b'IDAT' 41 8192
DEBUG: 2025-05-04 17:42:43: STREAM b'IHDR' 16 13
DEBUG: 2025-05-04 17:42:43: STREAM b'IDAT' 41 8192
DEBUG: 2025-05-04 17:42:43: STREAM b'IHDR' 16 13
DEBUG: 2025-05-04 17:42:43: STREAM b'IDAT' 41 8192
DEBUG: 2025-05-04 17:42:43: STREAM b'IHDR' 16 13
DEBUG: 2025-05-04 17:42:43: STREAM b'IDAT' 41 8192
DEBUG: 2025-05-04 17:42:43: STREAM b'IHDR' 16 13
DEBUG: 2025-05-04 17:42:43: STREAM b'IDAT' 41 8192
DEBUG: 2025-05-04 17:42:43: STREAM b'IHDR' 16 13
DEBUG: 2025-05-04 17:42:43: STREAM b'IDAT' 41 8192
DEBUG: 2025-05-04 17:42:43: STREAM b'IHDR' 16 13
DEBUG: 2025-05-04 17:42:43: STREAM b'IDAT' 41 8192
DEBUG: 2025-05-04 17:42:43: STREAM b'IHDR' 16 13
DEBUG: 2025-05-04 17:42:43: STREAM b'IDAT' 41 8192
DEBUG: 2025-05-04 17:42:43: STREAM b'IHDR' 16 13
DEBUG: 2025-05-04 17:42:43: STREAM b'IDAT' 41 8192
INFO: 2025-05-04 17:42:43: Görüntü yükleniyor: 25/252 (%9.9)
INFO: 2025-05-04 17:42:43: Yükleniyor: ./data/original/rgb//0202.png
DEBUG: 2025-05-04 17:42:43: STREAM b'IHDR' 16 13
DEBUG: 2025-05-04 17:42:43: STREAM b'IDAT' 41 8192
DEBUG: 2025-05-04 17:42:43: STREAM b'IHDR' 16 13
DEBUG: 2025-05-04 17:42:43: STREAM b'IDAT' 41 8192
DEBUG: 2025-05-04 17:42:43: STREAM b'IHDR' 16 13
DEBUG: 2025-05-04 17:42:43: STREAM b'IDAT' 41 8192
DEBUG: 2025-05-04 17:42:43: STREAM b'IHDR' 16 13
DEBUG: 2025-05-04 17:42:43: STREAM b'IDAT' 41 8192
DEBUG: 2025-05-04 17:42:43: STREAM b'IHDR' 16 13
DEBUG: 2025-05-04 17:42:43: STREAM b'IDAT' 41 8192
DEBUG: 2025-05-04 17:42:43: STREAM b'IHDR' 16 13
DEBUG: 2025-05-04 17:42:43: STREAM b'IDAT' 41 8192
DEBUG: 2025-05-04 17:42:43: STREAM b'IHDR' 16 13
DEBUG: 2025-05-04 17:42:43: STREAM b'IDAT' 41 8192
DEBUG: 2025-05-04 17:42:43: STREAM b'IHDR' 16 13
DEBUG: 2025-05-04 17:42:43: STREAM b'IDAT' 41 8192
DEBUG: 2025-05-04 17:42:43: STREAM b'IHDR' 16 13
DEBUG: 2025-05-04 17:42:43: STREAM b'IDAT' 41 8192
DEBUG: 2025-05-04 17:42:43: STREAM b'IHDR' 16 13
DEBUG: 2025-05-04 17:42:43: STREAM b'IDAT' 41 8192
DEBUG: 2025-05-04 17:42:43: STREAM b'IHDR' 16 13
DEBUG: 2025-05-04 17:42:43: STREAM b'IDAT' 41 8192
DEBUG: 2025-05-04 17:42:43: STREAM b'IHDR' 16 13
DEBUG: 2025-05-04 17:42:43: STREAM b'IDAT' 41 8192
DEBUG: 2025-05-04 17:42:43: STREAM b'IHDR' 16 13
DEBUG: 2025-05-04 17:42:43: STREAM b'IDAT' 41 8192
DEBUG: 2025-05-04 17:42:43: STREAM b'IHDR' 16 13
DEBUG: 2025-05-04 17:42:43: STREAM b'IDAT' 41 8192
DEBUG: 2025-05-04 17:42:43: STREAM b'IHDR' 16 13
DEBUG: 2025-05-04 17:42:43: STREAM b'IDAT' 41 8192
DEBUG: 2025-05-04 17:42:43: STREAM b'IHDR' 16 13
DEBUG: 2025-05-04 17:42:43: STREAM b'IDAT' 41 8192
DEBUG: 2025-05-04 17:42:43: STREAM b'IHDR' 16 13
DEBUG: 2025-05-04 17:42:43: STREAM b'IDAT' 41 8192
DEBUG: 2025-05-04 17:42:43: STREAM b'IHDR' 16 13
DEBUG: 2025-05-04 17:42:43: STREAM b'IDAT' 41 8192
DEBUG: 2025-05-04 17:42:43: STREAM b'IHDR' 16 13
DEBUG: 2025-05-04 17:42:43: STREAM b'IDAT' 41 8192
DEBUG: 2025-05-04 17:42:43: STREAM b'IHDR' 16 13
DEBUG: 2025-05-04 17:42:43: STREAM b'IDAT' 41 8192
DEBUG: 2025-05-04 17:42:43: STREAM b'IHDR' 16 13
DEBUG: 2025-05-04 17:42:43: STREAM b'IDAT' 41 8192
DEBUG: 2025-05-04 17:42:43: STREAM b'IHDR' 16 13
DEBUG: 2025-05-04 17:42:43: STREAM b'IDAT' 41 8192
DEBUG: 2025-05-04 17:42:43: STREAM b'IHDR' 16 13
DEBUG: 2025-05-04 17:42:43: STREAM b'IDAT' 41 8192
DEBUG: 2025-05-04 17:42:43: STREAM b'IHDR' 16 13
DEBUG: 2025-05-04 17:42:43: STREAM b'IDAT' 41 8192
DEBUG: 2025-05-04 17:42:43: STREAM b'IHDR' 16 13
DEBUG: 2025-05-04 17:42:43: STREAM b'IDAT' 41 8192
DEBUG: 2025-05-04 17:42:43: STREAM b'IHDR' 16 13
DEBUG: 2025-05-04 17:42:43: STREAM b'IDAT' 41 8192
DEBUG: 2025-05-04 17:42:43: STREAM b'IHDR' 16 13
DEBUG: 2025-05-04 17:42:43: STREAM b'IDAT' 41 8192
DEBUG: 2025-05-04 17:42:43: STREAM b'IHDR' 16 13
DEBUG: 2025-05-04 17:42:43: STREAM b'IDAT' 41 8192
DEBUG: 2025-05-04 17:42:43: STREAM b'IHDR' 16 13
DEBUG: 2025-05-04 17:42:43: STREAM b'IDAT' 41 8192
DEBUG: 2025-05-04 17:42:43: STREAM b'IHDR' 16 13
DEBUG: 2025-05-04 17:42:43: STREAM b'IDAT' 41 8192
DEBUG: 2025-05-04 17:42:43: STREAM b'IHDR' 16 13
DEBUG: 2025-05-04 17:42:43: STREAM b'IDAT' 41 8192
DEBUG: 2025-05-04 17:42:43: STREAM b'IHDR' 16 13
DEBUG: 2025-05-04 17:42:43: STREAM b'IDAT' 41 8192
DEBUG: 2025-05-04 17:42:43: STREAM b'IHDR' 16 13
DEBUG: 2025-05-04 17:42:43: STREAM b'IDAT' 41 8192
DEBUG: 2025-05-04 17:42:43: STREAM b'IHDR' 16 13
DEBUG: 2025-05-04 17:42:43: STREAM b'IDAT' 41 8192
DEBUG: 2025-05-04 17:42:43: STREAM b'IHDR' 16 13
DEBUG: 2025-05-04 17:42:43: STREAM b'IDAT' 41 8192
DEBUG: 2025-05-04 17:42:43: STREAM b'IHDR' 16 13
DEBUG: 2025-05-04 17:42:43: STREAM b'IDAT' 41 8192
DEBUG: 2025-05-04 17:42:43: STREAM b'IHDR' 16 13
DEBUG: 2025-05-04 17:42:43: STREAM b'IDAT' 41 8192
DEBUG: 2025-05-04 17:42:43: STREAM b'IHDR' 16 13
DEBUG: 2025-05-04 17:42:43: STREAM b'IDAT' 41 8192
DEBUG: 2025-05-04 17:42:43: STREAM b'IHDR' 16 13
DEBUG: 2025-05-04 17:42:43: STREAM b'IDAT' 41 8192
DEBUG: 2025-05-04 17:42:43: STREAM b'IHDR' 16 13
DEBUG: 2025-05-04 17:42:43: STREAM b'IDAT' 41 8192
DEBUG: 2025-05-04 17:42:43: STREAM b'IHDR' 16 13
DEBUG: 2025-05-04 17:42:43: STREAM b'IDAT' 41 8192
DEBUG: 2025-05-04 17:42:43: STREAM b'IHDR' 16 13
DEBUG: 2025-05-04 17:42:43: STREAM b'IDAT' 41 8192
DEBUG: 2025-05-04 17:42:44: STREAM b'IHDR' 16 13
DEBUG: 2025-05-04 17:42:44: STREAM b'IDAT' 41 8192
DEBUG: 2025-05-04 17:42:44: STREAM b'IHDR' 16 13
DEBUG: 2025-05-04 17:42:44: STREAM b'IDAT' 41 8192
DEBUG: 2025-05-04 17:42:44: STREAM b'IHDR' 16 13
DEBUG: 2025-05-04 17:42:44: STREAM b'IDAT' 41 8192
DEBUG: 2025-05-04 17:42:44: STREAM b'IHDR' 16 13
DEBUG: 2025-05-04 17:42:44: STREAM b'IDAT' 41 8192
DEBUG: 2025-05-04 17:42:44: STREAM b'IHDR' 16 13
DEBUG: 2025-05-04 17:42:44: STREAM b'IDAT' 41 8192
DEBUG: 2025-05-04 17:42:44: STREAM b'IHDR' 16 13
DEBUG: 2025-05-04 17:42:44: STREAM b'IDAT' 41 8192
DEBUG: 2025-05-04 17:42:44: STREAM b'IHDR' 16 13
DEBUG: 2025-05-04 17:42:44: STREAM b'IDAT' 41 8192
DEBUG: 2025-05-04 17:42:44: STREAM b'IHDR' 16 13
DEBUG: 2025-05-04 17:42:44: STREAM b'IDAT' 41 8192
INFO: 2025-05-04 17:42:44: Görüntü yükleniyor: 50/252 (%19.8)
INFO: 2025-05-04 17:42:44: Yükleniyor: ./data/fakes_1/paper_white/rgb//0018.png
DEBUG: 2025-05-04 17:42:44: STREAM b'IHDR' 16 13
DEBUG: 2025-05-04 17:42:44: STREAM b'IDAT' 41 8192
DEBUG: 2025-05-04 17:42:44: STREAM b'IHDR' 16 13
DEBUG: 2025-05-04 17:42:44: STREAM b'IDAT' 41 8192
DEBUG: 2025-05-04 17:42:44: STREAM b'IHDR' 16 13
DEBUG: 2025-05-04 17:42:44: STREAM b'IDAT' 41 8192
DEBUG: 2025-05-04 17:42:44: STREAM b'IHDR' 16 13
DEBUG: 2025-05-04 17:42:44: STREAM b'IDAT' 41 8192
DEBUG: 2025-05-04 17:42:44: STREAM b'IHDR' 16 13
DEBUG: 2025-05-04 17:42:44: STREAM b'IDAT' 41 8192
DEBUG: 2025-05-04 17:42:44: STREAM b'IHDR' 16 13
DEBUG: 2025-05-04 17:42:44: STREAM b'IDAT' 41 8192
DEBUG: 2025-05-04 17:42:44: STREAM b'IHDR' 16 13
DEBUG: 2025-05-04 17:42:44: STREAM b'IDAT' 41 8192
DEBUG: 2025-05-04 17:42:44: STREAM b'IHDR' 16 13
DEBUG: 2025-05-04 17:42:44: STREAM b'IDAT' 41 8192
DEBUG: 2025-05-04 17:42:44: STREAM b'IHDR' 16 13
DEBUG: 2025-05-04 17:42:44: STREAM b'IDAT' 41 8192
DEBUG: 2025-05-04 17:42:44: STREAM b'IHDR' 16 13
DEBUG: 2025-05-04 17:42:44: STREAM b'IDAT' 41 8192
DEBUG: 2025-05-04 17:42:44: STREAM b'IHDR' 16 13
DEBUG: 2025-05-04 17:42:44: STREAM b'IDAT' 41 8192
DEBUG: 2025-05-04 17:42:44: STREAM b'IHDR' 16 13
DEBUG: 2025-05-04 17:42:44: STREAM b'IDAT' 41 8192
DEBUG: 2025-05-04 17:42:44: STREAM b'IHDR' 16 13
DEBUG: 2025-05-04 17:42:44: STREAM b'IDAT' 41 8192
DEBUG: 2025-05-04 17:42:44: STREAM b'IHDR' 16 13
DEBUG: 2025-05-04 17:42:44: STREAM b'IDAT' 41 8192
DEBUG: 2025-05-04 17:42:44: STREAM b'IHDR' 16 13
DEBUG: 2025-05-04 17:42:44: STREAM b'IDAT' 41 8192
DEBUG: 2025-05-04 17:42:44: STREAM b'IHDR' 16 13
DEBUG: 2025-05-04 17:42:44: STREAM b'IDAT' 41 8192
DEBUG: 2025-05-04 17:42:44: STREAM b'IHDR' 16 13
DEBUG: 2025-05-04 17:42:44: STREAM b'IDAT' 41 8192
DEBUG: 2025-05-04 17:42:44: STREAM b'IHDR' 16 13
DEBUG: 2025-05-04 17:42:44: STREAM b'IDAT' 41 8192
DEBUG: 2025-05-04 17:42:44: STREAM b'IHDR' 16 13
DEBUG: 2025-05-04 17:42:44: STREAM b'IDAT' 41 8192
DEBUG: 2025-05-04 17:42:44: STREAM b'IHDR' 16 13
DEBUG: 2025-05-04 17:42:44: STREAM b'IDAT' 41 8192
DEBUG: 2025-05-04 17:42:44: STREAM b'IHDR' 16 13
DEBUG: 2025-05-04 17:42:44: STREAM b'IDAT' 41 8192
DEBUG: 2025-05-04 17:42:44: STREAM b'IHDR' 16 13
DEBUG: 2025-05-04 17:42:44: STREAM b'IDAT' 41 8192
DEBUG: 2025-05-04 17:42:44: STREAM b'IHDR' 16 13
DEBUG: 2025-05-04 17:42:44: STREAM b'IDAT' 41 8192
DEBUG: 2025-05-04 17:42:44: STREAM b'IHDR' 16 13
DEBUG: 2025-05-04 17:42:44: STREAM b'IDAT' 41 8192
DEBUG: 2025-05-04 17:42:44: STREAM b'IHDR' 16 13
DEBUG: 2025-05-04 17:42:44: STREAM b'IDAT' 41 8192
DEBUG: 2025-05-04 17:42:44: STREAM b'IHDR' 16 13
DEBUG: 2025-05-04 17:42:44: STREAM b'IDAT' 41 8192
DEBUG: 2025-05-04 17:42:44: STREAM b'IHDR' 16 13
DEBUG: 2025-05-04 17:42:44: STREAM b'IDAT' 41 8192
DEBUG: 2025-05-04 17:42:44: STREAM b'IHDR' 16 13
DEBUG: 2025-05-04 17:42:44: STREAM b'IDAT' 41 8192
DEBUG: 2025-05-04 17:42:44: STREAM b'IHDR' 16 13
DEBUG: 2025-05-04 17:42:44: STREAM b'IDAT' 41 8192
DEBUG: 2025-05-04 17:42:44: STREAM b'IHDR' 16 13
DEBUG: 2025-05-04 17:42:44: STREAM b'IDAT' 41 8192
DEBUG: 2025-05-04 17:42:44: STREAM b'IHDR' 16 13
DEBUG: 2025-05-04 17:42:44: STREAM b'IDAT' 41 8192
DEBUG: 2025-05-04 17:42:44: STREAM b'IHDR' 16 13
DEBUG: 2025-05-04 17:42:44: STREAM b'IDAT' 41 8192
DEBUG: 2025-05-04 17:42:44: STREAM b'IHDR' 16 13
DEBUG: 2025-05-04 17:42:44: STREAM b'IDAT' 41 8192
DEBUG: 2025-05-04 17:42:44: STREAM b'IHDR' 16 13
DEBUG: 2025-05-04 17:42:44: STREAM b'IDAT' 41 8192
DEBUG: 2025-05-04 17:42:44: STREAM b'IHDR' 16 13
DEBUG: 2025-05-04 17:42:44: STREAM b'IDAT' 41 8192
DEBUG: 2025-05-04 17:42:44: STREAM b'IHDR' 16 13
DEBUG: 2025-05-04 17:42:44: STREAM b'IDAT' 41 8192
DEBUG: 2025-05-04 17:42:44: STREAM b'IHDR' 16 13
DEBUG: 2025-05-04 17:42:44: STREAM b'IDAT' 41 8192
DEBUG: 2025-05-04 17:42:44: STREAM b'IHDR' 16 13
DEBUG: 2025-05-04 17:42:44: STREAM b'IDAT' 41 8192
DEBUG: 2025-05-04 17:42:44: STREAM b'IHDR' 16 13
DEBUG: 2025-05-04 17:42:44: STREAM b'IDAT' 41 8192
DEBUG: 2025-05-04 17:42:44: STREAM b'IHDR' 16 13
DEBUG: 2025-05-04 17:42:44: STREAM b'IDAT' 41 8192
DEBUG: 2025-05-04 17:42:44: STREAM b'IHDR' 16 13
DEBUG: 2025-05-04 17:42:44: STREAM b'IDAT' 41 8192
DEBUG: 2025-05-04 17:42:44: STREAM b'IHDR' 16 13
DEBUG: 2025-05-04 17:42:44: STREAM b'IDAT' 41 8192
DEBUG: 2025-05-04 17:42:44: STREAM b'IHDR' 16 13
DEBUG: 2025-05-04 17:42:44: STREAM b'IDAT' 41 8192
DEBUG: 2025-05-04 17:42:44: STREAM b'IHDR' 16 13
DEBUG: 2025-05-04 17:42:44: STREAM b'IDAT' 41 8192
DEBUG: 2025-05-04 17:42:44: STREAM b'IHDR' 16 13
DEBUG: 2025-05-04 17:42:44: STREAM b'IDAT' 41 8192
DEBUG: 2025-05-04 17:42:44: STREAM b'IHDR' 16 13
DEBUG: 2025-05-04 17:42:44: STREAM b'IDAT' 41 8192
DEBUG: 2025-05-04 17:42:44: STREAM b'IHDR' 16 13
DEBUG: 2025-05-04 17:42:44: STREAM b'IDAT' 41 8192
DEBUG: 2025-05-04 17:42:44: STREAM b'IHDR' 16 13
DEBUG: 2025-05-04 17:42:44: STREAM b'IDAT' 41 8192
DEBUG: 2025-05-04 17:42:44: STREAM b'IHDR' 16 13
DEBUG: 2025-05-04 17:42:44: STREAM b'IDAT' 41 8192
DEBUG: 2025-05-04 17:42:44: STREAM b'IHDR' 16 13
DEBUG: 2025-05-04 17:42:44: STREAM b'IDAT' 41 8192
INFO: 2025-05-04 17:42:44: Görüntü yükleniyor: 75/252 (%29.8)
INFO: 2025-05-04 17:42:44: Yükleniyor: ./data/original/rgb//0043.png
DEBUG: 2025-05-04 17:42:44: STREAM b'IHDR' 16 13
DEBUG: 2025-05-04 17:42:44: STREAM b'IDAT' 41 8192
DEBUG: 2025-05-04 17:42:44: STREAM b'IHDR' 16 13
DEBUG: 2025-05-04 17:42:44: STREAM b'IDAT' 41 8192
DEBUG: 2025-05-04 17:42:44: STREAM b'IHDR' 16 13
DEBUG: 2025-05-04 17:42:44: STREAM b'IDAT' 41 8192
DEBUG: 2025-05-04 17:42:44: STREAM b'IHDR' 16 13
DEBUG: 2025-05-04 17:42:44: STREAM b'IDAT' 41 8192
DEBUG: 2025-05-04 17:42:44: STREAM b'IHDR' 16 13
DEBUG: 2025-05-04 17:42:44: STREAM b'IDAT' 41 8192
DEBUG: 2025-05-04 17:42:44: STREAM b'IHDR' 16 13
DEBUG: 2025-05-04 17:42:44: STREAM b'IDAT' 41 8192
DEBUG: 2025-05-04 17:42:44: STREAM b'IHDR' 16 13
DEBUG: 2025-05-04 17:42:44: STREAM b'IDAT' 41 8192
DEBUG: 2025-05-04 17:42:44: STREAM b'IHDR' 16 13
DEBUG: 2025-05-04 17:42:44: STREAM b'IDAT' 41 8192
DEBUG: 2025-05-04 17:42:44: STREAM b'IHDR' 16 13
DEBUG: 2025-05-04 17:42:44: STREAM b'IDAT' 41 8192
DEBUG: 2025-05-04 17:42:44: STREAM b'IHDR' 16 13
DEBUG: 2025-05-04 17:42:44: STREAM b'IDAT' 41 8192
DEBUG: 2025-05-04 17:42:44: STREAM b'IHDR' 16 13
DEBUG: 2025-05-04 17:42:44: STREAM b'IDAT' 41 8192
DEBUG: 2025-05-04 17:42:44: STREAM b'IHDR' 16 13
DEBUG: 2025-05-04 17:42:44: STREAM b'IDAT' 41 8192
DEBUG: 2025-05-04 17:42:44: STREAM b'IHDR' 16 13
DEBUG: 2025-05-04 17:42:44: STREAM b'IDAT' 41 8192
DEBUG: 2025-05-04 17:42:44: STREAM b'IHDR' 16 13
DEBUG: 2025-05-04 17:42:44: STREAM b'IDAT' 41 8192
DEBUG: 2025-05-04 17:42:44: STREAM b'IHDR' 16 13
DEBUG: 2025-05-04 17:42:44: STREAM b'IDAT' 41 8192
DEBUG: 2025-05-04 17:42:44: STREAM b'IHDR' 16 13
DEBUG: 2025-05-04 17:42:44: STREAM b'IDAT' 41 8192
DEBUG: 2025-05-04 17:42:44: STREAM b'IHDR' 16 13
DEBUG: 2025-05-04 17:42:44: STREAM b'IDAT' 41 8192
DEBUG: 2025-05-04 17:42:44: STREAM b'IHDR' 16 13
DEBUG: 2025-05-04 17:42:44: STREAM b'IDAT' 41 8192
DEBUG: 2025-05-04 17:42:44: STREAM b'IHDR' 16 13
DEBUG: 2025-05-04 17:42:44: STREAM b'IDAT' 41 8192
DEBUG: 2025-05-04 17:42:44: STREAM b'IHDR' 16 13
DEBUG: 2025-05-04 17:42:44: STREAM b'IDAT' 41 8192
DEBUG: 2025-05-04 17:42:44: STREAM b'IHDR' 16 13
DEBUG: 2025-05-04 17:42:44: STREAM b'IDAT' 41 8192
DEBUG: 2025-05-04 17:42:44: STREAM b'IHDR' 16 13
DEBUG: 2025-05-04 17:42:44: STREAM b'IDAT' 41 8192
DEBUG: 2025-05-04 17:42:44: STREAM b'IHDR' 16 13
DEBUG: 2025-05-04 17:42:44: STREAM b'IDAT' 41 8192
DEBUG: 2025-05-04 17:42:44: STREAM b'IHDR' 16 13
DEBUG: 2025-05-04 17:42:44: STREAM b'IDAT' 41 8192
DEBUG: 2025-05-04 17:42:44: STREAM b'IHDR' 16 13
DEBUG: 2025-05-04 17:42:44: STREAM b'IDAT' 41 8192
DEBUG: 2025-05-04 17:42:44: STREAM b'IHDR' 16 13
DEBUG: 2025-05-04 17:42:44: STREAM b'IDAT' 41 8192
DEBUG: 2025-05-04 17:42:44: STREAM b'IHDR' 16 13
DEBUG: 2025-05-04 17:42:44: STREAM b'IDAT' 41 8192
DEBUG: 2025-05-04 17:42:44: STREAM b'IHDR' 16 13
DEBUG: 2025-05-04 17:42:44: STREAM b'IDAT' 41 8192
DEBUG: 2025-05-04 17:42:44: STREAM b'IHDR' 16 13
DEBUG: 2025-05-04 17:42:44: STREAM b'IDAT' 41 8192
DEBUG: 2025-05-04 17:42:44: STREAM b'IHDR' 16 13
DEBUG: 2025-05-04 17:42:44: STREAM b'IDAT' 41 8192
DEBUG: 2025-05-04 17:42:44: STREAM b'IHDR' 16 13
DEBUG: 2025-05-04 17:42:44: STREAM b'IDAT' 41 8192
DEBUG: 2025-05-04 17:42:44: STREAM b'IHDR' 16 13
DEBUG: 2025-05-04 17:42:44: STREAM b'IDAT' 41 8192
DEBUG: 2025-05-04 17:42:44: STREAM b'IHDR' 16 13
DEBUG: 2025-05-04 17:42:44: STREAM b'IDAT' 41 8192
DEBUG: 2025-05-04 17:42:44: STREAM b'IHDR' 16 13
DEBUG: 2025-05-04 17:42:44: STREAM b'IDAT' 41 8192
DEBUG: 2025-05-04 17:42:44: STREAM b'IHDR' 16 13
DEBUG: 2025-05-04 17:42:44: STREAM b'IDAT' 41 8192
DEBUG: 2025-05-04 17:42:44: STREAM b'IHDR' 16 13
DEBUG: 2025-05-04 17:42:44: STREAM b'IDAT' 41 8192
DEBUG: 2025-05-04 17:42:44: STREAM b'IHDR' 16 13
DEBUG: 2025-05-04 17:42:44: STREAM b'IDAT' 41 8192
DEBUG: 2025-05-04 17:42:44: STREAM b'IHDR' 16 13
DEBUG: 2025-05-04 17:42:44: STREAM b'IDAT' 41 8192
DEBUG: 2025-05-04 17:42:44: STREAM b'IHDR' 16 13
DEBUG: 2025-05-04 17:42:44: STREAM b'IDAT' 41 8192
DEBUG: 2025-05-04 17:42:44: STREAM b'IHDR' 16 13
DEBUG: 2025-05-04 17:42:44: STREAM b'IDAT' 41 8192
DEBUG: 2025-05-04 17:42:44: STREAM b'IHDR' 16 13
DEBUG: 2025-05-04 17:42:44: STREAM b'IDAT' 41 8192
DEBUG: 2025-05-04 17:42:44: STREAM b'IHDR' 16 13
DEBUG: 2025-05-04 17:42:44: STREAM b'IDAT' 41 8192
DEBUG: 2025-05-04 17:42:44: STREAM b'IHDR' 16 13
DEBUG: 2025-05-04 17:42:44: STREAM b'IDAT' 41 8192
DEBUG: 2025-05-04 17:42:44: STREAM b'IHDR' 16 13
DEBUG: 2025-05-04 17:42:44: STREAM b'IDAT' 41 8192
DEBUG: 2025-05-04 17:42:44: STREAM b'IHDR' 16 13
DEBUG: 2025-05-04 17:42:44: STREAM b'IDAT' 41 8192
DEBUG: 2025-05-04 17:42:44: STREAM b'IHDR' 16 13
DEBUG: 2025-05-04 17:42:44: STREAM b'IDAT' 41 8192
DEBUG: 2025-05-04 17:42:44: STREAM b'IHDR' 16 13
DEBUG: 2025-05-04 17:42:44: STREAM b'IDAT' 41 8192
DEBUG: 2025-05-04 17:42:44: STREAM b'IHDR' 16 13
DEBUG: 2025-05-04 17:42:44: STREAM b'IDAT' 41 8192
DEBUG: 2025-05-04 17:42:44: STREAM b'IHDR' 16 13
DEBUG: 2025-05-04 17:42:44: STREAM b'IDAT' 41 8192
DEBUG: 2025-05-04 17:42:44: STREAM b'IHDR' 16 13
DEBUG: 2025-05-04 17:42:44: STREAM b'IDAT' 41 8192
INFO: 2025-05-04 17:42:44: Görüntü yükleniyor: 100/252 (%39.7)
INFO: 2025-05-04 17:42:44: Yükleniyor: ./data/fakes_1/paper_white/rgb//0145.png
DEBUG: 2025-05-04 17:42:44: STREAM b'IHDR' 16 13
DEBUG: 2025-05-04 17:42:44: STREAM b'IDAT' 41 8192
DEBUG: 2025-05-04 17:42:44: STREAM b'IHDR' 16 13
DEBUG: 2025-05-04 17:42:44: STREAM b'IDAT' 41 8192
DEBUG: 2025-05-04 17:42:44: STREAM b'IHDR' 16 13
DEBUG: 2025-05-04 17:42:44: STREAM b'IDAT' 41 8192
DEBUG: 2025-05-04 17:42:44: STREAM b'IHDR' 16 13
DEBUG: 2025-05-04 17:42:44: STREAM b'IDAT' 41 8192
DEBUG: 2025-05-04 17:42:44: STREAM b'IHDR' 16 13
DEBUG: 2025-05-04 17:42:44: STREAM b'IDAT' 41 8192
DEBUG: 2025-05-04 17:42:44: STREAM b'IHDR' 16 13
DEBUG: 2025-05-04 17:42:44: STREAM b'IDAT' 41 8192
DEBUG: 2025-05-04 17:42:44: STREAM b'IHDR' 16 13
DEBUG: 2025-05-04 17:42:44: STREAM b'IDAT' 41 8192
DEBUG: 2025-05-04 17:42:44: STREAM b'IHDR' 16 13
DEBUG: 2025-05-04 17:42:44: STREAM b'IDAT' 41 8192
DEBUG: 2025-05-04 17:42:44: STREAM b'IHDR' 16 13
DEBUG: 2025-05-04 17:42:44: STREAM b'IDAT' 41 8192
DEBUG: 2025-05-04 17:42:44: STREAM b'IHDR' 16 13
DEBUG: 2025-05-04 17:42:44: STREAM b'IDAT' 41 8192
DEBUG: 2025-05-04 17:42:44: STREAM b'IHDR' 16 13
DEBUG: 2025-05-04 17:42:44: STREAM b'IDAT' 41 8192
DEBUG: 2025-05-04 17:42:44: STREAM b'IHDR' 16 13
DEBUG: 2025-05-04 17:42:44: STREAM b'IDAT' 41 8192
DEBUG: 2025-05-04 17:42:44: STREAM b'IHDR' 16 13
DEBUG: 2025-05-04 17:42:44: STREAM b'IDAT' 41 8192
DEBUG: 2025-05-04 17:42:44: STREAM b'IHDR' 16 13
DEBUG: 2025-05-04 17:42:44: STREAM b'IDAT' 41 8192
DEBUG: 2025-05-04 17:42:44: STREAM b'IHDR' 16 13
DEBUG: 2025-05-04 17:42:44: STREAM b'IDAT' 41 8192
DEBUG: 2025-05-04 17:42:44: STREAM b'IHDR' 16 13
DEBUG: 2025-05-04 17:42:44: STREAM b'IDAT' 41 8192
DEBUG: 2025-05-04 17:42:44: STREAM b'IHDR' 16 13
DEBUG: 2025-05-04 17:42:44: STREAM b'IDAT' 41 8192
DEBUG: 2025-05-04 17:42:44: STREAM b'IHDR' 16 13
DEBUG: 2025-05-04 17:42:44: STREAM b'IDAT' 41 8192
DEBUG: 2025-05-04 17:42:44: STREAM b'IHDR' 16 13
DEBUG: 2025-05-04 17:42:44: STREAM b'IDAT' 41 8192
DEBUG: 2025-05-04 17:42:44: STREAM b'IHDR' 16 13
DEBUG: 2025-05-04 17:42:44: STREAM b'IDAT' 41 8192
DEBUG: 2025-05-04 17:42:44: STREAM b'IHDR' 16 13
DEBUG: 2025-05-04 17:42:44: STREAM b'IDAT' 41 8192
DEBUG: 2025-05-04 17:42:44: STREAM b'IHDR' 16 13
DEBUG: 2025-05-04 17:42:44: STREAM b'IDAT' 41 8192
DEBUG: 2025-05-04 17:42:44: STREAM b'IHDR' 16 13
DEBUG: 2025-05-04 17:42:44: STREAM b'IDAT' 41 8192
DEBUG: 2025-05-04 17:42:44: STREAM b'IHDR' 16 13
DEBUG: 2025-05-04 17:42:44: STREAM b'IDAT' 41 8192
DEBUG: 2025-05-04 17:42:44: STREAM b'IHDR' 16 13
DEBUG: 2025-05-04 17:42:44: STREAM b'IDAT' 41 8192
DEBUG: 2025-05-04 17:42:44: STREAM b'IHDR' 16 13
DEBUG: 2025-05-04 17:42:44: STREAM b'IDAT' 41 8192
DEBUG: 2025-05-04 17:42:44: STREAM b'IHDR' 16 13
DEBUG: 2025-05-04 17:42:44: STREAM b'IDAT' 41 8192
DEBUG: 2025-05-04 17:42:44: STREAM b'IHDR' 16 13
DEBUG: 2025-05-04 17:42:44: STREAM b'IDAT' 41 8192
DEBUG: 2025-05-04 17:42:44: STREAM b'IHDR' 16 13
DEBUG: 2025-05-04 17:42:44: STREAM b'IDAT' 41 8192
DEBUG: 2025-05-04 17:42:44: STREAM b'IHDR' 16 13
DEBUG: 2025-05-04 17:42:44: STREAM b'IDAT' 41 8192
DEBUG: 2025-05-04 17:42:44: STREAM b'IHDR' 16 13
DEBUG: 2025-05-04 17:42:44: STREAM b'IDAT' 41 8192
DEBUG: 2025-05-04 17:42:44: STREAM b'IHDR' 16 13
DEBUG: 2025-05-04 17:42:44: STREAM b'IDAT' 41 8192
DEBUG: 2025-05-04 17:42:44: STREAM b'IHDR' 16 13
DEBUG: 2025-05-04 17:42:44: STREAM b'IDAT' 41 8192
DEBUG: 2025-05-04 17:42:44: STREAM b'IHDR' 16 13
DEBUG: 2025-05-04 17:42:44: STREAM b'IDAT' 41 8192
DEBUG: 2025-05-04 17:42:44: STREAM b'IHDR' 16 13
DEBUG: 2025-05-04 17:42:44: STREAM b'IDAT' 41 8192
DEBUG: 2025-05-04 17:42:44: STREAM b'IHDR' 16 13
DEBUG: 2025-05-04 17:42:44: STREAM b'IDAT' 41 8192
DEBUG: 2025-05-04 17:42:44: STREAM b'IHDR' 16 13
DEBUG: 2025-05-04 17:42:44: STREAM b'IDAT' 41 8192
DEBUG: 2025-05-04 17:42:44: STREAM b'IHDR' 16 13
DEBUG: 2025-05-04 17:42:44: STREAM b'IDAT' 41 8192
DEBUG: 2025-05-04 17:42:44: STREAM b'IHDR' 16 13
DEBUG: 2025-05-04 17:42:44: STREAM b'IDAT' 41 8192
DEBUG: 2025-05-04 17:42:44: STREAM b'IHDR' 16 13
DEBUG: 2025-05-04 17:42:44: STREAM b'IDAT' 41 8192
DEBUG: 2025-05-04 17:42:44: STREAM b'IHDR' 16 13
DEBUG: 2025-05-04 17:42:44: STREAM b'IDAT' 41 8192
DEBUG: 2025-05-04 17:42:44: STREAM b'IHDR' 16 13
DEBUG: 2025-05-04 17:42:44: STREAM b'IDAT' 41 8192
DEBUG: 2025-05-04 17:42:44: STREAM b'IHDR' 16 13
DEBUG: 2025-05-04 17:42:44: STREAM b'IDAT' 41 8192
DEBUG: 2025-05-04 17:42:44: STREAM b'IHDR' 16 13
DEBUG: 2025-05-04 17:42:44: STREAM b'IDAT' 41 8192
DEBUG: 2025-05-04 17:42:44: STREAM b'IHDR' 16 13
DEBUG: 2025-05-04 17:42:44: STREAM b'IDAT' 41 8192
DEBUG: 2025-05-04 17:42:44: STREAM b'IHDR' 16 13
DEBUG: 2025-05-04 17:42:44: STREAM b'IDAT' 41 8192
DEBUG: 2025-05-04 17:42:44: STREAM b'IHDR' 16 13
DEBUG: 2025-05-04 17:42:44: STREAM b'IDAT' 41 8192
DEBUG: 2025-05-04 17:42:44: STREAM b'IHDR' 16 13
DEBUG: 2025-05-04 17:42:44: STREAM b'IDAT' 41 8192
DEBUG: 2025-05-04 17:42:44: STREAM b'IHDR' 16 13
DEBUG: 2025-05-04 17:42:44: STREAM b'IDAT' 41 8192
DEBUG: 2025-05-04 17:42:44: STREAM b'IHDR' 16 13
DEBUG: 2025-05-04 17:42:44: STREAM b'IDAT' 41 8192
INFO: 2025-05-04 17:42:44: Görüntü yükleniyor: 125/252 (%49.6)
INFO: 2025-05-04 17:42:44: Yükleniyor: ./data/original/rgb//0220.png
DEBUG: 2025-05-04 17:42:44: STREAM b'IHDR' 16 13
DEBUG: 2025-05-04 17:42:44: STREAM b'IDAT' 41 8192
DEBUG: 2025-05-04 17:42:44: STREAM b'IHDR' 16 13
DEBUG: 2025-05-04 17:42:44: STREAM b'IDAT' 41 8192
DEBUG: 2025-05-04 17:42:44: STREAM b'IHDR' 16 13
DEBUG: 2025-05-04 17:42:44: STREAM b'IDAT' 41 8192
DEBUG: 2025-05-04 17:42:44: STREAM b'IHDR' 16 13
DEBUG: 2025-05-04 17:42:44: STREAM b'IDAT' 41 8192
DEBUG: 2025-05-04 17:42:44: STREAM b'IHDR' 16 13
DEBUG: 2025-05-04 17:42:44: STREAM b'IDAT' 41 8192
DEBUG: 2025-05-04 17:42:44: STREAM b'IHDR' 16 13
DEBUG: 2025-05-04 17:42:44: STREAM b'IDAT' 41 8192
DEBUG: 2025-05-04 17:42:44: STREAM b'IHDR' 16 13
DEBUG: 2025-05-04 17:42:44: STREAM b'IDAT' 41 8192
DEBUG: 2025-05-04 17:42:44: STREAM b'IHDR' 16 13
DEBUG: 2025-05-04 17:42:44: STREAM b'IDAT' 41 8192
DEBUG: 2025-05-04 17:42:44: STREAM b'IHDR' 16 13
DEBUG: 2025-05-04 17:42:44: STREAM b'IDAT' 41 8192
DEBUG: 2025-05-04 17:42:44: STREAM b'IHDR' 16 13
DEBUG: 2025-05-04 17:42:44: STREAM b'IDAT' 41 8192
DEBUG: 2025-05-04 17:42:44: STREAM b'IHDR' 16 13
DEBUG: 2025-05-04 17:42:44: STREAM b'IDAT' 41 8192
DEBUG: 2025-05-04 17:42:44: STREAM b'IHDR' 16 13
DEBUG: 2025-05-04 17:42:44: STREAM b'IDAT' 41 8192
DEBUG: 2025-05-04 17:42:44: STREAM b'IHDR' 16 13
DEBUG: 2025-05-04 17:42:44: STREAM b'IDAT' 41 8192
DEBUG: 2025-05-04 17:42:44: STREAM b'IHDR' 16 13
DEBUG: 2025-05-04 17:42:44: STREAM b'IDAT' 41 8192
DEBUG: 2025-05-04 17:42:44: STREAM b'IHDR' 16 13
DEBUG: 2025-05-04 17:42:44: STREAM b'IDAT' 41 8192
DEBUG: 2025-05-04 17:42:44: STREAM b'IHDR' 16 13
DEBUG: 2025-05-04 17:42:44: STREAM b'IDAT' 41 8192
DEBUG: 2025-05-04 17:42:44: STREAM b'IHDR' 16 13
DEBUG: 2025-05-04 17:42:44: STREAM b'IDAT' 41 8192
DEBUG: 2025-05-04 17:42:44: STREAM b'IHDR' 16 13
DEBUG: 2025-05-04 17:42:44: STREAM b'IDAT' 41 8192
DEBUG: 2025-05-04 17:42:44: STREAM b'IHDR' 16 13
DEBUG: 2025-05-04 17:42:44: STREAM b'IDAT' 41 8192
DEBUG: 2025-05-04 17:42:44: STREAM b'IHDR' 16 13
DEBUG: 2025-05-04 17:42:44: STREAM b'IDAT' 41 8192
DEBUG: 2025-05-04 17:42:45: STREAM b'IHDR' 16 13
DEBUG: 2025-05-04 17:42:45: STREAM b'IDAT' 41 8192
DEBUG: 2025-05-04 17:42:45: STREAM b'IHDR' 16 13
DEBUG: 2025-05-04 17:42:45: STREAM b'IDAT' 41 8192
DEBUG: 2025-05-04 17:42:45: STREAM b'IHDR' 16 13
DEBUG: 2025-05-04 17:42:45: STREAM b'IDAT' 41 8192
DEBUG: 2025-05-04 17:42:45: STREAM b'IHDR' 16 13
DEBUG: 2025-05-04 17:42:45: STREAM b'IDAT' 41 8192
DEBUG: 2025-05-04 17:42:45: STREAM b'IHDR' 16 13
DEBUG: 2025-05-04 17:42:45: STREAM b'IDAT' 41 8192
DEBUG: 2025-05-04 17:42:45: STREAM b'IHDR' 16 13
DEBUG: 2025-05-04 17:42:45: STREAM b'IDAT' 41 8192
DEBUG: 2025-05-04 17:42:45: STREAM b'IHDR' 16 13
DEBUG: 2025-05-04 17:42:45: STREAM b'IDAT' 41 8192
DEBUG: 2025-05-04 17:42:45: STREAM b'IHDR' 16 13
DEBUG: 2025-05-04 17:42:45: STREAM b'IDAT' 41 8192
DEBUG: 2025-05-04 17:42:45: STREAM b'IHDR' 16 13
DEBUG: 2025-05-04 17:42:45: STREAM b'IDAT' 41 8192
DEBUG: 2025-05-04 17:42:45: STREAM b'IHDR' 16 13
DEBUG: 2025-05-04 17:42:45: STREAM b'IDAT' 41 8192
DEBUG: 2025-05-04 17:42:45: STREAM b'IHDR' 16 13
DEBUG: 2025-05-04 17:42:45: STREAM b'IDAT' 41 8192
DEBUG: 2025-05-04 17:42:45: STREAM b'IHDR' 16 13
DEBUG: 2025-05-04 17:42:45: STREAM b'IDAT' 41 8192
DEBUG: 2025-05-04 17:42:45: STREAM b'IHDR' 16 13
DEBUG: 2025-05-04 17:42:45: STREAM b'IDAT' 41 8192
DEBUG: 2025-05-04 17:42:45: STREAM b'IHDR' 16 13
DEBUG: 2025-05-04 17:42:45: STREAM b'IDAT' 41 8192
DEBUG: 2025-05-04 17:42:45: STREAM b'IHDR' 16 13
DEBUG: 2025-05-04 17:42:45: STREAM b'IDAT' 41 8192
DEBUG: 2025-05-04 17:42:45: STREAM b'IHDR' 16 13
DEBUG: 2025-05-04 17:42:45: STREAM b'IDAT' 41 8192
DEBUG: 2025-05-04 17:42:45: STREAM b'IHDR' 16 13
DEBUG: 2025-05-04 17:42:45: STREAM b'IDAT' 41 8192
DEBUG: 2025-05-04 17:42:45: STREAM b'IHDR' 16 13
DEBUG: 2025-05-04 17:42:45: STREAM b'IDAT' 41 8192
DEBUG: 2025-05-04 17:42:45: STREAM b'IHDR' 16 13
DEBUG: 2025-05-04 17:42:45: STREAM b'IDAT' 41 8192
DEBUG: 2025-05-04 17:42:45: STREAM b'IHDR' 16 13
DEBUG: 2025-05-04 17:42:45: STREAM b'IDAT' 41 8192
DEBUG: 2025-05-04 17:42:45: STREAM b'IHDR' 16 13
DEBUG: 2025-05-04 17:42:45: STREAM b'IDAT' 41 8192
DEBUG: 2025-05-04 17:42:45: STREAM b'IHDR' 16 13
DEBUG: 2025-05-04 17:42:45: STREAM b'IDAT' 41 8192
DEBUG: 2025-05-04 17:42:45: STREAM b'IHDR' 16 13
DEBUG: 2025-05-04 17:42:45: STREAM b'IDAT' 41 8192
DEBUG: 2025-05-04 17:42:45: STREAM b'IHDR' 16 13
DEBUG: 2025-05-04 17:42:45: STREAM b'IDAT' 41 8192
DEBUG: 2025-05-04 17:42:45: STREAM b'IHDR' 16 13
DEBUG: 2025-05-04 17:42:45: STREAM b'IDAT' 41 8192
DEBUG: 2025-05-04 17:42:45: STREAM b'IHDR' 16 13
DEBUG: 2025-05-04 17:42:45: STREAM b'IDAT' 41 8192
DEBUG: 2025-05-04 17:42:45: STREAM b'IHDR' 16 13
DEBUG: 2025-05-04 17:42:45: STREAM b'IDAT' 41 8192
DEBUG: 2025-05-04 17:42:45: STREAM b'IHDR' 16 13
DEBUG: 2025-05-04 17:42:45: STREAM b'IDAT' 41 8192
DEBUG: 2025-05-04 17:42:45: STREAM b'IHDR' 16 13
DEBUG: 2025-05-04 17:42:45: STREAM b'IDAT' 41 8192
DEBUG: 2025-05-04 17:42:45: STREAM b'IHDR' 16 13
DEBUG: 2025-05-04 17:42:45: STREAM b'IDAT' 41 8192
INFO: 2025-05-04 17:42:45: Görüntü yükleniyor: 150/252 (%59.5)
INFO: 2025-05-04 17:42:45: Yükleniyor: ./data/fakes_1/paper_white/rgb//0067.png
DEBUG: 2025-05-04 17:42:45: STREAM b'IHDR' 16 13
DEBUG: 2025-05-04 17:42:45: STREAM b'IDAT' 41 8192
DEBUG: 2025-05-04 17:42:45: STREAM b'IHDR' 16 13
DEBUG: 2025-05-04 17:42:45: STREAM b'IDAT' 41 8192
DEBUG: 2025-05-04 17:42:45: STREAM b'IHDR' 16 13
DEBUG: 2025-05-04 17:42:45: STREAM b'IDAT' 41 8192
DEBUG: 2025-05-04 17:42:45: STREAM b'IHDR' 16 13
DEBUG: 2025-05-04 17:42:45: STREAM b'IDAT' 41 8192
DEBUG: 2025-05-04 17:42:45: STREAM b'IHDR' 16 13
DEBUG: 2025-05-04 17:42:45: STREAM b'IDAT' 41 8192
DEBUG: 2025-05-04 17:42:45: STREAM b'IHDR' 16 13
DEBUG: 2025-05-04 17:42:45: STREAM b'IDAT' 41 8192
DEBUG: 2025-05-04 17:42:45: STREAM b'IHDR' 16 13
DEBUG: 2025-05-04 17:42:45: STREAM b'IDAT' 41 8192
DEBUG: 2025-05-04 17:42:45: STREAM b'IHDR' 16 13
DEBUG: 2025-05-04 17:42:45: STREAM b'IDAT' 41 8192
DEBUG: 2025-05-04 17:42:45: STREAM b'IHDR' 16 13
DEBUG: 2025-05-04 17:42:45: STREAM b'IDAT' 41 8192
DEBUG: 2025-05-04 17:42:45: STREAM b'IHDR' 16 13
DEBUG: 2025-05-04 17:42:45: STREAM b'IDAT' 41 8192
DEBUG: 2025-05-04 17:42:45: STREAM b'IHDR' 16 13
DEBUG: 2025-05-04 17:42:45: STREAM b'IDAT' 41 8192
DEBUG: 2025-05-04 17:42:45: STREAM b'IHDR' 16 13
DEBUG: 2025-05-04 17:42:45: STREAM b'IDAT' 41 8192
DEBUG: 2025-05-04 17:42:45: STREAM b'IHDR' 16 13
DEBUG: 2025-05-04 17:42:45: STREAM b'IDAT' 41 8192
DEBUG: 2025-05-04 17:42:45: STREAM b'IHDR' 16 13
DEBUG: 2025-05-04 17:42:45: STREAM b'IDAT' 41 8192
DEBUG: 2025-05-04 17:42:45: STREAM b'IHDR' 16 13
DEBUG: 2025-05-04 17:42:45: STREAM b'IDAT' 41 8192
DEBUG: 2025-05-04 17:42:45: STREAM b'IHDR' 16 13
DEBUG: 2025-05-04 17:42:45: STREAM b'IDAT' 41 8192
DEBUG: 2025-05-04 17:42:45: STREAM b'IHDR' 16 13
DEBUG: 2025-05-04 17:42:45: STREAM b'IDAT' 41 8192
DEBUG: 2025-05-04 17:42:45: STREAM b'IHDR' 16 13
DEBUG: 2025-05-04 17:42:45: STREAM b'IDAT' 41 8192
DEBUG: 2025-05-04 17:42:45: STREAM b'IHDR' 16 13
DEBUG: 2025-05-04 17:42:45: STREAM b'IDAT' 41 8192
DEBUG: 2025-05-04 17:42:45: STREAM b'IHDR' 16 13
DEBUG: 2025-05-04 17:42:45: STREAM b'IDAT' 41 8192
DEBUG: 2025-05-04 17:42:45: STREAM b'IHDR' 16 13
DEBUG: 2025-05-04 17:42:45: STREAM b'IDAT' 41 8192
DEBUG: 2025-05-04 17:42:45: STREAM b'IHDR' 16 13
DEBUG: 2025-05-04 17:42:45: STREAM b'IDAT' 41 8192
DEBUG: 2025-05-04 17:42:45: STREAM b'IHDR' 16 13
DEBUG: 2025-05-04 17:42:45: STREAM b'IDAT' 41 8192
DEBUG: 2025-05-04 17:42:45: STREAM b'IHDR' 16 13
DEBUG: 2025-05-04 17:42:45: STREAM b'IDAT' 41 8192
DEBUG: 2025-05-04 17:42:45: STREAM b'IHDR' 16 13
DEBUG: 2025-05-04 17:42:45: STREAM b'IDAT' 41 8192
DEBUG: 2025-05-04 17:42:45: STREAM b'IHDR' 16 13
DEBUG: 2025-05-04 17:42:45: STREAM b'IDAT' 41 8192
DEBUG: 2025-05-04 17:42:45: STREAM b'IHDR' 16 13
DEBUG: 2025-05-04 17:42:45: STREAM b'IDAT' 41 8192
DEBUG: 2025-05-04 17:42:45: STREAM b'IHDR' 16 13
DEBUG: 2025-05-04 17:42:45: STREAM b'IDAT' 41 8192
DEBUG: 2025-05-04 17:42:45: STREAM b'IHDR' 16 13
DEBUG: 2025-05-04 17:42:45: STREAM b'IDAT' 41 8192
DEBUG: 2025-05-04 17:42:45: STREAM b'IHDR' 16 13
DEBUG: 2025-05-04 17:42:45: STREAM b'IDAT' 41 8192
DEBUG: 2025-05-04 17:42:45: STREAM b'IHDR' 16 13
DEBUG: 2025-05-04 17:42:45: STREAM b'IDAT' 41 8192
DEBUG: 2025-05-04 17:42:45: STREAM b'IHDR' 16 13
DEBUG: 2025-05-04 17:42:45: STREAM b'IDAT' 41 8192
DEBUG: 2025-05-04 17:42:45: STREAM b'IHDR' 16 13
DEBUG: 2025-05-04 17:42:45: STREAM b'IDAT' 41 8192
DEBUG: 2025-05-04 17:42:45: STREAM b'IHDR' 16 13
DEBUG: 2025-05-04 17:42:45: STREAM b'IDAT' 41 8192
DEBUG: 2025-05-04 17:42:45: STREAM b'IHDR' 16 13
DEBUG: 2025-05-04 17:42:45: STREAM b'IDAT' 41 8192
DEBUG: 2025-05-04 17:42:45: STREAM b'IHDR' 16 13
DEBUG: 2025-05-04 17:42:45: STREAM b'IDAT' 41 8192
DEBUG: 2025-05-04 17:42:45: STREAM b'IHDR' 16 13
DEBUG: 2025-05-04 17:42:45: STREAM b'IDAT' 41 8192
DEBUG: 2025-05-04 17:42:45: STREAM b'IHDR' 16 13
DEBUG: 2025-05-04 17:42:45: STREAM b'IDAT' 41 8192
DEBUG: 2025-05-04 17:42:45: STREAM b'IHDR' 16 13
DEBUG: 2025-05-04 17:42:45: STREAM b'IDAT' 41 8192
DEBUG: 2025-05-04 17:42:45: STREAM b'IHDR' 16 13
DEBUG: 2025-05-04 17:42:45: STREAM b'IDAT' 41 8192
DEBUG: 2025-05-04 17:42:45: STREAM b'IHDR' 16 13
DEBUG: 2025-05-04 17:42:45: STREAM b'IDAT' 41 8192
DEBUG: 2025-05-04 17:42:45: STREAM b'IHDR' 16 13
DEBUG: 2025-05-04 17:42:45: STREAM b'IDAT' 41 8192
DEBUG: 2025-05-04 17:42:45: STREAM b'IHDR' 16 13
DEBUG: 2025-05-04 17:42:45: STREAM b'IDAT' 41 8192
DEBUG: 2025-05-04 17:42:45: STREAM b'IHDR' 16 13
DEBUG: 2025-05-04 17:42:45: STREAM b'IDAT' 41 8192
DEBUG: 2025-05-04 17:42:45: STREAM b'IHDR' 16 13
DEBUG: 2025-05-04 17:42:45: STREAM b'IDAT' 41 8192
DEBUG: 2025-05-04 17:42:45: STREAM b'IHDR' 16 13
DEBUG: 2025-05-04 17:42:45: STREAM b'IDAT' 41 8192
DEBUG: 2025-05-04 17:42:45: STREAM b'IHDR' 16 13
DEBUG: 2025-05-04 17:42:45: STREAM b'IDAT' 41 8192
DEBUG: 2025-05-04 17:42:45: STREAM b'IHDR' 16 13
DEBUG: 2025-05-04 17:42:45: STREAM b'IDAT' 41 8192
DEBUG: 2025-05-04 17:42:45: STREAM b'IHDR' 16 13
DEBUG: 2025-05-04 17:42:45: STREAM b'IDAT' 41 8192
DEBUG: 2025-05-04 17:42:45: STREAM b'IHDR' 16 13
DEBUG: 2025-05-04 17:42:45: STREAM b'IDAT' 41 8192
INFO: 2025-05-04 17:42:45: Görüntü yükleniyor: 175/252 (%69.4)
INFO: 2025-05-04 17:42:45: Yükleniyor: ./data/original/rgb//0252.png
DEBUG: 2025-05-04 17:42:45: STREAM b'IHDR' 16 13
DEBUG: 2025-05-04 17:42:45: STREAM b'IDAT' 41 8192
DEBUG: 2025-05-04 17:42:45: STREAM b'IHDR' 16 13
DEBUG: 2025-05-04 17:42:45: STREAM b'IDAT' 41 8192
DEBUG: 2025-05-04 17:42:45: STREAM b'IHDR' 16 13
DEBUG: 2025-05-04 17:42:45: STREAM b'IDAT' 41 8192
DEBUG: 2025-05-04 17:42:45: STREAM b'IHDR' 16 13
DEBUG: 2025-05-04 17:42:45: STREAM b'IDAT' 41 8192
DEBUG: 2025-05-04 17:42:45: STREAM b'IHDR' 16 13
DEBUG: 2025-05-04 17:42:45: STREAM b'IDAT' 41 8192
DEBUG: 2025-05-04 17:42:45: STREAM b'IHDR' 16 13
DEBUG: 2025-05-04 17:42:45: STREAM b'IDAT' 41 8192
DEBUG: 2025-05-04 17:42:45: STREAM b'IHDR' 16 13
DEBUG: 2025-05-04 17:42:45: STREAM b'IDAT' 41 8192
DEBUG: 2025-05-04 17:42:45: STREAM b'IHDR' 16 13
DEBUG: 2025-05-04 17:42:45: STREAM b'IDAT' 41 8192
DEBUG: 2025-05-04 17:42:45: STREAM b'IHDR' 16 13
DEBUG: 2025-05-04 17:42:45: STREAM b'IDAT' 41 8192
DEBUG: 2025-05-04 17:42:45: STREAM b'IHDR' 16 13
DEBUG: 2025-05-04 17:42:45: STREAM b'IDAT' 41 8192
DEBUG: 2025-05-04 17:42:45: STREAM b'IHDR' 16 13
DEBUG: 2025-05-04 17:42:45: STREAM b'IDAT' 41 8192
DEBUG: 2025-05-04 17:42:45: STREAM b'IHDR' 16 13
DEBUG: 2025-05-04 17:42:45: STREAM b'IDAT' 41 8192
DEBUG: 2025-05-04 17:42:45: STREAM b'IHDR' 16 13
DEBUG: 2025-05-04 17:42:45: STREAM b'IDAT' 41 8192
DEBUG: 2025-05-04 17:42:45: STREAM b'IHDR' 16 13
DEBUG: 2025-05-04 17:42:45: STREAM b'IDAT' 41 8192
DEBUG: 2025-05-04 17:42:45: STREAM b'IHDR' 16 13
DEBUG: 2025-05-04 17:42:45: STREAM b'IDAT' 41 8192
DEBUG: 2025-05-04 17:42:45: STREAM b'IHDR' 16 13
DEBUG: 2025-05-04 17:42:45: STREAM b'IDAT' 41 8192
DEBUG: 2025-05-04 17:42:45: STREAM b'IHDR' 16 13
DEBUG: 2025-05-04 17:42:45: STREAM b'IDAT' 41 8192
DEBUG: 2025-05-04 17:42:45: STREAM b'IHDR' 16 13
DEBUG: 2025-05-04 17:42:45: STREAM b'IDAT' 41 8192
DEBUG: 2025-05-04 17:42:45: STREAM b'IHDR' 16 13
DEBUG: 2025-05-04 17:42:45: STREAM b'IDAT' 41 8192
DEBUG: 2025-05-04 17:42:45: STREAM b'IHDR' 16 13
DEBUG: 2025-05-04 17:42:45: STREAM b'IDAT' 41 8192
DEBUG: 2025-05-04 17:42:45: STREAM b'IHDR' 16 13
DEBUG: 2025-05-04 17:42:45: STREAM b'IDAT' 41 8192
DEBUG: 2025-05-04 17:42:45: STREAM b'IHDR' 16 13
DEBUG: 2025-05-04 17:42:45: STREAM b'IDAT' 41 8192
DEBUG: 2025-05-04 17:42:45: STREAM b'IHDR' 16 13
DEBUG: 2025-05-04 17:42:45: STREAM b'IDAT' 41 8192
DEBUG: 2025-05-04 17:42:45: STREAM b'IHDR' 16 13
DEBUG: 2025-05-04 17:42:45: STREAM b'IDAT' 41 8192
DEBUG: 2025-05-04 17:42:45: STREAM b'IHDR' 16 13
DEBUG: 2025-05-04 17:42:45: STREAM b'IDAT' 41 8192
DEBUG: 2025-05-04 17:42:45: STREAM b'IHDR' 16 13
DEBUG: 2025-05-04 17:42:45: STREAM b'IDAT' 41 8192
DEBUG: 2025-05-04 17:42:45: STREAM b'IHDR' 16 13
DEBUG: 2025-05-04 17:42:45: STREAM b'IDAT' 41 8192
DEBUG: 2025-05-04 17:42:45: STREAM b'IHDR' 16 13
DEBUG: 2025-05-04 17:42:45: STREAM b'IDAT' 41 8192
DEBUG: 2025-05-04 17:42:45: STREAM b'IHDR' 16 13
DEBUG: 2025-05-04 17:42:45: STREAM b'IDAT' 41 8192
DEBUG: 2025-05-04 17:42:45: STREAM b'IHDR' 16 13
DEBUG: 2025-05-04 17:42:45: STREAM b'IDAT' 41 8192
DEBUG: 2025-05-04 17:42:45: STREAM b'IHDR' 16 13
DEBUG: 2025-05-04 17:42:45: STREAM b'IDAT' 41 8192
DEBUG: 2025-05-04 17:42:45: STREAM b'IHDR' 16 13
DEBUG: 2025-05-04 17:42:45: STREAM b'IDAT' 41 8192
DEBUG: 2025-05-04 17:42:45: STREAM b'IHDR' 16 13
DEBUG: 2025-05-04 17:42:45: STREAM b'IDAT' 41 8192
DEBUG: 2025-05-04 17:42:45: STREAM b'IHDR' 16 13
DEBUG: 2025-05-04 17:42:45: STREAM b'IDAT' 41 8192
DEBUG: 2025-05-04 17:42:45: STREAM b'IHDR' 16 13
DEBUG: 2025-05-04 17:42:45: STREAM b'IDAT' 41 8192
DEBUG: 2025-05-04 17:42:45: STREAM b'IHDR' 16 13
DEBUG: 2025-05-04 17:42:45: STREAM b'IDAT' 41 8192
DEBUG: 2025-05-04 17:42:45: STREAM b'IHDR' 16 13
DEBUG: 2025-05-04 17:42:45: STREAM b'IDAT' 41 8192
DEBUG: 2025-05-04 17:42:45: STREAM b'IHDR' 16 13
DEBUG: 2025-05-04 17:42:45: STREAM b'IDAT' 41 8192
DEBUG: 2025-05-04 17:42:45: STREAM b'IHDR' 16 13
DEBUG: 2025-05-04 17:42:45: STREAM b'IDAT' 41 8192
DEBUG: 2025-05-04 17:42:45: STREAM b'IHDR' 16 13
DEBUG: 2025-05-04 17:42:45: STREAM b'IDAT' 41 8192
DEBUG: 2025-05-04 17:42:45: STREAM b'IHDR' 16 13
DEBUG: 2025-05-04 17:42:45: STREAM b'IDAT' 41 8192
DEBUG: 2025-05-04 17:42:45: STREAM b'IHDR' 16 13
DEBUG: 2025-05-04 17:42:45: STREAM b'IDAT' 41 8192
DEBUG: 2025-05-04 17:42:45: STREAM b'IHDR' 16 13
DEBUG: 2025-05-04 17:42:45: STREAM b'IDAT' 41 8192
DEBUG: 2025-05-04 17:42:45: STREAM b'IHDR' 16 13
DEBUG: 2025-05-04 17:42:45: STREAM b'IDAT' 41 8192
DEBUG: 2025-05-04 17:42:45: STREAM b'IHDR' 16 13
DEBUG: 2025-05-04 17:42:45: STREAM b'IDAT' 41 8192
DEBUG: 2025-05-04 17:42:45: STREAM b'IHDR' 16 13
DEBUG: 2025-05-04 17:42:45: STREAM b'IDAT' 41 8192
DEBUG: 2025-05-04 17:42:45: STREAM b'IHDR' 16 13
DEBUG: 2025-05-04 17:42:45: STREAM b'IDAT' 41 8192
DEBUG: 2025-05-04 17:42:45: STREAM b'IHDR' 16 13
DEBUG: 2025-05-04 17:42:45: STREAM b'IDAT' 41 8192
DEBUG: 2025-05-04 17:42:45: STREAM b'IHDR' 16 13
DEBUG: 2025-05-04 17:42:45: STREAM b'IDAT' 41 8192
DEBUG: 2025-05-04 17:42:45: STREAM b'IHDR' 16 13
DEBUG: 2025-05-04 17:42:45: STREAM b'IDAT' 41 8192
INFO: 2025-05-04 17:42:45: Görüntü yükleniyor: 200/252 (%79.4)
INFO: 2025-05-04 17:42:45: Yükleniyor: ./data/fakes_1/paper_white/rgb//0075.png
DEBUG: 2025-05-04 17:42:45: STREAM b'IHDR' 16 13
DEBUG: 2025-05-04 17:42:45: STREAM b'IDAT' 41 8192
DEBUG: 2025-05-04 17:42:45: STREAM b'IHDR' 16 13
DEBUG: 2025-05-04 17:42:45: STREAM b'IDAT' 41 8192
DEBUG: 2025-05-04 17:42:45: STREAM b'IHDR' 16 13
DEBUG: 2025-05-04 17:42:45: STREAM b'IDAT' 41 8192
DEBUG: 2025-05-04 17:42:45: STREAM b'IHDR' 16 13
DEBUG: 2025-05-04 17:42:45: STREAM b'IDAT' 41 8192
DEBUG: 2025-05-04 17:42:45: STREAM b'IHDR' 16 13
DEBUG: 2025-05-04 17:42:45: STREAM b'IDAT' 41 8192
DEBUG: 2025-05-04 17:42:45: STREAM b'IHDR' 16 13
DEBUG: 2025-05-04 17:42:45: STREAM b'IDAT' 41 8192
DEBUG: 2025-05-04 17:42:45: STREAM b'IHDR' 16 13
DEBUG: 2025-05-04 17:42:45: STREAM b'IDAT' 41 8192
DEBUG: 2025-05-04 17:42:45: STREAM b'IHDR' 16 13
DEBUG: 2025-05-04 17:42:45: STREAM b'IDAT' 41 8192
DEBUG: 2025-05-04 17:42:45: STREAM b'IHDR' 16 13
DEBUG: 2025-05-04 17:42:45: STREAM b'IDAT' 41 8192
DEBUG: 2025-05-04 17:42:45: STREAM b'IHDR' 16 13
DEBUG: 2025-05-04 17:42:45: STREAM b'IDAT' 41 8192
DEBUG: 2025-05-04 17:42:45: STREAM b'IHDR' 16 13
DEBUG: 2025-05-04 17:42:45: STREAM b'IDAT' 41 8192
DEBUG: 2025-05-04 17:42:45: STREAM b'IHDR' 16 13
DEBUG: 2025-05-04 17:42:45: STREAM b'IDAT' 41 8192
DEBUG: 2025-05-04 17:42:45: STREAM b'IHDR' 16 13
DEBUG: 2025-05-04 17:42:45: STREAM b'IDAT' 41 8192
DEBUG: 2025-05-04 17:42:45: STREAM b'IHDR' 16 13
DEBUG: 2025-05-04 17:42:45: STREAM b'IDAT' 41 8192
DEBUG: 2025-05-04 17:42:45: STREAM b'IHDR' 16 13
DEBUG: 2025-05-04 17:42:45: STREAM b'IDAT' 41 8192
DEBUG: 2025-05-04 17:42:45: STREAM b'IHDR' 16 13
DEBUG: 2025-05-04 17:42:45: STREAM b'IDAT' 41 8192
DEBUG: 2025-05-04 17:42:45: STREAM b'IHDR' 16 13
DEBUG: 2025-05-04 17:42:45: STREAM b'IDAT' 41 8192
DEBUG: 2025-05-04 17:42:45: STREAM b'IHDR' 16 13
DEBUG: 2025-05-04 17:42:45: STREAM b'IDAT' 41 8192
DEBUG: 2025-05-04 17:42:45: STREAM b'IHDR' 16 13
DEBUG: 2025-05-04 17:42:45: STREAM b'IDAT' 41 8192
DEBUG: 2025-05-04 17:42:45: STREAM b'IHDR' 16 13
DEBUG: 2025-05-04 17:42:45: STREAM b'IDAT' 41 8192
DEBUG: 2025-05-04 17:42:45: STREAM b'IHDR' 16 13
DEBUG: 2025-05-04 17:42:45: STREAM b'IDAT' 41 8192
DEBUG: 2025-05-04 17:42:45: STREAM b'IHDR' 16 13
DEBUG: 2025-05-04 17:42:45: STREAM b'IDAT' 41 8192
DEBUG: 2025-05-04 17:42:45: STREAM b'IHDR' 16 13
DEBUG: 2025-05-04 17:42:45: STREAM b'IDAT' 41 8192
DEBUG: 2025-05-04 17:42:45: STREAM b'IHDR' 16 13
DEBUG: 2025-05-04 17:42:45: STREAM b'IDAT' 41 8192
DEBUG: 2025-05-04 17:42:45: STREAM b'IHDR' 16 13
DEBUG: 2025-05-04 17:42:45: STREAM b'IDAT' 41 8192
DEBUG: 2025-05-04 17:42:45: STREAM b'IHDR' 16 13
DEBUG: 2025-05-04 17:42:45: STREAM b'IDAT' 41 8192
DEBUG: 2025-05-04 17:42:45: STREAM b'IHDR' 16 13
DEBUG: 2025-05-04 17:42:45: STREAM b'IDAT' 41 8192
DEBUG: 2025-05-04 17:42:45: STREAM b'IHDR' 16 13
DEBUG: 2025-05-04 17:42:45: STREAM b'IDAT' 41 8192
DEBUG: 2025-05-04 17:42:45: STREAM b'IHDR' 16 13
DEBUG: 2025-05-04 17:42:45: STREAM b'IDAT' 41 8192
DEBUG: 2025-05-04 17:42:45: STREAM b'IHDR' 16 13
DEBUG: 2025-05-04 17:42:45: STREAM b'IDAT' 41 8192
DEBUG: 2025-05-04 17:42:45: STREAM b'IHDR' 16 13
DEBUG: 2025-05-04 17:42:45: STREAM b'IDAT' 41 8192
DEBUG: 2025-05-04 17:42:45: STREAM b'IHDR' 16 13
DEBUG: 2025-05-04 17:42:45: STREAM b'IDAT' 41 8192
DEBUG: 2025-05-04 17:42:45: STREAM b'IHDR' 16 13
DEBUG: 2025-05-04 17:42:45: STREAM b'IDAT' 41 8192
DEBUG: 2025-05-04 17:42:45: STREAM b'IHDR' 16 13
DEBUG: 2025-05-04 17:42:45: STREAM b'IDAT' 41 8192
DEBUG: 2025-05-04 17:42:45: STREAM b'IHDR' 16 13
DEBUG: 2025-05-04 17:42:45: STREAM b'IDAT' 41 8192
DEBUG: 2025-05-04 17:42:45: STREAM b'IHDR' 16 13
DEBUG: 2025-05-04 17:42:45: STREAM b'IDAT' 41 8192
DEBUG: 2025-05-04 17:42:45: STREAM b'IHDR' 16 13
DEBUG: 2025-05-04 17:42:45: STREAM b'IDAT' 41 8192
DEBUG: 2025-05-04 17:42:45: STREAM b'IHDR' 16 13
DEBUG: 2025-05-04 17:42:45: STREAM b'IDAT' 41 8192
DEBUG: 2025-05-04 17:42:45: STREAM b'IHDR' 16 13
DEBUG: 2025-05-04 17:42:45: STREAM b'IDAT' 41 8192
DEBUG: 2025-05-04 17:42:45: STREAM b'IHDR' 16 13
DEBUG: 2025-05-04 17:42:45: STREAM b'IDAT' 41 8192
DEBUG: 2025-05-04 17:42:45: STREAM b'IHDR' 16 13
DEBUG: 2025-05-04 17:42:45: STREAM b'IDAT' 41 8192
DEBUG: 2025-05-04 17:42:45: STREAM b'IHDR' 16 13
DEBUG: 2025-05-04 17:42:45: STREAM b'IDAT' 41 8192
DEBUG: 2025-05-04 17:42:45: STREAM b'IHDR' 16 13
DEBUG: 2025-05-04 17:42:45: STREAM b'IDAT' 41 8192
DEBUG: 2025-05-04 17:42:45: STREAM b'IHDR' 16 13
DEBUG: 2025-05-04 17:42:45: STREAM b'IDAT' 41 8192
DEBUG: 2025-05-04 17:42:45: STREAM b'IHDR' 16 13
DEBUG: 2025-05-04 17:42:45: STREAM b'IDAT' 41 8192
DEBUG: 2025-05-04 17:42:45: STREAM b'IHDR' 16 13
DEBUG: 2025-05-04 17:42:45: STREAM b'IDAT' 41 8192
DEBUG: 2025-05-04 17:42:45: STREAM b'IHDR' 16 13
DEBUG: 2025-05-04 17:42:45: STREAM b'IDAT' 41 8192
DEBUG: 2025-05-04 17:42:45: STREAM b'IHDR' 16 13
DEBUG: 2025-05-04 17:42:45: STREAM b'IDAT' 41 8192
DEBUG: 2025-05-04 17:42:46: STREAM b'IHDR' 16 13
DEBUG: 2025-05-04 17:42:46: STREAM b'IDAT' 41 8192
DEBUG: 2025-05-04 17:42:46: STREAM b'IHDR' 16 13
DEBUG: 2025-05-04 17:42:46: STREAM b'IDAT' 41 8192
INFO: 2025-05-04 17:42:46: Görüntü yükleniyor: 225/252 (%89.3)
INFO: 2025-05-04 17:42:46: Yükleniyor: ./data/original/rgb//0250.png
DEBUG: 2025-05-04 17:42:46: STREAM b'IHDR' 16 13
DEBUG: 2025-05-04 17:42:46: STREAM b'IDAT' 41 8192
DEBUG: 2025-05-04 17:42:46: STREAM b'IHDR' 16 13
DEBUG: 2025-05-04 17:42:46: STREAM b'IDAT' 41 8192
DEBUG: 2025-05-04 17:42:46: STREAM b'IHDR' 16 13
DEBUG: 2025-05-04 17:42:46: STREAM b'IDAT' 41 8192
DEBUG: 2025-05-04 17:42:46: STREAM b'IHDR' 16 13
DEBUG: 2025-05-04 17:42:46: STREAM b'IDAT' 41 8192
DEBUG: 2025-05-04 17:42:46: STREAM b'IHDR' 16 13
DEBUG: 2025-05-04 17:42:46: STREAM b'IDAT' 41 8192
DEBUG: 2025-05-04 17:42:46: STREAM b'IHDR' 16 13
DEBUG: 2025-05-04 17:42:46: STREAM b'IDAT' 41 8192
DEBUG: 2025-05-04 17:42:46: STREAM b'IHDR' 16 13
DEBUG: 2025-05-04 17:42:46: STREAM b'IDAT' 41 8192
DEBUG: 2025-05-04 17:42:46: STREAM b'IHDR' 16 13
DEBUG: 2025-05-04 17:42:46: STREAM b'IDAT' 41 8192
DEBUG: 2025-05-04 17:42:46: STREAM b'IHDR' 16 13
DEBUG: 2025-05-04 17:42:46: STREAM b'IDAT' 41 8192
DEBUG: 2025-05-04 17:42:46: STREAM b'IHDR' 16 13
DEBUG: 2025-05-04 17:42:46: STREAM b'IDAT' 41 8192
DEBUG: 2025-05-04 17:42:46: STREAM b'IHDR' 16 13
DEBUG: 2025-05-04 17:42:46: STREAM b'IDAT' 41 8192
DEBUG: 2025-05-04 17:42:46: STREAM b'IHDR' 16 13
DEBUG: 2025-05-04 17:42:46: STREAM b'IDAT' 41 8192
DEBUG: 2025-05-04 17:42:46: STREAM b'IHDR' 16 13
DEBUG: 2025-05-04 17:42:46: STREAM b'IDAT' 41 8192
DEBUG: 2025-05-04 17:42:46: STREAM b'IHDR' 16 13
DEBUG: 2025-05-04 17:42:46: STREAM b'IDAT' 41 8192
DEBUG: 2025-05-04 17:42:46: STREAM b'IHDR' 16 13
DEBUG: 2025-05-04 17:42:46: STREAM b'IDAT' 41 8192
DEBUG: 2025-05-04 17:42:46: STREAM b'IHDR' 16 13
DEBUG: 2025-05-04 17:42:46: STREAM b'IDAT' 41 8192
DEBUG: 2025-05-04 17:42:46: STREAM b'IHDR' 16 13
DEBUG: 2025-05-04 17:42:46: STREAM b'IDAT' 41 8192
DEBUG: 2025-05-04 17:42:46: STREAM b'IHDR' 16 13
DEBUG: 2025-05-04 17:42:46: STREAM b'IDAT' 41 8192
DEBUG: 2025-05-04 17:42:46: STREAM b'IHDR' 16 13
DEBUG: 2025-05-04 17:42:46: STREAM b'IDAT' 41 8192
DEBUG: 2025-05-04 17:42:46: STREAM b'IHDR' 16 13
DEBUG: 2025-05-04 17:42:46: STREAM b'IDAT' 41 8192
DEBUG: 2025-05-04 17:42:46: STREAM b'IHDR' 16 13
DEBUG: 2025-05-04 17:42:46: STREAM b'IDAT' 41 8192
DEBUG: 2025-05-04 17:42:46: STREAM b'IHDR' 16 13
DEBUG: 2025-05-04 17:42:46: STREAM b'IDAT' 41 8192
DEBUG: 2025-05-04 17:42:46: STREAM b'IHDR' 16 13
DEBUG: 2025-05-04 17:42:46: STREAM b'IDAT' 41 8192
DEBUG: 2025-05-04 17:42:46: STREAM b'IHDR' 16 13
DEBUG: 2025-05-04 17:42:46: STREAM b'IDAT' 41 8192
DEBUG: 2025-05-04 17:42:46: STREAM b'IHDR' 16 13
DEBUG: 2025-05-04 17:42:46: STREAM b'IDAT' 41 8192
DEBUG: 2025-05-04 17:42:46: STREAM b'IHDR' 16 13
DEBUG: 2025-05-04 17:42:46: STREAM b'IDAT' 41 8192
DEBUG: 2025-05-04 17:42:46: STREAM b'IHDR' 16 13
DEBUG: 2025-05-04 17:42:46: STREAM b'IDAT' 41 8192
DEBUG: 2025-05-04 17:42:46: STREAM b'IHDR' 16 13
DEBUG: 2025-05-04 17:42:46: STREAM b'IDAT' 41 8192
DEBUG: 2025-05-04 17:42:46: STREAM b'IHDR' 16 13
DEBUG: 2025-05-04 17:42:46: STREAM b'IDAT' 41 8192
DEBUG: 2025-05-04 17:42:46: STREAM b'IHDR' 16 13
DEBUG: 2025-05-04 17:42:46: STREAM b'IDAT' 41 8192
DEBUG: 2025-05-04 17:42:46: STREAM b'IHDR' 16 13
DEBUG: 2025-05-04 17:42:46: STREAM b'IDAT' 41 8192
DEBUG: 2025-05-04 17:42:46: STREAM b'IHDR' 16 13
DEBUG: 2025-05-04 17:42:46: STREAM b'IDAT' 41 8192
DEBUG: 2025-05-04 17:42:46: STREAM b'IHDR' 16 13
DEBUG: 2025-05-04 17:42:46: STREAM b'IDAT' 41 8192
DEBUG: 2025-05-04 17:42:46: STREAM b'IHDR' 16 13
DEBUG: 2025-05-04 17:42:46: STREAM b'IDAT' 41 8192
DEBUG: 2025-05-04 17:42:46: STREAM b'IHDR' 16 13
DEBUG: 2025-05-04 17:42:46: STREAM b'IDAT' 41 8192
DEBUG: 2025-05-04 17:42:46: STREAM b'IHDR' 16 13
DEBUG: 2025-05-04 17:42:46: STREAM b'IDAT' 41 8192
DEBUG: 2025-05-04 17:42:46: STREAM b'IHDR' 16 13
DEBUG: 2025-05-04 17:42:46: STREAM b'IDAT' 41 8192
DEBUG: 2025-05-04 17:42:46: STREAM b'IHDR' 16 13
DEBUG: 2025-05-04 17:42:46: STREAM b'IDAT' 41 8192
DEBUG: 2025-05-04 17:42:46: STREAM b'IHDR' 16 13
DEBUG: 2025-05-04 17:42:46: STREAM b'IDAT' 41 8192
DEBUG: 2025-05-04 17:42:46: STREAM b'IHDR' 16 13
DEBUG: 2025-05-04 17:42:46: STREAM b'IDAT' 41 8192
DEBUG: 2025-05-04 17:42:46: STREAM b'IHDR' 16 13
DEBUG: 2025-05-04 17:42:46: STREAM b'IDAT' 41 8192
DEBUG: 2025-05-04 17:42:46: STREAM b'IHDR' 16 13
DEBUG: 2025-05-04 17:42:46: STREAM b'IDAT' 41 8192
DEBUG: 2025-05-04 17:42:46: STREAM b'IHDR' 16 13
DEBUG: 2025-05-04 17:42:46: STREAM b'IDAT' 41 8192
DEBUG: 2025-05-04 17:42:46: STREAM b'IHDR' 16 13
DEBUG: 2025-05-04 17:42:46: STREAM b'IDAT' 41 8192
DEBUG: 2025-05-04 17:42:46: STREAM b'IHDR' 16 13
DEBUG: 2025-05-04 17:42:46: STREAM b'IDAT' 41 8192
DEBUG: 2025-05-04 17:42:46: STREAM b'IHDR' 16 13
DEBUG: 2025-05-04 17:42:46: STREAM b'IDAT' 41 8192
DEBUG: 2025-05-04 17:42:46: STREAM b'IHDR' 16 13
DEBUG: 2025-05-04 17:42:46: STREAM b'IDAT' 41 8192
DEBUG: 2025-05-04 17:42:46: STREAM b'IHDR' 16 13
DEBUG: 2025-05-04 17:42:46: STREAM b'IDAT' 41 8192
DEBUG: 2025-05-04 17:42:46: STREAM b'IHDR' 16 13
DEBUG: 2025-05-04 17:42:46: STREAM b'IDAT' 41 8192
DEBUG: 2025-05-04 17:42:46: STREAM b'IHDR' 16 13
DEBUG: 2025-05-04 17:42:46: STREAM b'IDAT' 41 8192
INFO: 2025-05-04 17:42:46: Görüntü yükleniyor: 250/252 (%99.2)
INFO: 2025-05-04 17:42:46: Yükleniyor: ./data/fakes_1/paper_white/rgb//0139.png
DEBUG: 2025-05-04 17:42:46: STREAM b'IHDR' 16 13
DEBUG: 2025-05-04 17:42:46: STREAM b'IDAT' 41 8192
DEBUG: 2025-05-04 17:42:46: STREAM b'IHDR' 16 13
DEBUG: 2025-05-04 17:42:46: STREAM b'IDAT' 41 8192
DEBUG: 2025-05-04 17:42:46: STREAM b'IHDR' 16 13
DEBUG: 2025-05-04 17:42:46: STREAM b'IDAT' 41 8192
DEBUG: 2025-05-04 17:42:46: STREAM b'IHDR' 16 13
DEBUG: 2025-05-04 17:42:46: STREAM b'IDAT' 41 8192
DEBUG: 2025-05-04 17:42:46: STREAM b'IHDR' 16 13
DEBUG: 2025-05-04 17:42:46: STREAM b'IDAT' 41 8192
DEBUG: 2025-05-04 17:42:46: STREAM b'IHDR' 16 13
DEBUG: 2025-05-04 17:42:46: STREAM b'IDAT' 41 8192
INFO: 2025-05-04 17:42:46: Tüm görüntüler yüklendi. Toplam: 252
INFO: 2025-05-04 17:42:46: __loadImages tamamlandı
INFO: 2025-05-04 17:42:46: Eğitim verileri yüklendi. Veri boyutu: 252
INFO: 2025-05-04 17:42:46: __loadData tamamlandı
INFO: 2025-05-04 17:42:46: Veri yüklendi. Veri boyutu: 252
INFO: 2025-05-04 17:42:46: Reshape işlemi başlıyor, hedef boyut: [330, 330, 3]
INFO: 2025-05-04 17:42:46: Reshape sonrası veri boyutu: (252, 330, 330, 3)
INFO: 2025-05-04 17:42:46: ImageDataGenerator oluşturuluyor...
INFO: 2025-05-04 17:42:46: Veri akışı oluşturuluyor. Type: train
INFO: 2025-05-04 17:42:46: Eğitim için batch sayısı: 2, batch size: 128
INFO: 2025-05-04 17:42:46: ClassifierDataLoader.initDataSet tamamlandı
INFO: 2025-05-04 17:42:46: DataGenTrain.initDataSet() tamamlandı
INFO: 2025-05-04 17:42:46: EstimationModel
Model: "Classifier"
┏━━━━━━━━━━━━━━━━━━━━━━━━━━━━━━━━━┳━━━━━━━━━━━━━━━━━━━━━━━━┳━━━━━━━━━━━━━━━┓
┃ Layer (type)                    ┃ Output Shape           ┃       Param # ┃
┡━━━━━━━━━━━━━━━━━━━━━━━━━━━━━━━━━╇━━━━━━━━━━━━━━━━━━━━━━━━╇━━━━━━━━━━━━━━━┩
│ input_layer (InputLayer)        │ (None, 330, 330, 3)    │             0 │
├─────────────────────────────────┼────────────────────────┼───────────────┤
│ conv2d (Conv2D)                 │ (None, 326, 326, 32)   │         2,432 │
├─────────────────────────────────┼────────────────────────┼───────────────┤
│ max_pooling2d (MaxPooling2D)    │ (None, 108, 108, 32)   │             0 │
├─────────────────────────────────┼────────────────────────┼───────────────┤
│ conv2d_1 (Conv2D)               │ (None, 104, 104, 16)   │        12,816 │
├─────────────────────────────────┼────────────────────────┼───────────────┤
│ max_pooling2d_1 (MaxPooling2D)  │ (None, 34, 34, 16)     │             0 │
├─────────────────────────────────┼────────────────────────┼───────────────┤
│ conv2d_2 (Conv2D)               │ (None, 30, 30, 8)      │         3,208 │
├─────────────────────────────────┼────────────────────────┼───────────────┤
│ max_pooling2d_2 (MaxPooling2D)  │ (None, 10, 10, 8)      │             0 │
├─────────────────────────────────┼────────────────────────┼───────────────┤
│ flatten (Flatten)               │ (None, 800)            │             0 │
├─────────────────────────────────┼────────────────────────┼───────────────┤
│ dense (Dense)                   │ (None, 512)            │       410,112 │
├─────────────────────────────────┼────────────────────────┼───────────────┤
│ re_lu (ReLU)                    │ (None, 512)            │             0 │
├─────────────────────────────────┼────────────────────────┼───────────────┤
│ dense_1 (Dense)                 │ (None, 128)            │        65,664 │
├─────────────────────────────────┼────────────────────────┼───────────────┤
│ re_lu_1 (ReLU)                  │ (None, 128)            │             0 │
├─────────────────────────────────┼────────────────────────┼───────────────┤
│ dense_2 (Dense)                 │ (None, 64)             │         8,256 │
├─────────────────────────────────┼────────────────────────┼───────────────┤
│ re_lu_2 (ReLU)                  │ (None, 64)             │             0 │
├─────────────────────────────────┼────────────────────────┼───────────────┤
│ dense_3 (Dense)                 │ (None, 16)             │         1,040 │
├─────────────────────────────────┼────────────────────────┼───────────────┤
│ re_lu_3 (ReLU)                  │ (None, 16)             │             0 │
├─────────────────────────────────┼────────────────────────┼───────────────┤
│ dense_4 (Dense)                 │ (None, 2)              │            34 │
├─────────────────────────────────┼────────────────────────┼───────────────┤
│ softmax (Softmax)               │ (None, 2)              │             0 │
└─────────────────────────────────┴────────────────────────┴───────────────┘
 Total params: 503,562 (1.92 MB)
 Trainable params: 503,562 (1.92 MB)
 Non-trainable params: 0 (0.00 B)
INFO: 2025-05-04 17:42:46: Veri kümesi bilgisi: 2 batch, batch_size=128
INFO: 2025-05-04 17:42:46: Toplam eğitim örneği: 256
INFO: 2025-05-04 17:42:46: --- EPOCH 1/5 BAŞLIYOR ---
INFO: 2025-05-04 17:42:46: Epoch 1 için 2 batch işlenecek
INFO: 2025-05-04 17:42:46: Batch 1 işleniyor, boyut: (128, 330, 330, 3)
/Users/melihcesur/.pyenv/versions/3.9.18/lib/python3.9/site-packages/keras/src/models/functional.py:238: UserWarning: The structure of `inputs` doesn't match the expected structure.
Expected: ['keras_tensor']
Received: inputs=Tensor(shape=(128, 330, 330, 3))
  warnings.warn(msg)
INFO: 2025-05-04 17:42:52: Epoch 1/5 |███████████████---------------| 50.0% İşlendi: 1/2, Loss: 0.691835
INFO: 2025-05-04 17:42:52: Batch 1/2, Loss: 0.691835, Avg Loss: 0.691835
INFO: 2025-05-04 17:42:52: Batch süresi: 5.68s, Tahmini kalan süre (epoch): 5.72s
INFO: 2025-05-04 17:42:52: Batch 2 işleniyor, boyut: (124, 330, 330, 3)
/Users/melihcesur/.pyenv/versions/3.9.18/lib/python3.9/site-packages/keras/src/models/functional.py:238: UserWarning: The structure of `inputs` doesn't match the expected structure.
Expected: ['keras_tensor']
Received: inputs=Tensor(shape=(None, 330, 330, 3))
  warnings.warn(msg)
INFO: 2025-05-04 17:42:56: Epoch 1/5 |██████████████████████████████| 100.0% İşlendi: 2/2, Loss: 0.691198
INFO: 2025-05-04 17:42:56: 
INFO: 2025-05-04 17:42:56: Batch 2/2, Loss: 0.691198, Avg Loss: 0.691198
INFO: 2025-05-04 17:42:56: Batch süresi: 4.38s, Tahmini kalan süre (epoch): 0.00s
INFO: 2025-05-04 17:42:56: EPOCH 1 TAMAMLANDI: Ortalama Loss = 0.691517
INFO: 2025-05-04 17:42:56: Epoch süresi: 10.18 saniye
INFO: 2025-05-04 17:42:56: Model ağırlıkları kaydediliyor: checkpoints/rgb_supervised_classifier_n_2_simple/Classifier_epoch_1.weights.h5
DEBUG: 2025-05-04 17:42:56: Creating converter from 5 to 3
INFO: 2025-05-04 17:42:56: Toplam eğitim süresi şu ana kadar: 10.22 saniye
INFO: 2025-05-04 17:42:56: Tahmini kalan süre: 0.00 saniye (~0.00 saat)
INFO: 2025-05-04 17:42:56: Durum dosyası güncellendi: training_simple_status.json
INFO: 2025-05-04 17:42:56: ===============================================================
INFO: 2025-05-04 17:42:56: --- EPOCH 2/5 BAŞLIYOR ---
INFO: 2025-05-04 17:42:56: Epoch 2 için 2 batch işlenecek
INFO: 2025-05-04 17:42:56: Batch 1 işleniyor, boyut: (128, 330, 330, 3)
INFO: 2025-05-04 17:43:00: Epoch 2/5 |███████████████---------------| 50.0% İşlendi: 1/2, Loss: 0.689614
INFO: 2025-05-04 17:43:00: Batch 1/2, Loss: 0.689614, Avg Loss: 0.689614
INFO: 2025-05-04 17:43:00: Batch süresi: 4.07s, Tahmini kalan süre (epoch): 4.12s
INFO: 2025-05-04 17:43:00: Batch 2 işleniyor, boyut: (124, 330, 330, 3)
INFO: 2025-05-04 17:43:04: Epoch 2/5 |██████████████████████████████| 100.0% İşlendi: 2/2, Loss: 0.687904
INFO: 2025-05-04 17:43:04: 
INFO: 2025-05-04 17:43:04: Batch 2/2, Loss: 0.687904, Avg Loss: 0.687904
INFO: 2025-05-04 17:43:04: Batch süresi: 3.97s, Tahmini kalan süre (epoch): 0.00s
INFO: 2025-05-04 17:43:04: EPOCH 2 TAMAMLANDI: Ortalama Loss = 0.688759
INFO: 2025-05-04 17:43:04: Epoch süresi: 8.13 saniye
INFO: 2025-05-04 17:43:04: Model ağırlıkları kaydediliyor: checkpoints/rgb_supervised_classifier_n_2_simple/Classifier_epoch_2.weights.h5
INFO: 2025-05-04 17:43:04: Toplam eğitim süresi şu ana kadar: 18.38 saniye
INFO: 2025-05-04 17:43:04: Tahmini kalan süre: 27.57 saniye (~0.01 saat)
INFO: 2025-05-04 17:43:04: Durum dosyası güncellendi: training_simple_status.json
INFO: 2025-05-04 17:43:04: ===============================================================
INFO: 2025-05-04 17:43:04: --- EPOCH 3/5 BAŞLIYOR ---
INFO: 2025-05-04 17:43:04: Epoch 3 için 2 batch işlenecek
INFO: 2025-05-04 17:43:05: Batch 1 işleniyor, boyut: (128, 330, 330, 3)
INFO: 2025-05-04 17:43:09: Epoch 3/5 |███████████████---------------| 50.0% İşlendi: 1/2, Loss: 0.686031
INFO: 2025-05-04 17:43:09: Batch 1/2, Loss: 0.686031, Avg Loss: 0.686031
INFO: 2025-05-04 17:43:09: Batch süresi: 4.10s, Tahmini kalan süre (epoch): 4.12s
INFO: 2025-05-04 17:43:09: Batch 2 işleniyor, boyut: (124, 330, 330, 3)
INFO: 2025-05-04 17:43:12: Epoch 3/5 |██████████████████████████████| 100.0% İşlendi: 2/2, Loss: 0.684626
INFO: 2025-05-04 17:43:12: 
INFO: 2025-05-04 17:43:12: Batch 2/2, Loss: 0.684626, Avg Loss: 0.684626
INFO: 2025-05-04 17:43:12: Batch süresi: 3.85s, Tahmini kalan süre (epoch): 0.00s
INFO: 2025-05-04 17:43:12: EPOCH 3 TAMAMLANDI: Ortalama Loss = 0.685329
INFO: 2025-05-04 17:43:12: Epoch süresi: 8.00 saniye
INFO: 2025-05-04 17:43:12: Model ağırlıkları kaydediliyor: checkpoints/rgb_supervised_classifier_n_2_simple/Classifier_epoch_3.weights.h5
INFO: 2025-05-04 17:43:13: Toplam eğitim süresi şu ana kadar: 26.40 saniye
INFO: 2025-05-04 17:43:13: Tahmini kalan süre: 17.60 saniye (~0.00 saat)
INFO: 2025-05-04 17:43:13: Durum dosyası güncellendi: training_simple_status.json
INFO: 2025-05-04 17:43:13: ===============================================================
INFO: 2025-05-04 17:43:13: --- EPOCH 4/5 BAŞLIYOR ---
INFO: 2025-05-04 17:43:13: Epoch 4 için 2 batch işlenecek
INFO: 2025-05-04 17:43:13: Batch 1 işleniyor, boyut: (128, 330, 330, 3)
INFO: 2025-05-04 17:43:17: Epoch 4/5 |███████████████---------------| 50.0% İşlendi: 1/2, Loss: 0.683259
INFO: 2025-05-04 17:43:17: Batch 1/2, Loss: 0.683259, Avg Loss: 0.683259
INFO: 2025-05-04 17:43:17: Batch süresi: 4.31s, Tahmini kalan süre (epoch): 4.34s
INFO: 2025-05-04 17:43:17: Batch 2 işleniyor, boyut: (124, 330, 330, 3)
INFO: 2025-05-04 17:43:21: Epoch 4/5 |██████████████████████████████| 100.0% İşlendi: 2/2, Loss: 0.681314
INFO: 2025-05-04 17:43:21: 
INFO: 2025-05-04 17:43:21: Batch 2/2, Loss: 0.681314, Avg Loss: 0.681314
INFO: 2025-05-04 17:43:21: Batch süresi: 3.86s, Tahmini kalan süre (epoch): 0.00s
INFO: 2025-05-04 17:43:21: EPOCH 4 TAMAMLANDI: Ortalama Loss = 0.682287
INFO: 2025-05-04 17:43:21: Epoch süresi: 8.23 saniye
INFO: 2025-05-04 17:43:21: Model ağırlıkları kaydediliyor: checkpoints/rgb_supervised_classifier_n_2_simple/Classifier_epoch_4.weights.h5
INFO: 2025-05-04 17:43:21: Toplam eğitim süresi şu ana kadar: 34.65 saniye
INFO: 2025-05-04 17:43:21: Tahmini kalan süre: 8.66 saniye (~0.00 saat)
INFO: 2025-05-04 17:43:21: Durum dosyası güncellendi: training_simple_status.json
INFO: 2025-05-04 17:43:21: ===============================================================
INFO: 2025-05-04 17:43:21: --- EPOCH 5/5 BAŞLIYOR ---
INFO: 2025-05-04 17:43:21: Epoch 5 için 2 batch işlenecek
INFO: 2025-05-04 17:43:21: Batch 1 işleniyor, boyut: (128, 330, 330, 3)
INFO: 2025-05-04 17:43:25: Epoch 5/5 |███████████████---------------| 50.0% İşlendi: 1/2, Loss: 0.679401
INFO: 2025-05-04 17:43:25: Batch 1/2, Loss: 0.679401, Avg Loss: 0.679401
INFO: 2025-05-04 17:43:25: Batch süresi: 3.92s, Tahmini kalan süre (epoch): 3.95s
INFO: 2025-05-04 17:43:25: Batch 2 işleniyor, boyut: (124, 330, 330, 3)
INFO: 2025-05-04 17:43:29: Epoch 5/5 |██████████████████████████████| 100.0% İşlendi: 2/2, Loss: 0.677856
INFO: 2025-05-04 17:43:29: 
INFO: 2025-05-04 17:43:29: Batch 2/2, Loss: 0.677856, Avg Loss: 0.677856
INFO: 2025-05-04 17:43:29: Batch süresi: 3.82s, Tahmini kalan süre (epoch): 0.00s
INFO: 2025-05-04 17:43:29: EPOCH 5 TAMAMLANDI: Ortalama Loss = 0.678628
INFO: 2025-05-04 17:43:29: Epoch süresi: 7.80 saniye
INFO: 2025-05-04 17:43:29: Model ağırlıkları kaydediliyor: checkpoints/rgb_supervised_classifier_n_2_simple/Classifier_epoch_5.weights.h5
INFO: 2025-05-04 17:43:29: Toplam eğitim süresi şu ana kadar: 42.48 saniye
INFO: 2025-05-04 17:43:29: Tahmini kalan süre: 0.00 saniye (~0.00 saat)
INFO: 2025-05-04 17:43:29: Durum dosyası güncellendi: training_simple_status.json
INFO: 2025-05-04 17:43:29: 

========== EĞİTİM TAMAMLANDI! ==========
INFO: 2025-05-04 17:43:29: Toplam süre: 42.48 saniye (0.01 saat)
INFO: 2025-05-04 17:43:29: Son checkpoint: checkpoints/rgb_supervised_classifier_n_2_simple/Classifier_epoch_5.weights.h5
INFO: 2025-05-04 17:43:29: ==========================================


INFO: 2025-05-04 17:43:29: ===============================================================
INFO: 2025-05-04 17:43:29: EĞİTİM TAMAMLANDI! Toplam süre: 42.48 saniye (0.01 saat)
