INFO: 2025-05-04 17:41:51: PID = 82208

INFO: 2025-05-04 17:41:51: BASİT EĞİTİM MODU: Sadece 2 veri yolu, veri artırma kapalı
INFO: 2025-05-04 17:41:51: train_simple fonksiyonu başladı
INFO: 2025-05-04 17:41:51: Veri artırma devre dışı bırakıldı. Yeni konfigürasyon dosyası: ./supervised_classification/configuration_no_aug.yml
INFO: 2025-05-04 17:41:51: Konfigürasyon dosyası: ./supervised_classification/configuration_no_aug.yml
INFO: 2025-05-04 17:41:51: Checkpoint klasörü: rgb_supervised_classifier_n_2_simple
INFO: 2025-05-04 17:41:51: Sonuç klasörü: supervised_classifier_lr0.0001_simple
INFO: 2025-05-04 17:41:51: Start Model preparation.....
INFO: 2025-05-04 17:41:51: Start Train Data loading.....
INFO: 2025-05-04 17:41:51: Seed değeri: 42
INFO: 2025-05-04 17:41:51: DataGenTrain oluşturuluyor...
INFO: 2025-05-04 17:41:51: ClassifierDataLoader.__init__ başladı
INFO: 2025-05-04 17:41:51: Binary codes path: ./data/binary_templates/
INFO: 2025-05-04 17:41:51: Data paths: ['./data/original/rgb/', './data/fakes_1/paper_white/rgb/']
INFO: 2025-05-04 17:41:51: ClassifierDataLoader.__init__ tamamlandı
INFO: 2025-05-04 17:41:51: DataGenTrain.initDataSet() çağrılıyor...
INFO: 2025-05-04 17:41:51: ClassifierDataLoader.initDataSet başladı
INFO: 2025-05-04 17:41:51: __loadData fonksiyonu çağrılıyor...
INFO: 2025-05-04 17:41:51: __loadData başladı
INFO: 2025-05-04 17:41:51: Binary codes path içeriği listeleniyor: ./data/binary_templates/
INFO: 2025-05-04 17:41:51: Toplam dosya sayısı: 300
INFO: 2025-05-04 17:41:51: İlk 5 dosya: ['0001.png', '0002.png', '0003.png', '0004.png', '0005.png']
INFO: 2025-05-04 17:41:51: Seed: 42 ile indisler oluşturuluyor
INFO: 2025-05-04 17:41:51: __getIndices başladı, N=300
INFO: 2025-05-04 17:41:51: Toplam indis sayısı: 300
INFO: 2025-05-04 17:41:51: Kötü indisler çıkarılıyor: [29, 39, 104, 106, 110, 120, 130, 140, 141, 150, 174, 208, 226, 235, 244, 270, 280, 290, 300]
INFO: 2025-05-04 17:41:51: Kötü indisler çıkarıldıktan sonra indis sayısı: 281
INFO: 2025-05-04 17:41:51: train_test_split çağrılıyor...
INFO: 2025-05-04 17:41:51: train_indices: 140, test_indices: 141
INFO: 2025-05-04 17:41:51: validation için train_test_split çağrılıyor...
INFO: 2025-05-04 17:41:51: train_indices (final): 126, val_indices: 14
INFO: 2025-05-04 17:41:51: __getIndices tamamlandı
INFO: 2025-05-04 17:41:51: Eğitim indis sayısı: 126
INFO: 2025-05-04 17:41:51: Doğrulama indis sayısı: 14
INFO: 2025-05-04 17:41:51: Test indis sayısı: 141
INFO: 2025-05-04 17:41:51: Eğitim verileri yükleniyor...
INFO: 2025-05-04 17:41:51: __loadImages başladı
INFO: 2025-05-04 17:41:51: Yüklenecek indis sayısı: 126
INFO: 2025-05-04 17:41:51: Veri yolu sayısı (M): 2, İndis sayısı (N): 126
INFO: 2025-05-04 17:41:51: Toplam işlenecek görüntü sayısı: 252
INFO: 2025-05-04 17:41:51: Görüntü yükleniyor: 1/252 (%0.4)
INFO: 2025-05-04 17:41:51: Yükleniyor: ./data/original/rgb//0108.png
DEBUG: 2025-05-04 17:41:52: STREAM b'IHDR' 16 13
DEBUG: 2025-05-04 17:41:52: STREAM b'IDAT' 41 8192
DEBUG: 2025-05-04 17:41:52: STREAM b'IHDR' 16 13
DEBUG: 2025-05-04 17:41:52: STREAM b'IDAT' 41 8192
DEBUG: 2025-05-04 17:41:52: STREAM b'IHDR' 16 13
DEBUG: 2025-05-04 17:41:52: STREAM b'IDAT' 41 8192
DEBUG: 2025-05-04 17:41:52: STREAM b'IHDR' 16 13
DEBUG: 2025-05-04 17:41:52: STREAM b'IDAT' 41 8192
DEBUG: 2025-05-04 17:41:52: STREAM b'IHDR' 16 13
DEBUG: 2025-05-04 17:41:52: STREAM b'IDAT' 41 8192
DEBUG: 2025-05-04 17:41:52: STREAM b'IHDR' 16 13
DEBUG: 2025-05-04 17:41:52: STREAM b'IDAT' 41 8192
DEBUG: 2025-05-04 17:41:52: STREAM b'IHDR' 16 13
DEBUG: 2025-05-04 17:41:52: STREAM b'IDAT' 41 8192
DEBUG: 2025-05-04 17:41:52: STREAM b'IHDR' 16 13
DEBUG: 2025-05-04 17:41:52: STREAM b'IDAT' 41 8192
DEBUG: 2025-05-04 17:41:52: STREAM b'IHDR' 16 13
DEBUG: 2025-05-04 17:41:52: STREAM b'IDAT' 41 8192
DEBUG: 2025-05-04 17:41:52: STREAM b'IHDR' 16 13
DEBUG: 2025-05-04 17:41:52: STREAM b'IDAT' 41 8192
DEBUG: 2025-05-04 17:41:52: STREAM b'IHDR' 16 13
DEBUG: 2025-05-04 17:41:52: STREAM b'IDAT' 41 8192
DEBUG: 2025-05-04 17:41:52: STREAM b'IHDR' 16 13
DEBUG: 2025-05-04 17:41:52: STREAM b'IDAT' 41 8192
DEBUG: 2025-05-04 17:41:52: STREAM b'IHDR' 16 13
DEBUG: 2025-05-04 17:41:52: STREAM b'IDAT' 41 8192
DEBUG: 2025-05-04 17:41:52: STREAM b'IHDR' 16 13
DEBUG: 2025-05-04 17:41:52: STREAM b'IDAT' 41 8192
DEBUG: 2025-05-04 17:41:52: STREAM b'IHDR' 16 13
DEBUG: 2025-05-04 17:41:52: STREAM b'IDAT' 41 8192
DEBUG: 2025-05-04 17:41:52: STREAM b'IHDR' 16 13
DEBUG: 2025-05-04 17:41:52: STREAM b'IDAT' 41 8192
DEBUG: 2025-05-04 17:41:52: STREAM b'IHDR' 16 13
DEBUG: 2025-05-04 17:41:52: STREAM b'IDAT' 41 8192
DEBUG: 2025-05-04 17:41:52: STREAM b'IHDR' 16 13
DEBUG: 2025-05-04 17:41:52: STREAM b'IDAT' 41 8192
DEBUG: 2025-05-04 17:41:52: STREAM b'IHDR' 16 13
DEBUG: 2025-05-04 17:41:52: STREAM b'IDAT' 41 8192
DEBUG: 2025-05-04 17:41:52: STREAM b'IHDR' 16 13
DEBUG: 2025-05-04 17:41:52: STREAM b'IDAT' 41 8192
DEBUG: 2025-05-04 17:41:52: STREAM b'IHDR' 16 13
DEBUG: 2025-05-04 17:41:52: STREAM b'IDAT' 41 8192
DEBUG: 2025-05-04 17:41:52: STREAM b'IHDR' 16 13
DEBUG: 2025-05-04 17:41:52: STREAM b'IDAT' 41 8192
DEBUG: 2025-05-04 17:41:52: STREAM b'IHDR' 16 13
DEBUG: 2025-05-04 17:41:52: STREAM b'IDAT' 41 8192
DEBUG: 2025-05-04 17:41:52: STREAM b'IHDR' 16 13
DEBUG: 2025-05-04 17:41:52: STREAM b'IDAT' 41 8192
DEBUG: 2025-05-04 17:41:52: STREAM b'IHDR' 16 13
DEBUG: 2025-05-04 17:41:52: STREAM b'IDAT' 41 8192
DEBUG: 2025-05-04 17:41:52: STREAM b'IHDR' 16 13
DEBUG: 2025-05-04 17:41:52: STREAM b'IDAT' 41 8192
DEBUG: 2025-05-04 17:41:52: STREAM b'IHDR' 16 13
DEBUG: 2025-05-04 17:41:52: STREAM b'IDAT' 41 8192
DEBUG: 2025-05-04 17:41:52: STREAM b'IHDR' 16 13
DEBUG: 2025-05-04 17:41:52: STREAM b'IDAT' 41 8192
DEBUG: 2025-05-04 17:41:52: STREAM b'IHDR' 16 13
DEBUG: 2025-05-04 17:41:52: STREAM b'IDAT' 41 8192
DEBUG: 2025-05-04 17:41:52: STREAM b'IHDR' 16 13
DEBUG: 2025-05-04 17:41:52: STREAM b'IDAT' 41 8192
DEBUG: 2025-05-04 17:41:52: STREAM b'IHDR' 16 13
DEBUG: 2025-05-04 17:41:52: STREAM b'IDAT' 41 8192
DEBUG: 2025-05-04 17:41:52: STREAM b'IHDR' 16 13
DEBUG: 2025-05-04 17:41:52: STREAM b'IDAT' 41 8192
DEBUG: 2025-05-04 17:41:52: STREAM b'IHDR' 16 13
DEBUG: 2025-05-04 17:41:52: STREAM b'IDAT' 41 8192
DEBUG: 2025-05-04 17:41:52: STREAM b'IHDR' 16 13
DEBUG: 2025-05-04 17:41:52: STREAM b'IDAT' 41 8192
DEBUG: 2025-05-04 17:41:52: STREAM b'IHDR' 16 13
DEBUG: 2025-05-04 17:41:52: STREAM b'IDAT' 41 8192
DEBUG: 2025-05-04 17:41:52: STREAM b'IHDR' 16 13
DEBUG: 2025-05-04 17:41:52: STREAM b'IDAT' 41 8192
DEBUG: 2025-05-04 17:41:52: STREAM b'IHDR' 16 13
DEBUG: 2025-05-04 17:41:52: STREAM b'IDAT' 41 8192
DEBUG: 2025-05-04 17:41:52: STREAM b'IHDR' 16 13
DEBUG: 2025-05-04 17:41:52: STREAM b'IDAT' 41 8192
DEBUG: 2025-05-04 17:41:52: STREAM b'IHDR' 16 13
DEBUG: 2025-05-04 17:41:52: STREAM b'IDAT' 41 8192
DEBUG: 2025-05-04 17:41:52: STREAM b'IHDR' 16 13
DEBUG: 2025-05-04 17:41:52: STREAM b'IDAT' 41 8192
DEBUG: 2025-05-04 17:41:52: STREAM b'IHDR' 16 13
DEBUG: 2025-05-04 17:41:52: STREAM b'IDAT' 41 8192
DEBUG: 2025-05-04 17:41:52: STREAM b'IHDR' 16 13
DEBUG: 2025-05-04 17:41:52: STREAM b'IDAT' 41 8192
DEBUG: 2025-05-04 17:41:52: STREAM b'IHDR' 16 13
DEBUG: 2025-05-04 17:41:52: STREAM b'IDAT' 41 8192
DEBUG: 2025-05-04 17:41:52: STREAM b'IHDR' 16 13
DEBUG: 2025-05-04 17:41:52: STREAM b'IDAT' 41 8192
DEBUG: 2025-05-04 17:41:52: STREAM b'IHDR' 16 13
DEBUG: 2025-05-04 17:41:52: STREAM b'IDAT' 41 8192
DEBUG: 2025-05-04 17:41:52: STREAM b'IHDR' 16 13
DEBUG: 2025-05-04 17:41:52: STREAM b'IDAT' 41 8192
DEBUG: 2025-05-04 17:41:52: STREAM b'IHDR' 16 13
DEBUG: 2025-05-04 17:41:52: STREAM b'IDAT' 41 8192
DEBUG: 2025-05-04 17:41:52: STREAM b'IHDR' 16 13
DEBUG: 2025-05-04 17:41:52: STREAM b'IDAT' 41 8192
INFO: 2025-05-04 17:41:52: Görüntü yükleniyor: 25/252 (%9.9)
INFO: 2025-05-04 17:41:52: Yükleniyor: ./data/original/rgb//0202.png
DEBUG: 2025-05-04 17:41:52: STREAM b'IHDR' 16 13
DEBUG: 2025-05-04 17:41:52: STREAM b'IDAT' 41 8192
DEBUG: 2025-05-04 17:41:52: STREAM b'IHDR' 16 13
DEBUG: 2025-05-04 17:41:52: STREAM b'IDAT' 41 8192
DEBUG: 2025-05-04 17:41:52: STREAM b'IHDR' 16 13
DEBUG: 2025-05-04 17:41:52: STREAM b'IDAT' 41 8192
DEBUG: 2025-05-04 17:41:52: STREAM b'IHDR' 16 13
DEBUG: 2025-05-04 17:41:52: STREAM b'IDAT' 41 8192
DEBUG: 2025-05-04 17:41:52: STREAM b'IHDR' 16 13
DEBUG: 2025-05-04 17:41:52: STREAM b'IDAT' 41 8192
DEBUG: 2025-05-04 17:41:52: STREAM b'IHDR' 16 13
DEBUG: 2025-05-04 17:41:52: STREAM b'IDAT' 41 8192
DEBUG: 2025-05-04 17:41:52: STREAM b'IHDR' 16 13
DEBUG: 2025-05-04 17:41:52: STREAM b'IDAT' 41 8192
DEBUG: 2025-05-04 17:41:52: STREAM b'IHDR' 16 13
DEBUG: 2025-05-04 17:41:52: STREAM b'IDAT' 41 8192
DEBUG: 2025-05-04 17:41:52: STREAM b'IHDR' 16 13
DEBUG: 2025-05-04 17:41:52: STREAM b'IDAT' 41 8192
DEBUG: 2025-05-04 17:41:52: STREAM b'IHDR' 16 13
DEBUG: 2025-05-04 17:41:52: STREAM b'IDAT' 41 8192
DEBUG: 2025-05-04 17:41:52: STREAM b'IHDR' 16 13
DEBUG: 2025-05-04 17:41:52: STREAM b'IDAT' 41 8192
DEBUG: 2025-05-04 17:41:52: STREAM b'IHDR' 16 13
DEBUG: 2025-05-04 17:41:52: STREAM b'IDAT' 41 8192
DEBUG: 2025-05-04 17:41:52: STREAM b'IHDR' 16 13
DEBUG: 2025-05-04 17:41:52: STREAM b'IDAT' 41 8192
DEBUG: 2025-05-04 17:41:52: STREAM b'IHDR' 16 13
DEBUG: 2025-05-04 17:41:52: STREAM b'IDAT' 41 8192
DEBUG: 2025-05-04 17:41:52: STREAM b'IHDR' 16 13
DEBUG: 2025-05-04 17:41:52: STREAM b'IDAT' 41 8192
DEBUG: 2025-05-04 17:41:52: STREAM b'IHDR' 16 13
DEBUG: 2025-05-04 17:41:52: STREAM b'IDAT' 41 8192
DEBUG: 2025-05-04 17:41:52: STREAM b'IHDR' 16 13
DEBUG: 2025-05-04 17:41:52: STREAM b'IDAT' 41 8192
DEBUG: 2025-05-04 17:41:52: STREAM b'IHDR' 16 13
DEBUG: 2025-05-04 17:41:52: STREAM b'IDAT' 41 8192
DEBUG: 2025-05-04 17:41:52: STREAM b'IHDR' 16 13
DEBUG: 2025-05-04 17:41:52: STREAM b'IDAT' 41 8192
DEBUG: 2025-05-04 17:41:52: STREAM b'IHDR' 16 13
DEBUG: 2025-05-04 17:41:52: STREAM b'IDAT' 41 8192
DEBUG: 2025-05-04 17:41:52: STREAM b'IHDR' 16 13
DEBUG: 2025-05-04 17:41:52: STREAM b'IDAT' 41 8192
DEBUG: 2025-05-04 17:41:52: STREAM b'IHDR' 16 13
DEBUG: 2025-05-04 17:41:52: STREAM b'IDAT' 41 8192
DEBUG: 2025-05-04 17:41:52: STREAM b'IHDR' 16 13
DEBUG: 2025-05-04 17:41:52: STREAM b'IDAT' 41 8192
DEBUG: 2025-05-04 17:41:52: STREAM b'IHDR' 16 13
DEBUG: 2025-05-04 17:41:52: STREAM b'IDAT' 41 8192
DEBUG: 2025-05-04 17:41:52: STREAM b'IHDR' 16 13
DEBUG: 2025-05-04 17:41:52: STREAM b'IDAT' 41 8192
DEBUG: 2025-05-04 17:41:52: STREAM b'IHDR' 16 13
DEBUG: 2025-05-04 17:41:52: STREAM b'IDAT' 41 8192
DEBUG: 2025-05-04 17:41:52: STREAM b'IHDR' 16 13
DEBUG: 2025-05-04 17:41:52: STREAM b'IDAT' 41 8192
DEBUG: 2025-05-04 17:41:52: STREAM b'IHDR' 16 13
DEBUG: 2025-05-04 17:41:52: STREAM b'IDAT' 41 8192
DEBUG: 2025-05-04 17:41:52: STREAM b'IHDR' 16 13
DEBUG: 2025-05-04 17:41:52: STREAM b'IDAT' 41 8192
DEBUG: 2025-05-04 17:41:52: STREAM b'IHDR' 16 13
DEBUG: 2025-05-04 17:41:52: STREAM b'IDAT' 41 8192
DEBUG: 2025-05-04 17:41:52: STREAM b'IHDR' 16 13
DEBUG: 2025-05-04 17:41:52: STREAM b'IDAT' 41 8192
DEBUG: 2025-05-04 17:41:52: STREAM b'IHDR' 16 13
DEBUG: 2025-05-04 17:41:52: STREAM b'IDAT' 41 8192
DEBUG: 2025-05-04 17:41:52: STREAM b'IHDR' 16 13
DEBUG: 2025-05-04 17:41:52: STREAM b'IDAT' 41 8192
DEBUG: 2025-05-04 17:41:52: STREAM b'IHDR' 16 13
DEBUG: 2025-05-04 17:41:52: STREAM b'IDAT' 41 8192
DEBUG: 2025-05-04 17:41:52: STREAM b'IHDR' 16 13
DEBUG: 2025-05-04 17:41:52: STREAM b'IDAT' 41 8192
DEBUG: 2025-05-04 17:41:52: STREAM b'IHDR' 16 13
DEBUG: 2025-05-04 17:41:52: STREAM b'IDAT' 41 8192
DEBUG: 2025-05-04 17:41:52: STREAM b'IHDR' 16 13
DEBUG: 2025-05-04 17:41:52: STREAM b'IDAT' 41 8192
DEBUG: 2025-05-04 17:41:52: STREAM b'IHDR' 16 13
DEBUG: 2025-05-04 17:41:52: STREAM b'IDAT' 41 8192
DEBUG: 2025-05-04 17:41:52: STREAM b'IHDR' 16 13
DEBUG: 2025-05-04 17:41:52: STREAM b'IDAT' 41 8192
DEBUG: 2025-05-04 17:41:52: STREAM b'IHDR' 16 13
DEBUG: 2025-05-04 17:41:52: STREAM b'IDAT' 41 8192
DEBUG: 2025-05-04 17:41:52: STREAM b'IHDR' 16 13
DEBUG: 2025-05-04 17:41:52: STREAM b'IDAT' 41 8192
DEBUG: 2025-05-04 17:41:52: STREAM b'IHDR' 16 13
DEBUG: 2025-05-04 17:41:52: STREAM b'IDAT' 41 8192
DEBUG: 2025-05-04 17:41:52: STREAM b'IHDR' 16 13
DEBUG: 2025-05-04 17:41:52: STREAM b'IDAT' 41 8192
DEBUG: 2025-05-04 17:41:52: STREAM b'IHDR' 16 13
DEBUG: 2025-05-04 17:41:52: STREAM b'IDAT' 41 8192
DEBUG: 2025-05-04 17:41:52: STREAM b'IHDR' 16 13
DEBUG: 2025-05-04 17:41:52: STREAM b'IDAT' 41 8192
DEBUG: 2025-05-04 17:41:52: STREAM b'IHDR' 16 13
DEBUG: 2025-05-04 17:41:52: STREAM b'IDAT' 41 8192
DEBUG: 2025-05-04 17:41:52: STREAM b'IHDR' 16 13
DEBUG: 2025-05-04 17:41:52: STREAM b'IDAT' 41 8192
DEBUG: 2025-05-04 17:41:52: STREAM b'IHDR' 16 13
DEBUG: 2025-05-04 17:41:52: STREAM b'IDAT' 41 8192
DEBUG: 2025-05-04 17:41:52: STREAM b'IHDR' 16 13
DEBUG: 2025-05-04 17:41:52: STREAM b'IDAT' 41 8192
DEBUG: 2025-05-04 17:41:52: STREAM b'IHDR' 16 13
DEBUG: 2025-05-04 17:41:52: STREAM b'IDAT' 41 8192
INFO: 2025-05-04 17:41:52: Görüntü yükleniyor: 50/252 (%19.8)
INFO: 2025-05-04 17:41:52: Yükleniyor: ./data/fakes_1/paper_white/rgb//0018.png
DEBUG: 2025-05-04 17:41:52: STREAM b'IHDR' 16 13
DEBUG: 2025-05-04 17:41:52: STREAM b'IDAT' 41 8192
DEBUG: 2025-05-04 17:41:52: STREAM b'IHDR' 16 13
DEBUG: 2025-05-04 17:41:52: STREAM b'IDAT' 41 8192
DEBUG: 2025-05-04 17:41:52: STREAM b'IHDR' 16 13
DEBUG: 2025-05-04 17:41:52: STREAM b'IDAT' 41 8192
DEBUG: 2025-05-04 17:41:52: STREAM b'IHDR' 16 13
DEBUG: 2025-05-04 17:41:52: STREAM b'IDAT' 41 8192
DEBUG: 2025-05-04 17:41:52: STREAM b'IHDR' 16 13
DEBUG: 2025-05-04 17:41:52: STREAM b'IDAT' 41 8192
DEBUG: 2025-05-04 17:41:52: STREAM b'IHDR' 16 13
DEBUG: 2025-05-04 17:41:52: STREAM b'IDAT' 41 8192
DEBUG: 2025-05-04 17:41:52: STREAM b'IHDR' 16 13
DEBUG: 2025-05-04 17:41:52: STREAM b'IDAT' 41 8192
DEBUG: 2025-05-04 17:41:52: STREAM b'IHDR' 16 13
DEBUG: 2025-05-04 17:41:52: STREAM b'IDAT' 41 8192
DEBUG: 2025-05-04 17:41:52: STREAM b'IHDR' 16 13
DEBUG: 2025-05-04 17:41:52: STREAM b'IDAT' 41 8192
DEBUG: 2025-05-04 17:41:52: STREAM b'IHDR' 16 13
DEBUG: 2025-05-04 17:41:52: STREAM b'IDAT' 41 8192
DEBUG: 2025-05-04 17:41:52: STREAM b'IHDR' 16 13
DEBUG: 2025-05-04 17:41:52: STREAM b'IDAT' 41 8192
DEBUG: 2025-05-04 17:41:52: STREAM b'IHDR' 16 13
DEBUG: 2025-05-04 17:41:52: STREAM b'IDAT' 41 8192
DEBUG: 2025-05-04 17:41:52: STREAM b'IHDR' 16 13
DEBUG: 2025-05-04 17:41:52: STREAM b'IDAT' 41 8192
DEBUG: 2025-05-04 17:41:52: STREAM b'IHDR' 16 13
DEBUG: 2025-05-04 17:41:52: STREAM b'IDAT' 41 8192
DEBUG: 2025-05-04 17:41:52: STREAM b'IHDR' 16 13
DEBUG: 2025-05-04 17:41:52: STREAM b'IDAT' 41 8192
DEBUG: 2025-05-04 17:41:52: STREAM b'IHDR' 16 13
DEBUG: 2025-05-04 17:41:52: STREAM b'IDAT' 41 8192
DEBUG: 2025-05-04 17:41:52: STREAM b'IHDR' 16 13
DEBUG: 2025-05-04 17:41:52: STREAM b'IDAT' 41 8192
DEBUG: 2025-05-04 17:41:52: STREAM b'IHDR' 16 13
DEBUG: 2025-05-04 17:41:52: STREAM b'IDAT' 41 8192
DEBUG: 2025-05-04 17:41:52: STREAM b'IHDR' 16 13
DEBUG: 2025-05-04 17:41:52: STREAM b'IDAT' 41 8192
DEBUG: 2025-05-04 17:41:52: STREAM b'IHDR' 16 13
DEBUG: 2025-05-04 17:41:52: STREAM b'IDAT' 41 8192
DEBUG: 2025-05-04 17:41:52: STREAM b'IHDR' 16 13
DEBUG: 2025-05-04 17:41:52: STREAM b'IDAT' 41 8192
DEBUG: 2025-05-04 17:41:52: STREAM b'IHDR' 16 13
DEBUG: 2025-05-04 17:41:52: STREAM b'IDAT' 41 8192
DEBUG: 2025-05-04 17:41:52: STREAM b'IHDR' 16 13
DEBUG: 2025-05-04 17:41:52: STREAM b'IDAT' 41 8192
DEBUG: 2025-05-04 17:41:52: STREAM b'IHDR' 16 13
DEBUG: 2025-05-04 17:41:52: STREAM b'IDAT' 41 8192
DEBUG: 2025-05-04 17:41:52: STREAM b'IHDR' 16 13
DEBUG: 2025-05-04 17:41:52: STREAM b'IDAT' 41 8192
DEBUG: 2025-05-04 17:41:52: STREAM b'IHDR' 16 13
DEBUG: 2025-05-04 17:41:52: STREAM b'IDAT' 41 8192
DEBUG: 2025-05-04 17:41:52: STREAM b'IHDR' 16 13
DEBUG: 2025-05-04 17:41:52: STREAM b'IDAT' 41 8192
DEBUG: 2025-05-04 17:41:52: STREAM b'IHDR' 16 13
DEBUG: 2025-05-04 17:41:52: STREAM b'IDAT' 41 8192
DEBUG: 2025-05-04 17:41:52: STREAM b'IHDR' 16 13
DEBUG: 2025-05-04 17:41:52: STREAM b'IDAT' 41 8192
DEBUG: 2025-05-04 17:41:52: STREAM b'IHDR' 16 13
DEBUG: 2025-05-04 17:41:52: STREAM b'IDAT' 41 8192
DEBUG: 2025-05-04 17:41:52: STREAM b'IHDR' 16 13
DEBUG: 2025-05-04 17:41:52: STREAM b'IDAT' 41 8192
DEBUG: 2025-05-04 17:41:52: STREAM b'IHDR' 16 13
DEBUG: 2025-05-04 17:41:52: STREAM b'IDAT' 41 8192
DEBUG: 2025-05-04 17:41:52: STREAM b'IHDR' 16 13
DEBUG: 2025-05-04 17:41:52: STREAM b'IDAT' 41 8192
DEBUG: 2025-05-04 17:41:52: STREAM b'IHDR' 16 13
DEBUG: 2025-05-04 17:41:52: STREAM b'IDAT' 41 8192
DEBUG: 2025-05-04 17:41:52: STREAM b'IHDR' 16 13
DEBUG: 2025-05-04 17:41:52: STREAM b'IDAT' 41 8192
DEBUG: 2025-05-04 17:41:52: STREAM b'IHDR' 16 13
DEBUG: 2025-05-04 17:41:52: STREAM b'IDAT' 41 8192
DEBUG: 2025-05-04 17:41:52: STREAM b'IHDR' 16 13
DEBUG: 2025-05-04 17:41:52: STREAM b'IDAT' 41 8192
DEBUG: 2025-05-04 17:41:52: STREAM b'IHDR' 16 13
DEBUG: 2025-05-04 17:41:52: STREAM b'IDAT' 41 8192
DEBUG: 2025-05-04 17:41:52: STREAM b'IHDR' 16 13
DEBUG: 2025-05-04 17:41:52: STREAM b'IDAT' 41 8192
DEBUG: 2025-05-04 17:41:52: STREAM b'IHDR' 16 13
DEBUG: 2025-05-04 17:41:52: STREAM b'IDAT' 41 8192
DEBUG: 2025-05-04 17:41:52: STREAM b'IHDR' 16 13
DEBUG: 2025-05-04 17:41:52: STREAM b'IDAT' 41 8192
DEBUG: 2025-05-04 17:41:52: STREAM b'IHDR' 16 13
DEBUG: 2025-05-04 17:41:52: STREAM b'IDAT' 41 8192
DEBUG: 2025-05-04 17:41:52: STREAM b'IHDR' 16 13
DEBUG: 2025-05-04 17:41:52: STREAM b'IDAT' 41 8192
DEBUG: 2025-05-04 17:41:52: STREAM b'IHDR' 16 13
DEBUG: 2025-05-04 17:41:52: STREAM b'IDAT' 41 8192
DEBUG: 2025-05-04 17:41:52: STREAM b'IHDR' 16 13
DEBUG: 2025-05-04 17:41:52: STREAM b'IDAT' 41 8192
DEBUG: 2025-05-04 17:41:52: STREAM b'IHDR' 16 13
DEBUG: 2025-05-04 17:41:52: STREAM b'IDAT' 41 8192
DEBUG: 2025-05-04 17:41:52: STREAM b'IHDR' 16 13
DEBUG: 2025-05-04 17:41:52: STREAM b'IDAT' 41 8192
DEBUG: 2025-05-04 17:41:52: STREAM b'IHDR' 16 13
DEBUG: 2025-05-04 17:41:52: STREAM b'IDAT' 41 8192
DEBUG: 2025-05-04 17:41:52: STREAM b'IHDR' 16 13
DEBUG: 2025-05-04 17:41:52: STREAM b'IDAT' 41 8192
DEBUG: 2025-05-04 17:41:52: STREAM b'IHDR' 16 13
DEBUG: 2025-05-04 17:41:52: STREAM b'IDAT' 41 8192
INFO: 2025-05-04 17:41:52: Görüntü yükleniyor: 75/252 (%29.8)
INFO: 2025-05-04 17:41:52: Yükleniyor: ./data/original/rgb//0043.png
DEBUG: 2025-05-04 17:41:52: STREAM b'IHDR' 16 13
DEBUG: 2025-05-04 17:41:52: STREAM b'IDAT' 41 8192
DEBUG: 2025-05-04 17:41:52: STREAM b'IHDR' 16 13
DEBUG: 2025-05-04 17:41:52: STREAM b'IDAT' 41 8192
DEBUG: 2025-05-04 17:41:52: STREAM b'IHDR' 16 13
DEBUG: 2025-05-04 17:41:52: STREAM b'IDAT' 41 8192
DEBUG: 2025-05-04 17:41:52: STREAM b'IHDR' 16 13
DEBUG: 2025-05-04 17:41:52: STREAM b'IDAT' 41 8192
DEBUG: 2025-05-04 17:41:52: STREAM b'IHDR' 16 13
DEBUG: 2025-05-04 17:41:52: STREAM b'IDAT' 41 8192
DEBUG: 2025-05-04 17:41:52: STREAM b'IHDR' 16 13
DEBUG: 2025-05-04 17:41:52: STREAM b'IDAT' 41 8192
DEBUG: 2025-05-04 17:41:52: STREAM b'IHDR' 16 13
DEBUG: 2025-05-04 17:41:52: STREAM b'IDAT' 41 8192
DEBUG: 2025-05-04 17:41:52: STREAM b'IHDR' 16 13
DEBUG: 2025-05-04 17:41:52: STREAM b'IDAT' 41 8192
DEBUG: 2025-05-04 17:41:52: STREAM b'IHDR' 16 13
DEBUG: 2025-05-04 17:41:52: STREAM b'IDAT' 41 8192
DEBUG: 2025-05-04 17:41:52: STREAM b'IHDR' 16 13
DEBUG: 2025-05-04 17:41:52: STREAM b'IDAT' 41 8192
DEBUG: 2025-05-04 17:41:52: STREAM b'IHDR' 16 13
DEBUG: 2025-05-04 17:41:52: STREAM b'IDAT' 41 8192
DEBUG: 2025-05-04 17:41:52: STREAM b'IHDR' 16 13
DEBUG: 2025-05-04 17:41:52: STREAM b'IDAT' 41 8192
DEBUG: 2025-05-04 17:41:52: STREAM b'IHDR' 16 13
DEBUG: 2025-05-04 17:41:52: STREAM b'IDAT' 41 8192
DEBUG: 2025-05-04 17:41:52: STREAM b'IHDR' 16 13
DEBUG: 2025-05-04 17:41:52: STREAM b'IDAT' 41 8192
DEBUG: 2025-05-04 17:41:52: STREAM b'IHDR' 16 13
DEBUG: 2025-05-04 17:41:52: STREAM b'IDAT' 41 8192
DEBUG: 2025-05-04 17:41:52: STREAM b'IHDR' 16 13
DEBUG: 2025-05-04 17:41:52: STREAM b'IDAT' 41 8192
DEBUG: 2025-05-04 17:41:52: STREAM b'IHDR' 16 13
DEBUG: 2025-05-04 17:41:52: STREAM b'IDAT' 41 8192
DEBUG: 2025-05-04 17:41:52: STREAM b'IHDR' 16 13
DEBUG: 2025-05-04 17:41:52: STREAM b'IDAT' 41 8192
DEBUG: 2025-05-04 17:41:52: STREAM b'IHDR' 16 13
DEBUG: 2025-05-04 17:41:52: STREAM b'IDAT' 41 8192
DEBUG: 2025-05-04 17:41:52: STREAM b'IHDR' 16 13
DEBUG: 2025-05-04 17:41:52: STREAM b'IDAT' 41 8192
DEBUG: 2025-05-04 17:41:53: STREAM b'IHDR' 16 13
DEBUG: 2025-05-04 17:41:53: STREAM b'IDAT' 41 8192
DEBUG: 2025-05-04 17:41:53: STREAM b'IHDR' 16 13
DEBUG: 2025-05-04 17:41:53: STREAM b'IDAT' 41 8192
DEBUG: 2025-05-04 17:41:53: STREAM b'IHDR' 16 13
DEBUG: 2025-05-04 17:41:53: STREAM b'IDAT' 41 8192
DEBUG: 2025-05-04 17:41:53: STREAM b'IHDR' 16 13
DEBUG: 2025-05-04 17:41:53: STREAM b'IDAT' 41 8192
DEBUG: 2025-05-04 17:41:53: STREAM b'IHDR' 16 13
DEBUG: 2025-05-04 17:41:53: STREAM b'IDAT' 41 8192
DEBUG: 2025-05-04 17:41:53: STREAM b'IHDR' 16 13
DEBUG: 2025-05-04 17:41:53: STREAM b'IDAT' 41 8192
DEBUG: 2025-05-04 17:41:53: STREAM b'IHDR' 16 13
DEBUG: 2025-05-04 17:41:53: STREAM b'IDAT' 41 8192
DEBUG: 2025-05-04 17:41:53: STREAM b'IHDR' 16 13
DEBUG: 2025-05-04 17:41:53: STREAM b'IDAT' 41 8192
DEBUG: 2025-05-04 17:41:53: STREAM b'IHDR' 16 13
DEBUG: 2025-05-04 17:41:53: STREAM b'IDAT' 41 8192
DEBUG: 2025-05-04 17:41:53: STREAM b'IHDR' 16 13
DEBUG: 2025-05-04 17:41:53: STREAM b'IDAT' 41 8192
DEBUG: 2025-05-04 17:41:53: STREAM b'IHDR' 16 13
DEBUG: 2025-05-04 17:41:53: STREAM b'IDAT' 41 8192
DEBUG: 2025-05-04 17:41:53: STREAM b'IHDR' 16 13
DEBUG: 2025-05-04 17:41:53: STREAM b'IDAT' 41 8192
DEBUG: 2025-05-04 17:41:53: STREAM b'IHDR' 16 13
DEBUG: 2025-05-04 17:41:53: STREAM b'IDAT' 41 8192
DEBUG: 2025-05-04 17:41:53: STREAM b'IHDR' 16 13
DEBUG: 2025-05-04 17:41:53: STREAM b'IDAT' 41 8192
DEBUG: 2025-05-04 17:41:53: STREAM b'IHDR' 16 13
DEBUG: 2025-05-04 17:41:53: STREAM b'IDAT' 41 8192
DEBUG: 2025-05-04 17:41:53: STREAM b'IHDR' 16 13
DEBUG: 2025-05-04 17:41:53: STREAM b'IDAT' 41 8192
DEBUG: 2025-05-04 17:41:53: STREAM b'IHDR' 16 13
DEBUG: 2025-05-04 17:41:53: STREAM b'IDAT' 41 8192
DEBUG: 2025-05-04 17:41:53: STREAM b'IHDR' 16 13
DEBUG: 2025-05-04 17:41:53: STREAM b'IDAT' 41 8192
DEBUG: 2025-05-04 17:41:53: STREAM b'IHDR' 16 13
DEBUG: 2025-05-04 17:41:53: STREAM b'IDAT' 41 8192
DEBUG: 2025-05-04 17:41:53: STREAM b'IHDR' 16 13
DEBUG: 2025-05-04 17:41:53: STREAM b'IDAT' 41 8192
DEBUG: 2025-05-04 17:41:53: STREAM b'IHDR' 16 13
DEBUG: 2025-05-04 17:41:53: STREAM b'IDAT' 41 8192
DEBUG: 2025-05-04 17:41:53: STREAM b'IHDR' 16 13
DEBUG: 2025-05-04 17:41:53: STREAM b'IDAT' 41 8192
DEBUG: 2025-05-04 17:41:53: STREAM b'IHDR' 16 13
DEBUG: 2025-05-04 17:41:53: STREAM b'IDAT' 41 8192
DEBUG: 2025-05-04 17:41:53: STREAM b'IHDR' 16 13
DEBUG: 2025-05-04 17:41:53: STREAM b'IDAT' 41 8192
DEBUG: 2025-05-04 17:41:53: STREAM b'IHDR' 16 13
DEBUG: 2025-05-04 17:41:53: STREAM b'IDAT' 41 8192
DEBUG: 2025-05-04 17:41:53: STREAM b'IHDR' 16 13
DEBUG: 2025-05-04 17:41:53: STREAM b'IDAT' 41 8192
DEBUG: 2025-05-04 17:41:53: STREAM b'IHDR' 16 13
DEBUG: 2025-05-04 17:41:53: STREAM b'IDAT' 41 8192
DEBUG: 2025-05-04 17:41:53: STREAM b'IHDR' 16 13
DEBUG: 2025-05-04 17:41:53: STREAM b'IDAT' 41 8192
DEBUG: 2025-05-04 17:41:53: STREAM b'IHDR' 16 13
DEBUG: 2025-05-04 17:41:53: STREAM b'IDAT' 41 8192
DEBUG: 2025-05-04 17:41:53: STREAM b'IHDR' 16 13
DEBUG: 2025-05-04 17:41:53: STREAM b'IDAT' 41 8192
INFO: 2025-05-04 17:41:53: Görüntü yükleniyor: 100/252 (%39.7)
INFO: 2025-05-04 17:41:53: Yükleniyor: ./data/fakes_1/paper_white/rgb//0145.png
DEBUG: 2025-05-04 17:41:53: STREAM b'IHDR' 16 13
DEBUG: 2025-05-04 17:41:53: STREAM b'IDAT' 41 8192
DEBUG: 2025-05-04 17:41:53: STREAM b'IHDR' 16 13
DEBUG: 2025-05-04 17:41:53: STREAM b'IDAT' 41 8192
DEBUG: 2025-05-04 17:41:53: STREAM b'IHDR' 16 13
DEBUG: 2025-05-04 17:41:53: STREAM b'IDAT' 41 8192
DEBUG: 2025-05-04 17:41:53: STREAM b'IHDR' 16 13
DEBUG: 2025-05-04 17:41:53: STREAM b'IDAT' 41 8192
DEBUG: 2025-05-04 17:41:53: STREAM b'IHDR' 16 13
DEBUG: 2025-05-04 17:41:53: STREAM b'IDAT' 41 8192
DEBUG: 2025-05-04 17:41:53: STREAM b'IHDR' 16 13
DEBUG: 2025-05-04 17:41:53: STREAM b'IDAT' 41 8192
DEBUG: 2025-05-04 17:41:53: STREAM b'IHDR' 16 13
DEBUG: 2025-05-04 17:41:53: STREAM b'IDAT' 41 8192
DEBUG: 2025-05-04 17:41:53: STREAM b'IHDR' 16 13
DEBUG: 2025-05-04 17:41:53: STREAM b'IDAT' 41 8192
DEBUG: 2025-05-04 17:41:53: STREAM b'IHDR' 16 13
DEBUG: 2025-05-04 17:41:53: STREAM b'IDAT' 41 8192
DEBUG: 2025-05-04 17:41:53: STREAM b'IHDR' 16 13
DEBUG: 2025-05-04 17:41:53: STREAM b'IDAT' 41 8192
DEBUG: 2025-05-04 17:41:53: STREAM b'IHDR' 16 13
DEBUG: 2025-05-04 17:41:53: STREAM b'IDAT' 41 8192
DEBUG: 2025-05-04 17:41:53: STREAM b'IHDR' 16 13
DEBUG: 2025-05-04 17:41:53: STREAM b'IDAT' 41 8192
DEBUG: 2025-05-04 17:41:53: STREAM b'IHDR' 16 13
DEBUG: 2025-05-04 17:41:53: STREAM b'IDAT' 41 8192
DEBUG: 2025-05-04 17:41:53: STREAM b'IHDR' 16 13
DEBUG: 2025-05-04 17:41:53: STREAM b'IDAT' 41 8192
DEBUG: 2025-05-04 17:41:53: STREAM b'IHDR' 16 13
DEBUG: 2025-05-04 17:41:53: STREAM b'IDAT' 41 8192
DEBUG: 2025-05-04 17:41:53: STREAM b'IHDR' 16 13
DEBUG: 2025-05-04 17:41:53: STREAM b'IDAT' 41 8192
DEBUG: 2025-05-04 17:41:53: STREAM b'IHDR' 16 13
DEBUG: 2025-05-04 17:41:53: STREAM b'IDAT' 41 8192
DEBUG: 2025-05-04 17:41:53: STREAM b'IHDR' 16 13
DEBUG: 2025-05-04 17:41:53: STREAM b'IDAT' 41 8192
DEBUG: 2025-05-04 17:41:53: STREAM b'IHDR' 16 13
DEBUG: 2025-05-04 17:41:53: STREAM b'IDAT' 41 8192
DEBUG: 2025-05-04 17:41:53: STREAM b'IHDR' 16 13
DEBUG: 2025-05-04 17:41:53: STREAM b'IDAT' 41 8192
DEBUG: 2025-05-04 17:41:53: STREAM b'IHDR' 16 13
DEBUG: 2025-05-04 17:41:53: STREAM b'IDAT' 41 8192
DEBUG: 2025-05-04 17:41:53: STREAM b'IHDR' 16 13
DEBUG: 2025-05-04 17:41:53: STREAM b'IDAT' 41 8192
DEBUG: 2025-05-04 17:41:53: STREAM b'IHDR' 16 13
DEBUG: 2025-05-04 17:41:53: STREAM b'IDAT' 41 8192
DEBUG: 2025-05-04 17:41:53: STREAM b'IHDR' 16 13
DEBUG: 2025-05-04 17:41:53: STREAM b'IDAT' 41 8192
DEBUG: 2025-05-04 17:41:53: STREAM b'IHDR' 16 13
DEBUG: 2025-05-04 17:41:53: STREAM b'IDAT' 41 8192
DEBUG: 2025-05-04 17:41:53: STREAM b'IHDR' 16 13
DEBUG: 2025-05-04 17:41:53: STREAM b'IDAT' 41 8192
DEBUG: 2025-05-04 17:41:53: STREAM b'IHDR' 16 13
DEBUG: 2025-05-04 17:41:53: STREAM b'IDAT' 41 8192
DEBUG: 2025-05-04 17:41:53: STREAM b'IHDR' 16 13
DEBUG: 2025-05-04 17:41:53: STREAM b'IDAT' 41 8192
DEBUG: 2025-05-04 17:41:53: STREAM b'IHDR' 16 13
DEBUG: 2025-05-04 17:41:53: STREAM b'IDAT' 41 8192
DEBUG: 2025-05-04 17:41:53: STREAM b'IHDR' 16 13
DEBUG: 2025-05-04 17:41:53: STREAM b'IDAT' 41 8192
DEBUG: 2025-05-04 17:41:53: STREAM b'IHDR' 16 13
DEBUG: 2025-05-04 17:41:53: STREAM b'IDAT' 41 8192
DEBUG: 2025-05-04 17:41:53: STREAM b'IHDR' 16 13
DEBUG: 2025-05-04 17:41:53: STREAM b'IDAT' 41 8192
DEBUG: 2025-05-04 17:41:53: STREAM b'IHDR' 16 13
DEBUG: 2025-05-04 17:41:53: STREAM b'IDAT' 41 8192
DEBUG: 2025-05-04 17:41:53: STREAM b'IHDR' 16 13
DEBUG: 2025-05-04 17:41:53: STREAM b'IDAT' 41 8192
DEBUG: 2025-05-04 17:41:53: STREAM b'IHDR' 16 13
DEBUG: 2025-05-04 17:41:53: STREAM b'IDAT' 41 8192
DEBUG: 2025-05-04 17:41:53: STREAM b'IHDR' 16 13
DEBUG: 2025-05-04 17:41:53: STREAM b'IDAT' 41 8192
DEBUG: 2025-05-04 17:41:53: STREAM b'IHDR' 16 13
DEBUG: 2025-05-04 17:41:53: STREAM b'IDAT' 41 8192
DEBUG: 2025-05-04 17:41:53: STREAM b'IHDR' 16 13
DEBUG: 2025-05-04 17:41:53: STREAM b'IDAT' 41 8192
DEBUG: 2025-05-04 17:41:53: STREAM b'IHDR' 16 13
DEBUG: 2025-05-04 17:41:53: STREAM b'IDAT' 41 8192
DEBUG: 2025-05-04 17:41:53: STREAM b'IHDR' 16 13
DEBUG: 2025-05-04 17:41:53: STREAM b'IDAT' 41 8192
DEBUG: 2025-05-04 17:41:53: STREAM b'IHDR' 16 13
DEBUG: 2025-05-04 17:41:53: STREAM b'IDAT' 41 8192
DEBUG: 2025-05-04 17:41:53: STREAM b'IHDR' 16 13
DEBUG: 2025-05-04 17:41:53: STREAM b'IDAT' 41 8192
DEBUG: 2025-05-04 17:41:53: STREAM b'IHDR' 16 13
DEBUG: 2025-05-04 17:41:53: STREAM b'IDAT' 41 8192
DEBUG: 2025-05-04 17:41:53: STREAM b'IHDR' 16 13
DEBUG: 2025-05-04 17:41:53: STREAM b'IDAT' 41 8192
DEBUG: 2025-05-04 17:41:53: STREAM b'IHDR' 16 13
DEBUG: 2025-05-04 17:41:53: STREAM b'IDAT' 41 8192
DEBUG: 2025-05-04 17:41:53: STREAM b'IHDR' 16 13
DEBUG: 2025-05-04 17:41:53: STREAM b'IDAT' 41 8192
DEBUG: 2025-05-04 17:41:53: STREAM b'IHDR' 16 13
DEBUG: 2025-05-04 17:41:53: STREAM b'IDAT' 41 8192
DEBUG: 2025-05-04 17:41:53: STREAM b'IHDR' 16 13
DEBUG: 2025-05-04 17:41:53: STREAM b'IDAT' 41 8192
DEBUG: 2025-05-04 17:41:53: STREAM b'IHDR' 16 13
DEBUG: 2025-05-04 17:41:53: STREAM b'IDAT' 41 8192
DEBUG: 2025-05-04 17:41:53: STREAM b'IHDR' 16 13
DEBUG: 2025-05-04 17:41:53: STREAM b'IDAT' 41 8192
INFO: 2025-05-04 17:41:53: Görüntü yükleniyor: 125/252 (%49.6)
INFO: 2025-05-04 17:41:53: Yükleniyor: ./data/original/rgb//0220.png
DEBUG: 2025-05-04 17:41:53: STREAM b'IHDR' 16 13
DEBUG: 2025-05-04 17:41:53: STREAM b'IDAT' 41 8192
DEBUG: 2025-05-04 17:41:53: STREAM b'IHDR' 16 13
DEBUG: 2025-05-04 17:41:53: STREAM b'IDAT' 41 8192
DEBUG: 2025-05-04 17:41:53: STREAM b'IHDR' 16 13
DEBUG: 2025-05-04 17:41:53: STREAM b'IDAT' 41 8192
DEBUG: 2025-05-04 17:41:53: STREAM b'IHDR' 16 13
DEBUG: 2025-05-04 17:41:53: STREAM b'IDAT' 41 8192
DEBUG: 2025-05-04 17:41:53: STREAM b'IHDR' 16 13
DEBUG: 2025-05-04 17:41:53: STREAM b'IDAT' 41 8192
DEBUG: 2025-05-04 17:41:53: STREAM b'IHDR' 16 13
DEBUG: 2025-05-04 17:41:53: STREAM b'IDAT' 41 8192
DEBUG: 2025-05-04 17:41:53: STREAM b'IHDR' 16 13
DEBUG: 2025-05-04 17:41:53: STREAM b'IDAT' 41 8192
DEBUG: 2025-05-04 17:41:53: STREAM b'IHDR' 16 13
DEBUG: 2025-05-04 17:41:53: STREAM b'IDAT' 41 8192
DEBUG: 2025-05-04 17:41:53: STREAM b'IHDR' 16 13
DEBUG: 2025-05-04 17:41:53: STREAM b'IDAT' 41 8192
DEBUG: 2025-05-04 17:41:53: STREAM b'IHDR' 16 13
DEBUG: 2025-05-04 17:41:53: STREAM b'IDAT' 41 8192
DEBUG: 2025-05-04 17:41:53: STREAM b'IHDR' 16 13
DEBUG: 2025-05-04 17:41:53: STREAM b'IDAT' 41 8192
DEBUG: 2025-05-04 17:41:53: STREAM b'IHDR' 16 13
DEBUG: 2025-05-04 17:41:53: STREAM b'IDAT' 41 8192
DEBUG: 2025-05-04 17:41:53: STREAM b'IHDR' 16 13
DEBUG: 2025-05-04 17:41:53: STREAM b'IDAT' 41 8192
DEBUG: 2025-05-04 17:41:53: STREAM b'IHDR' 16 13
DEBUG: 2025-05-04 17:41:53: STREAM b'IDAT' 41 8192
DEBUG: 2025-05-04 17:41:53: STREAM b'IHDR' 16 13
DEBUG: 2025-05-04 17:41:53: STREAM b'IDAT' 41 8192
DEBUG: 2025-05-04 17:41:53: STREAM b'IHDR' 16 13
DEBUG: 2025-05-04 17:41:53: STREAM b'IDAT' 41 8192
DEBUG: 2025-05-04 17:41:53: STREAM b'IHDR' 16 13
DEBUG: 2025-05-04 17:41:53: STREAM b'IDAT' 41 8192
DEBUG: 2025-05-04 17:41:53: STREAM b'IHDR' 16 13
DEBUG: 2025-05-04 17:41:53: STREAM b'IDAT' 41 8192
DEBUG: 2025-05-04 17:41:53: STREAM b'IHDR' 16 13
DEBUG: 2025-05-04 17:41:53: STREAM b'IDAT' 41 8192
DEBUG: 2025-05-04 17:41:53: STREAM b'IHDR' 16 13
DEBUG: 2025-05-04 17:41:53: STREAM b'IDAT' 41 8192
DEBUG: 2025-05-04 17:41:53: STREAM b'IHDR' 16 13
DEBUG: 2025-05-04 17:41:53: STREAM b'IDAT' 41 8192
DEBUG: 2025-05-04 17:41:53: STREAM b'IHDR' 16 13
DEBUG: 2025-05-04 17:41:53: STREAM b'IDAT' 41 8192
DEBUG: 2025-05-04 17:41:53: STREAM b'IHDR' 16 13
DEBUG: 2025-05-04 17:41:53: STREAM b'IDAT' 41 8192
DEBUG: 2025-05-04 17:41:53: STREAM b'IHDR' 16 13
DEBUG: 2025-05-04 17:41:53: STREAM b'IDAT' 41 8192
DEBUG: 2025-05-04 17:41:53: STREAM b'IHDR' 16 13
DEBUG: 2025-05-04 17:41:53: STREAM b'IDAT' 41 8192
DEBUG: 2025-05-04 17:41:53: STREAM b'IHDR' 16 13
DEBUG: 2025-05-04 17:41:53: STREAM b'IDAT' 41 8192
DEBUG: 2025-05-04 17:41:53: STREAM b'IHDR' 16 13
DEBUG: 2025-05-04 17:41:53: STREAM b'IDAT' 41 8192
DEBUG: 2025-05-04 17:41:53: STREAM b'IHDR' 16 13
DEBUG: 2025-05-04 17:41:53: STREAM b'IDAT' 41 8192
DEBUG: 2025-05-04 17:41:53: STREAM b'IHDR' 16 13
DEBUG: 2025-05-04 17:41:53: STREAM b'IDAT' 41 8192
DEBUG: 2025-05-04 17:41:53: STREAM b'IHDR' 16 13
DEBUG: 2025-05-04 17:41:53: STREAM b'IDAT' 41 8192
DEBUG: 2025-05-04 17:41:53: STREAM b'IHDR' 16 13
DEBUG: 2025-05-04 17:41:53: STREAM b'IDAT' 41 8192
DEBUG: 2025-05-04 17:41:53: STREAM b'IHDR' 16 13
DEBUG: 2025-05-04 17:41:53: STREAM b'IDAT' 41 8192
DEBUG: 2025-05-04 17:41:53: STREAM b'IHDR' 16 13
DEBUG: 2025-05-04 17:41:53: STREAM b'IDAT' 41 8192
DEBUG: 2025-05-04 17:41:53: STREAM b'IHDR' 16 13
DEBUG: 2025-05-04 17:41:53: STREAM b'IDAT' 41 8192
DEBUG: 2025-05-04 17:41:53: STREAM b'IHDR' 16 13
DEBUG: 2025-05-04 17:41:53: STREAM b'IDAT' 41 8192
DEBUG: 2025-05-04 17:41:53: STREAM b'IHDR' 16 13
DEBUG: 2025-05-04 17:41:53: STREAM b'IDAT' 41 8192
DEBUG: 2025-05-04 17:41:53: STREAM b'IHDR' 16 13
DEBUG: 2025-05-04 17:41:53: STREAM b'IDAT' 41 8192
DEBUG: 2025-05-04 17:41:53: STREAM b'IHDR' 16 13
DEBUG: 2025-05-04 17:41:53: STREAM b'IDAT' 41 8192
DEBUG: 2025-05-04 17:41:53: STREAM b'IHDR' 16 13
DEBUG: 2025-05-04 17:41:53: STREAM b'IDAT' 41 8192
DEBUG: 2025-05-04 17:41:53: STREAM b'IHDR' 16 13
DEBUG: 2025-05-04 17:41:53: STREAM b'IDAT' 41 8192
DEBUG: 2025-05-04 17:41:53: STREAM b'IHDR' 16 13
DEBUG: 2025-05-04 17:41:53: STREAM b'IDAT' 41 8192
DEBUG: 2025-05-04 17:41:53: STREAM b'IHDR' 16 13
DEBUG: 2025-05-04 17:41:53: STREAM b'IDAT' 41 8192
DEBUG: 2025-05-04 17:41:53: STREAM b'IHDR' 16 13
DEBUG: 2025-05-04 17:41:53: STREAM b'IDAT' 41 8192
DEBUG: 2025-05-04 17:41:53: STREAM b'IHDR' 16 13
DEBUG: 2025-05-04 17:41:53: STREAM b'IDAT' 41 8192
DEBUG: 2025-05-04 17:41:53: STREAM b'IHDR' 16 13
DEBUG: 2025-05-04 17:41:53: STREAM b'IDAT' 41 8192
DEBUG: 2025-05-04 17:41:53: STREAM b'IHDR' 16 13
DEBUG: 2025-05-04 17:41:53: STREAM b'IDAT' 41 8192
DEBUG: 2025-05-04 17:41:53: STREAM b'IHDR' 16 13
DEBUG: 2025-05-04 17:41:53: STREAM b'IDAT' 41 8192
DEBUG: 2025-05-04 17:41:53: STREAM b'IHDR' 16 13
DEBUG: 2025-05-04 17:41:53: STREAM b'IDAT' 41 8192
DEBUG: 2025-05-04 17:41:53: STREAM b'IHDR' 16 13
DEBUG: 2025-05-04 17:41:53: STREAM b'IDAT' 41 8192
DEBUG: 2025-05-04 17:41:53: STREAM b'IHDR' 16 13
DEBUG: 2025-05-04 17:41:53: STREAM b'IDAT' 41 8192
INFO: 2025-05-04 17:41:53: Görüntü yükleniyor: 150/252 (%59.5)
INFO: 2025-05-04 17:41:53: Yükleniyor: ./data/fakes_1/paper_white/rgb//0067.png
DEBUG: 2025-05-04 17:41:53: STREAM b'IHDR' 16 13
DEBUG: 2025-05-04 17:41:53: STREAM b'IDAT' 41 8192
DEBUG: 2025-05-04 17:41:53: STREAM b'IHDR' 16 13
DEBUG: 2025-05-04 17:41:53: STREAM b'IDAT' 41 8192
DEBUG: 2025-05-04 17:41:53: STREAM b'IHDR' 16 13
DEBUG: 2025-05-04 17:41:53: STREAM b'IDAT' 41 8192
DEBUG: 2025-05-04 17:41:53: STREAM b'IHDR' 16 13
DEBUG: 2025-05-04 17:41:53: STREAM b'IDAT' 41 8192
DEBUG: 2025-05-04 17:41:53: STREAM b'IHDR' 16 13
DEBUG: 2025-05-04 17:41:53: STREAM b'IDAT' 41 8192
DEBUG: 2025-05-04 17:41:53: STREAM b'IHDR' 16 13
DEBUG: 2025-05-04 17:41:53: STREAM b'IDAT' 41 8192
DEBUG: 2025-05-04 17:41:53: STREAM b'IHDR' 16 13
DEBUG: 2025-05-04 17:41:53: STREAM b'IDAT' 41 8192
DEBUG: 2025-05-04 17:41:53: STREAM b'IHDR' 16 13
DEBUG: 2025-05-04 17:41:53: STREAM b'IDAT' 41 8192
DEBUG: 2025-05-04 17:41:53: STREAM b'IHDR' 16 13
DEBUG: 2025-05-04 17:41:53: STREAM b'IDAT' 41 8192
DEBUG: 2025-05-04 17:41:53: STREAM b'IHDR' 16 13
DEBUG: 2025-05-04 17:41:53: STREAM b'IDAT' 41 8192
DEBUG: 2025-05-04 17:41:53: STREAM b'IHDR' 16 13
DEBUG: 2025-05-04 17:41:53: STREAM b'IDAT' 41 8192
DEBUG: 2025-05-04 17:41:53: STREAM b'IHDR' 16 13
DEBUG: 2025-05-04 17:41:53: STREAM b'IDAT' 41 8192
DEBUG: 2025-05-04 17:41:53: STREAM b'IHDR' 16 13
DEBUG: 2025-05-04 17:41:53: STREAM b'IDAT' 41 8192
DEBUG: 2025-05-04 17:41:53: STREAM b'IHDR' 16 13
DEBUG: 2025-05-04 17:41:53: STREAM b'IDAT' 41 8192
DEBUG: 2025-05-04 17:41:53: STREAM b'IHDR' 16 13
DEBUG: 2025-05-04 17:41:53: STREAM b'IDAT' 41 8192
DEBUG: 2025-05-04 17:41:53: STREAM b'IHDR' 16 13
DEBUG: 2025-05-04 17:41:53: STREAM b'IDAT' 41 8192
DEBUG: 2025-05-04 17:41:53: STREAM b'IHDR' 16 13
DEBUG: 2025-05-04 17:41:53: STREAM b'IDAT' 41 8192
DEBUG: 2025-05-04 17:41:53: STREAM b'IHDR' 16 13
DEBUG: 2025-05-04 17:41:53: STREAM b'IDAT' 41 8192
DEBUG: 2025-05-04 17:41:53: STREAM b'IHDR' 16 13
DEBUG: 2025-05-04 17:41:53: STREAM b'IDAT' 41 8192
DEBUG: 2025-05-04 17:41:53: STREAM b'IHDR' 16 13
DEBUG: 2025-05-04 17:41:53: STREAM b'IDAT' 41 8192
DEBUG: 2025-05-04 17:41:53: STREAM b'IHDR' 16 13
DEBUG: 2025-05-04 17:41:53: STREAM b'IDAT' 41 8192
DEBUG: 2025-05-04 17:41:53: STREAM b'IHDR' 16 13
DEBUG: 2025-05-04 17:41:53: STREAM b'IDAT' 41 8192
DEBUG: 2025-05-04 17:41:53: STREAM b'IHDR' 16 13
DEBUG: 2025-05-04 17:41:53: STREAM b'IDAT' 41 8192
DEBUG: 2025-05-04 17:41:53: STREAM b'IHDR' 16 13
DEBUG: 2025-05-04 17:41:53: STREAM b'IDAT' 41 8192
DEBUG: 2025-05-04 17:41:53: STREAM b'IHDR' 16 13
DEBUG: 2025-05-04 17:41:53: STREAM b'IDAT' 41 8192
DEBUG: 2025-05-04 17:41:53: STREAM b'IHDR' 16 13
DEBUG: 2025-05-04 17:41:53: STREAM b'IDAT' 41 8192
DEBUG: 2025-05-04 17:41:53: STREAM b'IHDR' 16 13
DEBUG: 2025-05-04 17:41:53: STREAM b'IDAT' 41 8192
DEBUG: 2025-05-04 17:41:53: STREAM b'IHDR' 16 13
DEBUG: 2025-05-04 17:41:53: STREAM b'IDAT' 41 8192
DEBUG: 2025-05-04 17:41:53: STREAM b'IHDR' 16 13
DEBUG: 2025-05-04 17:41:53: STREAM b'IDAT' 41 8192
DEBUG: 2025-05-04 17:41:53: STREAM b'IHDR' 16 13
DEBUG: 2025-05-04 17:41:53: STREAM b'IDAT' 41 8192
DEBUG: 2025-05-04 17:41:53: STREAM b'IHDR' 16 13
DEBUG: 2025-05-04 17:41:53: STREAM b'IDAT' 41 8192
DEBUG: 2025-05-04 17:41:53: STREAM b'IHDR' 16 13
DEBUG: 2025-05-04 17:41:53: STREAM b'IDAT' 41 8192
DEBUG: 2025-05-04 17:41:53: STREAM b'IHDR' 16 13
DEBUG: 2025-05-04 17:41:53: STREAM b'IDAT' 41 8192
DEBUG: 2025-05-04 17:41:53: STREAM b'IHDR' 16 13
DEBUG: 2025-05-04 17:41:53: STREAM b'IDAT' 41 8192
DEBUG: 2025-05-04 17:41:53: STREAM b'IHDR' 16 13
DEBUG: 2025-05-04 17:41:53: STREAM b'IDAT' 41 8192
DEBUG: 2025-05-04 17:41:53: STREAM b'IHDR' 16 13
DEBUG: 2025-05-04 17:41:53: STREAM b'IDAT' 41 8192
DEBUG: 2025-05-04 17:41:53: STREAM b'IHDR' 16 13
DEBUG: 2025-05-04 17:41:53: STREAM b'IDAT' 41 8192
DEBUG: 2025-05-04 17:41:53: STREAM b'IHDR' 16 13
DEBUG: 2025-05-04 17:41:53: STREAM b'IDAT' 41 8192
DEBUG: 2025-05-04 17:41:53: STREAM b'IHDR' 16 13
DEBUG: 2025-05-04 17:41:53: STREAM b'IDAT' 41 8192
DEBUG: 2025-05-04 17:41:53: STREAM b'IHDR' 16 13
DEBUG: 2025-05-04 17:41:53: STREAM b'IDAT' 41 8192
DEBUG: 2025-05-04 17:41:54: STREAM b'IHDR' 16 13
DEBUG: 2025-05-04 17:41:54: STREAM b'IDAT' 41 8192
DEBUG: 2025-05-04 17:41:54: STREAM b'IHDR' 16 13
DEBUG: 2025-05-04 17:41:54: STREAM b'IDAT' 41 8192
DEBUG: 2025-05-04 17:41:54: STREAM b'IHDR' 16 13
DEBUG: 2025-05-04 17:41:54: STREAM b'IDAT' 41 8192
DEBUG: 2025-05-04 17:41:54: STREAM b'IHDR' 16 13
DEBUG: 2025-05-04 17:41:54: STREAM b'IDAT' 41 8192
DEBUG: 2025-05-04 17:41:54: STREAM b'IHDR' 16 13
DEBUG: 2025-05-04 17:41:54: STREAM b'IDAT' 41 8192
DEBUG: 2025-05-04 17:41:54: STREAM b'IHDR' 16 13
DEBUG: 2025-05-04 17:41:54: STREAM b'IDAT' 41 8192
DEBUG: 2025-05-04 17:41:54: STREAM b'IHDR' 16 13
DEBUG: 2025-05-04 17:41:54: STREAM b'IDAT' 41 8192
DEBUG: 2025-05-04 17:41:54: STREAM b'IHDR' 16 13
DEBUG: 2025-05-04 17:41:54: STREAM b'IDAT' 41 8192
DEBUG: 2025-05-04 17:41:54: STREAM b'IHDR' 16 13
DEBUG: 2025-05-04 17:41:54: STREAM b'IDAT' 41 8192
DEBUG: 2025-05-04 17:41:54: STREAM b'IHDR' 16 13
DEBUG: 2025-05-04 17:41:54: STREAM b'IDAT' 41 8192
INFO: 2025-05-04 17:41:54: Görüntü yükleniyor: 175/252 (%69.4)
INFO: 2025-05-04 17:41:54: Yükleniyor: ./data/original/rgb//0252.png
DEBUG: 2025-05-04 17:41:54: STREAM b'IHDR' 16 13
DEBUG: 2025-05-04 17:41:54: STREAM b'IDAT' 41 8192
DEBUG: 2025-05-04 17:41:54: STREAM b'IHDR' 16 13
DEBUG: 2025-05-04 17:41:54: STREAM b'IDAT' 41 8192
DEBUG: 2025-05-04 17:41:54: STREAM b'IHDR' 16 13
DEBUG: 2025-05-04 17:41:54: STREAM b'IDAT' 41 8192
DEBUG: 2025-05-04 17:41:54: STREAM b'IHDR' 16 13
DEBUG: 2025-05-04 17:41:54: STREAM b'IDAT' 41 8192
DEBUG: 2025-05-04 17:41:54: STREAM b'IHDR' 16 13
DEBUG: 2025-05-04 17:41:54: STREAM b'IDAT' 41 8192
DEBUG: 2025-05-04 17:41:54: STREAM b'IHDR' 16 13
DEBUG: 2025-05-04 17:41:54: STREAM b'IDAT' 41 8192
DEBUG: 2025-05-04 17:41:54: STREAM b'IHDR' 16 13
DEBUG: 2025-05-04 17:41:54: STREAM b'IDAT' 41 8192
DEBUG: 2025-05-04 17:41:54: STREAM b'IHDR' 16 13
DEBUG: 2025-05-04 17:41:54: STREAM b'IDAT' 41 8192
DEBUG: 2025-05-04 17:41:54: STREAM b'IHDR' 16 13
DEBUG: 2025-05-04 17:41:54: STREAM b'IDAT' 41 8192
DEBUG: 2025-05-04 17:41:54: STREAM b'IHDR' 16 13
DEBUG: 2025-05-04 17:41:54: STREAM b'IDAT' 41 8192
DEBUG: 2025-05-04 17:41:54: STREAM b'IHDR' 16 13
DEBUG: 2025-05-04 17:41:54: STREAM b'IDAT' 41 8192
DEBUG: 2025-05-04 17:41:54: STREAM b'IHDR' 16 13
DEBUG: 2025-05-04 17:41:54: STREAM b'IDAT' 41 8192
DEBUG: 2025-05-04 17:41:54: STREAM b'IHDR' 16 13
DEBUG: 2025-05-04 17:41:54: STREAM b'IDAT' 41 8192
DEBUG: 2025-05-04 17:41:54: STREAM b'IHDR' 16 13
DEBUG: 2025-05-04 17:41:54: STREAM b'IDAT' 41 8192
DEBUG: 2025-05-04 17:41:54: STREAM b'IHDR' 16 13
DEBUG: 2025-05-04 17:41:54: STREAM b'IDAT' 41 8192
DEBUG: 2025-05-04 17:41:54: STREAM b'IHDR' 16 13
DEBUG: 2025-05-04 17:41:54: STREAM b'IDAT' 41 8192
DEBUG: 2025-05-04 17:41:54: STREAM b'IHDR' 16 13
DEBUG: 2025-05-04 17:41:54: STREAM b'IDAT' 41 8192
DEBUG: 2025-05-04 17:41:54: STREAM b'IHDR' 16 13
DEBUG: 2025-05-04 17:41:54: STREAM b'IDAT' 41 8192
DEBUG: 2025-05-04 17:41:54: STREAM b'IHDR' 16 13
DEBUG: 2025-05-04 17:41:54: STREAM b'IDAT' 41 8192
DEBUG: 2025-05-04 17:41:54: STREAM b'IHDR' 16 13
DEBUG: 2025-05-04 17:41:54: STREAM b'IDAT' 41 8192
DEBUG: 2025-05-04 17:41:54: STREAM b'IHDR' 16 13
DEBUG: 2025-05-04 17:41:54: STREAM b'IDAT' 41 8192
DEBUG: 2025-05-04 17:41:54: STREAM b'IHDR' 16 13
DEBUG: 2025-05-04 17:41:54: STREAM b'IDAT' 41 8192
DEBUG: 2025-05-04 17:41:54: STREAM b'IHDR' 16 13
DEBUG: 2025-05-04 17:41:54: STREAM b'IDAT' 41 8192
DEBUG: 2025-05-04 17:41:54: STREAM b'IHDR' 16 13
DEBUG: 2025-05-04 17:41:54: STREAM b'IDAT' 41 8192
DEBUG: 2025-05-04 17:41:54: STREAM b'IHDR' 16 13
DEBUG: 2025-05-04 17:41:54: STREAM b'IDAT' 41 8192
DEBUG: 2025-05-04 17:41:54: STREAM b'IHDR' 16 13
DEBUG: 2025-05-04 17:41:54: STREAM b'IDAT' 41 8192
DEBUG: 2025-05-04 17:41:54: STREAM b'IHDR' 16 13
DEBUG: 2025-05-04 17:41:54: STREAM b'IDAT' 41 8192
DEBUG: 2025-05-04 17:41:54: STREAM b'IHDR' 16 13
DEBUG: 2025-05-04 17:41:54: STREAM b'IDAT' 41 8192
DEBUG: 2025-05-04 17:41:54: STREAM b'IHDR' 16 13
DEBUG: 2025-05-04 17:41:54: STREAM b'IDAT' 41 8192
DEBUG: 2025-05-04 17:41:54: STREAM b'IHDR' 16 13
DEBUG: 2025-05-04 17:41:54: STREAM b'IDAT' 41 8192
DEBUG: 2025-05-04 17:41:54: STREAM b'IHDR' 16 13
DEBUG: 2025-05-04 17:41:54: STREAM b'IDAT' 41 8192
DEBUG: 2025-05-04 17:41:54: STREAM b'IHDR' 16 13
DEBUG: 2025-05-04 17:41:54: STREAM b'IDAT' 41 8192
DEBUG: 2025-05-04 17:41:54: STREAM b'IHDR' 16 13
DEBUG: 2025-05-04 17:41:54: STREAM b'IDAT' 41 8192
DEBUG: 2025-05-04 17:41:54: STREAM b'IHDR' 16 13
DEBUG: 2025-05-04 17:41:54: STREAM b'IDAT' 41 8192
DEBUG: 2025-05-04 17:41:54: STREAM b'IHDR' 16 13
DEBUG: 2025-05-04 17:41:54: STREAM b'IDAT' 41 8192
DEBUG: 2025-05-04 17:41:54: STREAM b'IHDR' 16 13
DEBUG: 2025-05-04 17:41:54: STREAM b'IDAT' 41 8192
DEBUG: 2025-05-04 17:41:54: STREAM b'IHDR' 16 13
DEBUG: 2025-05-04 17:41:54: STREAM b'IDAT' 41 8192
DEBUG: 2025-05-04 17:41:54: STREAM b'IHDR' 16 13
DEBUG: 2025-05-04 17:41:54: STREAM b'IDAT' 41 8192
DEBUG: 2025-05-04 17:41:54: STREAM b'IHDR' 16 13
DEBUG: 2025-05-04 17:41:54: STREAM b'IDAT' 41 8192
DEBUG: 2025-05-04 17:41:54: STREAM b'IHDR' 16 13
DEBUG: 2025-05-04 17:41:54: STREAM b'IDAT' 41 8192
DEBUG: 2025-05-04 17:41:54: STREAM b'IHDR' 16 13
DEBUG: 2025-05-04 17:41:54: STREAM b'IDAT' 41 8192
DEBUG: 2025-05-04 17:41:54: STREAM b'IHDR' 16 13
DEBUG: 2025-05-04 17:41:54: STREAM b'IDAT' 41 8192
DEBUG: 2025-05-04 17:41:54: STREAM b'IHDR' 16 13
DEBUG: 2025-05-04 17:41:54: STREAM b'IDAT' 41 8192
DEBUG: 2025-05-04 17:41:54: STREAM b'IHDR' 16 13
DEBUG: 2025-05-04 17:41:54: STREAM b'IDAT' 41 8192
DEBUG: 2025-05-04 17:41:54: STREAM b'IHDR' 16 13
DEBUG: 2025-05-04 17:41:54: STREAM b'IDAT' 41 8192
DEBUG: 2025-05-04 17:41:54: STREAM b'IHDR' 16 13
DEBUG: 2025-05-04 17:41:54: STREAM b'IDAT' 41 8192
DEBUG: 2025-05-04 17:41:54: STREAM b'IHDR' 16 13
DEBUG: 2025-05-04 17:41:54: STREAM b'IDAT' 41 8192
DEBUG: 2025-05-04 17:41:54: STREAM b'IHDR' 16 13
DEBUG: 2025-05-04 17:41:54: STREAM b'IDAT' 41 8192
DEBUG: 2025-05-04 17:41:54: STREAM b'IHDR' 16 13
DEBUG: 2025-05-04 17:41:54: STREAM b'IDAT' 41 8192
DEBUG: 2025-05-04 17:41:54: STREAM b'IHDR' 16 13
DEBUG: 2025-05-04 17:41:54: STREAM b'IDAT' 41 8192
INFO: 2025-05-04 17:41:54: Görüntü yükleniyor: 200/252 (%79.4)
INFO: 2025-05-04 17:41:54: Yükleniyor: ./data/fakes_1/paper_white/rgb//0075.png
DEBUG: 2025-05-04 17:41:54: STREAM b'IHDR' 16 13
DEBUG: 2025-05-04 17:41:54: STREAM b'IDAT' 41 8192
DEBUG: 2025-05-04 17:41:54: STREAM b'IHDR' 16 13
DEBUG: 2025-05-04 17:41:54: STREAM b'IDAT' 41 8192
DEBUG: 2025-05-04 17:41:54: STREAM b'IHDR' 16 13
DEBUG: 2025-05-04 17:41:54: STREAM b'IDAT' 41 8192
DEBUG: 2025-05-04 17:41:54: STREAM b'IHDR' 16 13
DEBUG: 2025-05-04 17:41:54: STREAM b'IDAT' 41 8192
DEBUG: 2025-05-04 17:41:54: STREAM b'IHDR' 16 13
DEBUG: 2025-05-04 17:41:54: STREAM b'IDAT' 41 8192
DEBUG: 2025-05-04 17:41:54: STREAM b'IHDR' 16 13
DEBUG: 2025-05-04 17:41:54: STREAM b'IDAT' 41 8192
DEBUG: 2025-05-04 17:41:54: STREAM b'IHDR' 16 13
DEBUG: 2025-05-04 17:41:54: STREAM b'IDAT' 41 8192
DEBUG: 2025-05-04 17:41:54: STREAM b'IHDR' 16 13
DEBUG: 2025-05-04 17:41:54: STREAM b'IDAT' 41 8192
DEBUG: 2025-05-04 17:41:54: STREAM b'IHDR' 16 13
DEBUG: 2025-05-04 17:41:54: STREAM b'IDAT' 41 8192
DEBUG: 2025-05-04 17:41:54: STREAM b'IHDR' 16 13
DEBUG: 2025-05-04 17:41:54: STREAM b'IDAT' 41 8192
DEBUG: 2025-05-04 17:41:54: STREAM b'IHDR' 16 13
DEBUG: 2025-05-04 17:41:54: STREAM b'IDAT' 41 8192
DEBUG: 2025-05-04 17:41:54: STREAM b'IHDR' 16 13
DEBUG: 2025-05-04 17:41:54: STREAM b'IDAT' 41 8192
DEBUG: 2025-05-04 17:41:54: STREAM b'IHDR' 16 13
DEBUG: 2025-05-04 17:41:54: STREAM b'IDAT' 41 8192
DEBUG: 2025-05-04 17:41:54: STREAM b'IHDR' 16 13
DEBUG: 2025-05-04 17:41:54: STREAM b'IDAT' 41 8192
DEBUG: 2025-05-04 17:41:54: STREAM b'IHDR' 16 13
DEBUG: 2025-05-04 17:41:54: STREAM b'IDAT' 41 8192
DEBUG: 2025-05-04 17:41:54: STREAM b'IHDR' 16 13
DEBUG: 2025-05-04 17:41:54: STREAM b'IDAT' 41 8192
DEBUG: 2025-05-04 17:41:54: STREAM b'IHDR' 16 13
DEBUG: 2025-05-04 17:41:54: STREAM b'IDAT' 41 8192
DEBUG: 2025-05-04 17:41:54: STREAM b'IHDR' 16 13
DEBUG: 2025-05-04 17:41:54: STREAM b'IDAT' 41 8192
DEBUG: 2025-05-04 17:41:54: STREAM b'IHDR' 16 13
DEBUG: 2025-05-04 17:41:54: STREAM b'IDAT' 41 8192
DEBUG: 2025-05-04 17:41:54: STREAM b'IHDR' 16 13
DEBUG: 2025-05-04 17:41:54: STREAM b'IDAT' 41 8192
DEBUG: 2025-05-04 17:41:54: STREAM b'IHDR' 16 13
DEBUG: 2025-05-04 17:41:54: STREAM b'IDAT' 41 8192
DEBUG: 2025-05-04 17:41:54: STREAM b'IHDR' 16 13
DEBUG: 2025-05-04 17:41:54: STREAM b'IDAT' 41 8192
DEBUG: 2025-05-04 17:41:54: STREAM b'IHDR' 16 13
DEBUG: 2025-05-04 17:41:54: STREAM b'IDAT' 41 8192
DEBUG: 2025-05-04 17:41:54: STREAM b'IHDR' 16 13
DEBUG: 2025-05-04 17:41:54: STREAM b'IDAT' 41 8192
DEBUG: 2025-05-04 17:41:54: STREAM b'IHDR' 16 13
DEBUG: 2025-05-04 17:41:54: STREAM b'IDAT' 41 8192
DEBUG: 2025-05-04 17:41:54: STREAM b'IHDR' 16 13
DEBUG: 2025-05-04 17:41:54: STREAM b'IDAT' 41 8192
DEBUG: 2025-05-04 17:41:54: STREAM b'IHDR' 16 13
DEBUG: 2025-05-04 17:41:54: STREAM b'IDAT' 41 8192
DEBUG: 2025-05-04 17:41:54: STREAM b'IHDR' 16 13
DEBUG: 2025-05-04 17:41:54: STREAM b'IDAT' 41 8192
DEBUG: 2025-05-04 17:41:54: STREAM b'IHDR' 16 13
DEBUG: 2025-05-04 17:41:54: STREAM b'IDAT' 41 8192
DEBUG: 2025-05-04 17:41:54: STREAM b'IHDR' 16 13
DEBUG: 2025-05-04 17:41:54: STREAM b'IDAT' 41 8192
DEBUG: 2025-05-04 17:41:54: STREAM b'IHDR' 16 13
DEBUG: 2025-05-04 17:41:54: STREAM b'IDAT' 41 8192
DEBUG: 2025-05-04 17:41:54: STREAM b'IHDR' 16 13
DEBUG: 2025-05-04 17:41:54: STREAM b'IDAT' 41 8192
DEBUG: 2025-05-04 17:41:54: STREAM b'IHDR' 16 13
DEBUG: 2025-05-04 17:41:54: STREAM b'IDAT' 41 8192
DEBUG: 2025-05-04 17:41:54: STREAM b'IHDR' 16 13
DEBUG: 2025-05-04 17:41:54: STREAM b'IDAT' 41 8192
DEBUG: 2025-05-04 17:41:54: STREAM b'IHDR' 16 13
DEBUG: 2025-05-04 17:41:54: STREAM b'IDAT' 41 8192
DEBUG: 2025-05-04 17:41:54: STREAM b'IHDR' 16 13
DEBUG: 2025-05-04 17:41:54: STREAM b'IDAT' 41 8192
DEBUG: 2025-05-04 17:41:54: STREAM b'IHDR' 16 13
DEBUG: 2025-05-04 17:41:54: STREAM b'IDAT' 41 8192
DEBUG: 2025-05-04 17:41:54: STREAM b'IHDR' 16 13
DEBUG: 2025-05-04 17:41:54: STREAM b'IDAT' 41 8192
DEBUG: 2025-05-04 17:41:54: STREAM b'IHDR' 16 13
DEBUG: 2025-05-04 17:41:54: STREAM b'IDAT' 41 8192
DEBUG: 2025-05-04 17:41:54: STREAM b'IHDR' 16 13
DEBUG: 2025-05-04 17:41:54: STREAM b'IDAT' 41 8192
DEBUG: 2025-05-04 17:41:54: STREAM b'IHDR' 16 13
DEBUG: 2025-05-04 17:41:54: STREAM b'IDAT' 41 8192
DEBUG: 2025-05-04 17:41:54: STREAM b'IHDR' 16 13
DEBUG: 2025-05-04 17:41:54: STREAM b'IDAT' 41 8192
DEBUG: 2025-05-04 17:41:54: STREAM b'IHDR' 16 13
DEBUG: 2025-05-04 17:41:54: STREAM b'IDAT' 41 8192
DEBUG: 2025-05-04 17:41:54: STREAM b'IHDR' 16 13
DEBUG: 2025-05-04 17:41:54: STREAM b'IDAT' 41 8192
DEBUG: 2025-05-04 17:41:54: STREAM b'IHDR' 16 13
DEBUG: 2025-05-04 17:41:54: STREAM b'IDAT' 41 8192
DEBUG: 2025-05-04 17:41:54: STREAM b'IHDR' 16 13
DEBUG: 2025-05-04 17:41:54: STREAM b'IDAT' 41 8192
DEBUG: 2025-05-04 17:41:54: STREAM b'IHDR' 16 13
DEBUG: 2025-05-04 17:41:54: STREAM b'IDAT' 41 8192
DEBUG: 2025-05-04 17:41:54: STREAM b'IHDR' 16 13
DEBUG: 2025-05-04 17:41:54: STREAM b'IDAT' 41 8192
DEBUG: 2025-05-04 17:41:54: STREAM b'IHDR' 16 13
DEBUG: 2025-05-04 17:41:54: STREAM b'IDAT' 41 8192
DEBUG: 2025-05-04 17:41:54: STREAM b'IHDR' 16 13
DEBUG: 2025-05-04 17:41:54: STREAM b'IDAT' 41 8192
INFO: 2025-05-04 17:41:54: Görüntü yükleniyor: 225/252 (%89.3)
INFO: 2025-05-04 17:41:54: Yükleniyor: ./data/original/rgb//0250.png
DEBUG: 2025-05-04 17:41:54: STREAM b'IHDR' 16 13
DEBUG: 2025-05-04 17:41:54: STREAM b'IDAT' 41 8192
DEBUG: 2025-05-04 17:41:54: STREAM b'IHDR' 16 13
DEBUG: 2025-05-04 17:41:54: STREAM b'IDAT' 41 8192
DEBUG: 2025-05-04 17:41:54: STREAM b'IHDR' 16 13
DEBUG: 2025-05-04 17:41:54: STREAM b'IDAT' 41 8192
DEBUG: 2025-05-04 17:41:54: STREAM b'IHDR' 16 13
DEBUG: 2025-05-04 17:41:54: STREAM b'IDAT' 41 8192
DEBUG: 2025-05-04 17:41:54: STREAM b'IHDR' 16 13
DEBUG: 2025-05-04 17:41:54: STREAM b'IDAT' 41 8192
DEBUG: 2025-05-04 17:41:54: STREAM b'IHDR' 16 13
DEBUG: 2025-05-04 17:41:54: STREAM b'IDAT' 41 8192
DEBUG: 2025-05-04 17:41:54: STREAM b'IHDR' 16 13
DEBUG: 2025-05-04 17:41:54: STREAM b'IDAT' 41 8192
DEBUG: 2025-05-04 17:41:54: STREAM b'IHDR' 16 13
DEBUG: 2025-05-04 17:41:54: STREAM b'IDAT' 41 8192
DEBUG: 2025-05-04 17:41:54: STREAM b'IHDR' 16 13
DEBUG: 2025-05-04 17:41:54: STREAM b'IDAT' 41 8192
DEBUG: 2025-05-04 17:41:54: STREAM b'IHDR' 16 13
DEBUG: 2025-05-04 17:41:54: STREAM b'IDAT' 41 8192
DEBUG: 2025-05-04 17:41:54: STREAM b'IHDR' 16 13
DEBUG: 2025-05-04 17:41:54: STREAM b'IDAT' 41 8192
DEBUG: 2025-05-04 17:41:54: STREAM b'IHDR' 16 13
DEBUG: 2025-05-04 17:41:54: STREAM b'IDAT' 41 8192
DEBUG: 2025-05-04 17:41:54: STREAM b'IHDR' 16 13
DEBUG: 2025-05-04 17:41:54: STREAM b'IDAT' 41 8192
DEBUG: 2025-05-04 17:41:54: STREAM b'IHDR' 16 13
DEBUG: 2025-05-04 17:41:54: STREAM b'IDAT' 41 8192
DEBUG: 2025-05-04 17:41:54: STREAM b'IHDR' 16 13
DEBUG: 2025-05-04 17:41:54: STREAM b'IDAT' 41 8192
DEBUG: 2025-05-04 17:41:54: STREAM b'IHDR' 16 13
DEBUG: 2025-05-04 17:41:54: STREAM b'IDAT' 41 8192
DEBUG: 2025-05-04 17:41:54: STREAM b'IHDR' 16 13
DEBUG: 2025-05-04 17:41:54: STREAM b'IDAT' 41 8192
DEBUG: 2025-05-04 17:41:54: STREAM b'IHDR' 16 13
DEBUG: 2025-05-04 17:41:54: STREAM b'IDAT' 41 8192
DEBUG: 2025-05-04 17:41:54: STREAM b'IHDR' 16 13
DEBUG: 2025-05-04 17:41:54: STREAM b'IDAT' 41 8192
DEBUG: 2025-05-04 17:41:54: STREAM b'IHDR' 16 13
DEBUG: 2025-05-04 17:41:54: STREAM b'IDAT' 41 8192
DEBUG: 2025-05-04 17:41:54: STREAM b'IHDR' 16 13
DEBUG: 2025-05-04 17:41:54: STREAM b'IDAT' 41 8192
DEBUG: 2025-05-04 17:41:54: STREAM b'IHDR' 16 13
DEBUG: 2025-05-04 17:41:54: STREAM b'IDAT' 41 8192
DEBUG: 2025-05-04 17:41:54: STREAM b'IHDR' 16 13
DEBUG: 2025-05-04 17:41:54: STREAM b'IDAT' 41 8192
DEBUG: 2025-05-04 17:41:54: STREAM b'IHDR' 16 13
DEBUG: 2025-05-04 17:41:54: STREAM b'IDAT' 41 8192
DEBUG: 2025-05-04 17:41:54: STREAM b'IHDR' 16 13
DEBUG: 2025-05-04 17:41:54: STREAM b'IDAT' 41 8192
DEBUG: 2025-05-04 17:41:54: STREAM b'IHDR' 16 13
DEBUG: 2025-05-04 17:41:54: STREAM b'IDAT' 41 8192
DEBUG: 2025-05-04 17:41:54: STREAM b'IHDR' 16 13
DEBUG: 2025-05-04 17:41:54: STREAM b'IDAT' 41 8192
DEBUG: 2025-05-04 17:41:54: STREAM b'IHDR' 16 13
DEBUG: 2025-05-04 17:41:54: STREAM b'IDAT' 41 8192
DEBUG: 2025-05-04 17:41:54: STREAM b'IHDR' 16 13
DEBUG: 2025-05-04 17:41:54: STREAM b'IDAT' 41 8192
DEBUG: 2025-05-04 17:41:54: STREAM b'IHDR' 16 13
DEBUG: 2025-05-04 17:41:54: STREAM b'IDAT' 41 8192
DEBUG: 2025-05-04 17:41:54: STREAM b'IHDR' 16 13
DEBUG: 2025-05-04 17:41:54: STREAM b'IDAT' 41 8192
DEBUG: 2025-05-04 17:41:54: STREAM b'IHDR' 16 13
DEBUG: 2025-05-04 17:41:54: STREAM b'IDAT' 41 8192
DEBUG: 2025-05-04 17:41:54: STREAM b'IHDR' 16 13
DEBUG: 2025-05-04 17:41:54: STREAM b'IDAT' 41 8192
DEBUG: 2025-05-04 17:41:54: STREAM b'IHDR' 16 13
DEBUG: 2025-05-04 17:41:54: STREAM b'IDAT' 41 8192
DEBUG: 2025-05-04 17:41:54: STREAM b'IHDR' 16 13
DEBUG: 2025-05-04 17:41:54: STREAM b'IDAT' 41 8192
DEBUG: 2025-05-04 17:41:54: STREAM b'IHDR' 16 13
DEBUG: 2025-05-04 17:41:54: STREAM b'IDAT' 41 8192
DEBUG: 2025-05-04 17:41:54: STREAM b'IHDR' 16 13
DEBUG: 2025-05-04 17:41:54: STREAM b'IDAT' 41 8192
DEBUG: 2025-05-04 17:41:54: STREAM b'IHDR' 16 13
DEBUG: 2025-05-04 17:41:54: STREAM b'IDAT' 41 8192
DEBUG: 2025-05-04 17:41:54: STREAM b'IHDR' 16 13
DEBUG: 2025-05-04 17:41:54: STREAM b'IDAT' 41 8192
DEBUG: 2025-05-04 17:41:54: STREAM b'IHDR' 16 13
DEBUG: 2025-05-04 17:41:54: STREAM b'IDAT' 41 8192
DEBUG: 2025-05-04 17:41:54: STREAM b'IHDR' 16 13
DEBUG: 2025-05-04 17:41:54: STREAM b'IDAT' 41 8192
DEBUG: 2025-05-04 17:41:54: STREAM b'IHDR' 16 13
DEBUG: 2025-05-04 17:41:54: STREAM b'IDAT' 41 8192
DEBUG: 2025-05-04 17:41:54: STREAM b'IHDR' 16 13
DEBUG: 2025-05-04 17:41:54: STREAM b'IDAT' 41 8192
DEBUG: 2025-05-04 17:41:54: STREAM b'IHDR' 16 13
DEBUG: 2025-05-04 17:41:54: STREAM b'IDAT' 41 8192
DEBUG: 2025-05-04 17:41:54: STREAM b'IHDR' 16 13
DEBUG: 2025-05-04 17:41:54: STREAM b'IDAT' 41 8192
DEBUG: 2025-05-04 17:41:54: STREAM b'IHDR' 16 13
DEBUG: 2025-05-04 17:41:54: STREAM b'IDAT' 41 8192
DEBUG: 2025-05-04 17:41:54: STREAM b'IHDR' 16 13
DEBUG: 2025-05-04 17:41:54: STREAM b'IDAT' 41 8192
DEBUG: 2025-05-04 17:41:54: STREAM b'IHDR' 16 13
DEBUG: 2025-05-04 17:41:54: STREAM b'IDAT' 41 8192
DEBUG: 2025-05-04 17:41:54: STREAM b'IHDR' 16 13
DEBUG: 2025-05-04 17:41:54: STREAM b'IDAT' 41 8192
DEBUG: 2025-05-04 17:41:54: STREAM b'IHDR' 16 13
DEBUG: 2025-05-04 17:41:54: STREAM b'IDAT' 41 8192
INFO: 2025-05-04 17:41:54: Görüntü yükleniyor: 250/252 (%99.2)
INFO: 2025-05-04 17:41:54: Yükleniyor: ./data/fakes_1/paper_white/rgb//0139.png
DEBUG: 2025-05-04 17:41:54: STREAM b'IHDR' 16 13
DEBUG: 2025-05-04 17:41:54: STREAM b'IDAT' 41 8192
DEBUG: 2025-05-04 17:41:54: STREAM b'IHDR' 16 13
DEBUG: 2025-05-04 17:41:54: STREAM b'IDAT' 41 8192
DEBUG: 2025-05-04 17:41:54: STREAM b'IHDR' 16 13
DEBUG: 2025-05-04 17:41:54: STREAM b'IDAT' 41 8192
DEBUG: 2025-05-04 17:41:54: STREAM b'IHDR' 16 13
DEBUG: 2025-05-04 17:41:54: STREAM b'IDAT' 41 8192
DEBUG: 2025-05-04 17:41:54: STREAM b'IHDR' 16 13
DEBUG: 2025-05-04 17:41:54: STREAM b'IDAT' 41 8192
DEBUG: 2025-05-04 17:41:54: STREAM b'IHDR' 16 13
DEBUG: 2025-05-04 17:41:54: STREAM b'IDAT' 41 8192
INFO: 2025-05-04 17:41:54: Tüm görüntüler yüklendi. Toplam: 252
INFO: 2025-05-04 17:41:54: __loadImages tamamlandı
INFO: 2025-05-04 17:41:55: Eğitim verileri yüklendi. Veri boyutu: 252
INFO: 2025-05-04 17:41:55: __loadData tamamlandı
INFO: 2025-05-04 17:41:55: Veri yüklendi. Veri boyutu: 252
INFO: 2025-05-04 17:41:55: Reshape işlemi başlıyor, hedef boyut: [330, 330, 3]
INFO: 2025-05-04 17:41:55: Reshape sonrası veri boyutu: (252, 330, 330, 3)
INFO: 2025-05-04 17:41:55: ImageDataGenerator oluşturuluyor...
INFO: 2025-05-04 17:41:55: Veri akışı oluşturuluyor. Type: train
INFO: 2025-05-04 17:41:55: Eğitim için batch sayısı: 2, batch size: 128
INFO: 2025-05-04 17:41:55: ClassifierDataLoader.initDataSet tamamlandı
INFO: 2025-05-04 17:41:55: DataGenTrain.initDataSet() tamamlandı
INFO: 2025-05-04 17:41:55: EstimationModel
Model: "Classifier"
┏━━━━━━━━━━━━━━━━━━━━━━━━━━━━━━━━━┳━━━━━━━━━━━━━━━━━━━━━━━━┳━━━━━━━━━━━━━━━┓
┃ Layer (type)                    ┃ Output Shape           ┃       Param # ┃
┡━━━━━━━━━━━━━━━━━━━━━━━━━━━━━━━━━╇━━━━━━━━━━━━━━━━━━━━━━━━╇━━━━━━━━━━━━━━━┩
│ input_layer (InputLayer)        │ (None, 330, 330, 3)    │             0 │
├─────────────────────────────────┼────────────────────────┼───────────────┤
│ conv2d (Conv2D)                 │ (None, 326, 326, 32)   │         2,432 │
├─────────────────────────────────┼────────────────────────┼───────────────┤
│ max_pooling2d (MaxPooling2D)    │ (None, 108, 108, 32)   │             0 │
├─────────────────────────────────┼────────────────────────┼───────────────┤
│ conv2d_1 (Conv2D)               │ (None, 104, 104, 16)   │        12,816 │
├─────────────────────────────────┼────────────────────────┼───────────────┤
│ max_pooling2d_1 (MaxPooling2D)  │ (None, 34, 34, 16)     │             0 │
├─────────────────────────────────┼────────────────────────┼───────────────┤
│ conv2d_2 (Conv2D)               │ (None, 30, 30, 8)      │         3,208 │
├─────────────────────────────────┼────────────────────────┼───────────────┤
│ max_pooling2d_2 (MaxPooling2D)  │ (None, 10, 10, 8)      │             0 │
├─────────────────────────────────┼────────────────────────┼───────────────┤
│ flatten (Flatten)               │ (None, 800)            │             0 │
├─────────────────────────────────┼────────────────────────┼───────────────┤
│ dense (Dense)                   │ (None, 512)            │       410,112 │
├─────────────────────────────────┼────────────────────────┼───────────────┤
│ re_lu (ReLU)                    │ (None, 512)            │             0 │
├─────────────────────────────────┼────────────────────────┼───────────────┤
│ dense_1 (Dense)                 │ (None, 128)            │        65,664 │
├─────────────────────────────────┼────────────────────────┼───────────────┤
│ re_lu_1 (ReLU)                  │ (None, 128)            │             0 │
├─────────────────────────────────┼────────────────────────┼───────────────┤
│ dense_2 (Dense)                 │ (None, 64)             │         8,256 │
├─────────────────────────────────┼────────────────────────┼───────────────┤
│ re_lu_2 (ReLU)                  │ (None, 64)             │             0 │
├─────────────────────────────────┼────────────────────────┼───────────────┤
│ dense_3 (Dense)                 │ (None, 16)             │         1,040 │
├─────────────────────────────────┼────────────────────────┼───────────────┤
│ re_lu_3 (ReLU)                  │ (None, 16)             │             0 │
├─────────────────────────────────┼────────────────────────┼───────────────┤
│ dense_4 (Dense)                 │ (None, 2)              │            34 │
├─────────────────────────────────┼────────────────────────┼───────────────┤
│ softmax (Softmax)               │ (None, 2)              │             0 │
└─────────────────────────────────┴────────────────────────┴───────────────┘
 Total params: 503,562 (1.92 MB)
 Trainable params: 503,562 (1.92 MB)
 Non-trainable params: 0 (0.00 B)
INFO: 2025-05-04 17:41:55: Veri kümesi bilgisi: 2 batch, batch_size=128
INFO: 2025-05-04 17:41:55: Toplam eğitim örneği: 256
INFO: 2025-05-04 17:41:55: --- EPOCH 1/5 BAŞLIYOR ---
INFO: 2025-05-04 17:41:55: Epoch 1 için 2 batch işlenecek
INFO: 2025-05-04 17:41:55: Batch 1 işleniyor, boyut: (128, 330, 330, 3)
/Users/melihcesur/.pyenv/versions/3.9.18/lib/python3.9/site-packages/keras/src/models/functional.py:238: UserWarning: The structure of `inputs` doesn't match the expected structure.
Expected: ['keras_tensor']
Received: inputs=Tensor(shape=(128, 330, 330, 3))
  warnings.warn(msg)
INFO: 2025-05-04 17:42:00: Epoch 1/5 |███████████████---------------| 50.0% İşlendi: 1/2, Loss: 0.693338
INFO: 2025-05-04 17:42:00: Batch 1/2, Loss: 0.693338, Avg Loss: 0.693338
INFO: 2025-05-04 17:42:00: Batch süresi: 5.63s, Tahmini kalan süre (epoch): 5.68s
INFO: 2025-05-04 17:42:01: Batch 2 işleniyor, boyut: (124, 330, 330, 3)
/Users/melihcesur/.pyenv/versions/3.9.18/lib/python3.9/site-packages/keras/src/models/functional.py:238: UserWarning: The structure of `inputs` doesn't match the expected structure.
Expected: ['keras_tensor']
Received: inputs=Tensor(shape=(None, 330, 330, 3))
  warnings.warn(msg)
INFO: 2025-05-04 17:42:05: Epoch 1/5 |██████████████████████████████| 100.0% İşlendi: 2/2, Loss: 0.694347
INFO: 2025-05-04 17:42:05: 
INFO: 2025-05-04 17:42:05: Batch 2/2, Loss: 0.694347, Avg Loss: 0.694347
INFO: 2025-05-04 17:42:05: Batch süresi: 4.70s, Tahmini kalan süre (epoch): 0.00s
INFO: 2025-05-04 17:42:05: EPOCH 1 TAMAMLANDI: Ortalama Loss = 0.693843
INFO: 2025-05-04 17:42:05: Epoch süresi: 10.44 saniye
INFO: 2025-05-04 17:42:05: Model ağırlıkları kaydediliyor: checkpoints/rgb_supervised_classifier_n_2_simple/Classifier_epoch_1
Traceback (most recent call last):
  File "/Users/melihcesur/Documents/GitHub/Mobile-authentication-of-CDP/train_simple.py", line 248, in <module>
    train_simple() 
  File "/Users/melihcesur/Documents/GitHub/Mobile-authentication-of-CDP/train_simple.py", line 228, in train_simple
    Classifier.save_weights(save_path)
  File "/Users/melihcesur/.pyenv/versions/3.9.18/lib/python3.9/site-packages/keras/src/utils/traceback_utils.py", line 122, in error_handler
    raise e.with_traceback(filtered_tb) from None
  File "/Users/melihcesur/.pyenv/versions/3.9.18/lib/python3.9/site-packages/keras/src/saving/saving_api.py", line 224, in save_weights
    raise ValueError(
ValueError: The filename must end in `.weights.h5`. Received: filepath=checkpoints/rgb_supervised_classifier_n_2_simple/Classifier_epoch_1
